[01-Jul-2025 18:28:43 UTC] Clase Ajax instanciada: Modulo_Ventas_Ajax
[01-Jul-2025 18:28:43 UTC] Método existe: SI
[01-Jul-2025 18:28:50 UTC] Clase Ajax instanciada: Modulo_Ventas_Ajax
[01-Jul-2025 18:28:51 UTC] Método existe: SI
[01-Jul-2025 18:28:51 UTC] === GENERANDO ENLACE ELIMINAR ===
[01-Jul-2025 18:28:51 UTC] ID cliente: 11
[01-Jul-2025 18:28:51 UTC] Acción nonce: eliminar_cliente_11
[01-Jul-2025 18:28:51 UTC] URL generada: http://localhost/gestion-almacenes-bolt/wp-admin/admin.php?page=modulo-ventas-clientes&amp;action=delete&amp;id=11&amp;_wpnonce=7ba61195cf
[01-Jul-2025 18:28:51 UTC] === GENERANDO ENLACE ELIMINAR ===
[01-Jul-2025 18:28:51 UTC] ID cliente: 12
[01-Jul-2025 18:28:51 UTC] Acción nonce: eliminar_cliente_12
[01-Jul-2025 18:28:51 UTC] URL generada: http://localhost/gestion-almacenes-bolt/wp-admin/admin.php?page=modulo-ventas-clientes&amp;action=delete&amp;id=12&amp;_wpnonce=db71385ee9
[01-Jul-2025 18:28:51 UTC] === GENERANDO ENLACE ELIMINAR ===
[01-Jul-2025 18:28:51 UTC] ID cliente: 7
[01-Jul-2025 18:28:51 UTC] Acción nonce: eliminar_cliente_7
[01-Jul-2025 18:28:51 UTC] URL generada: http://localhost/gestion-almacenes-bolt/wp-admin/admin.php?page=modulo-ventas-clientes&amp;action=delete&amp;id=7&amp;_wpnonce=8efcd06e0b
[01-Jul-2025 18:28:51 UTC] === GENERANDO ENLACE ELIMINAR ===
[01-Jul-2025 18:28:51 UTC] ID cliente: 15
[01-Jul-2025 18:28:51 UTC] Acción nonce: eliminar_cliente_15
[01-Jul-2025 18:28:51 UTC] URL generada: http://localhost/gestion-almacenes-bolt/wp-admin/admin.php?page=modulo-ventas-clientes&amp;action=delete&amp;id=15&amp;_wpnonce=fe832806fb
[01-Jul-2025 18:28:51 UTC] === GENERANDO ENLACE ELIMINAR ===
[01-Jul-2025 18:28:51 UTC] ID cliente: 1
[01-Jul-2025 18:28:51 UTC] Acción nonce: eliminar_cliente_1
[01-Jul-2025 18:28:51 UTC] URL generada: http://localhost/gestion-almacenes-bolt/wp-admin/admin.php?page=modulo-ventas-clientes&amp;action=delete&amp;id=1&amp;_wpnonce=e2c9aff65d
[01-Jul-2025 18:28:51 UTC] === GENERANDO ENLACE ELIMINAR ===
[01-Jul-2025 18:28:51 UTC] ID cliente: 6
[01-Jul-2025 18:28:51 UTC] Acción nonce: eliminar_cliente_6
[01-Jul-2025 18:28:51 UTC] URL generada: http://localhost/gestion-almacenes-bolt/wp-admin/admin.php?page=modulo-ventas-clientes&amp;action=delete&amp;id=6&amp;_wpnonce=24e0bcaa0e
[01-Jul-2025 18:28:51 UTC] === GENERANDO ENLACE ELIMINAR ===
[01-Jul-2025 18:28:51 UTC] ID cliente: 3
[01-Jul-2025 18:28:51 UTC] Acción nonce: eliminar_cliente_3
[01-Jul-2025 18:28:51 UTC] URL generada: http://localhost/gestion-almacenes-bolt/wp-admin/admin.php?page=modulo-ventas-clientes&amp;action=delete&amp;id=3&amp;_wpnonce=3be3221864
[01-Jul-2025 18:28:51 UTC] === GENERANDO ENLACE ELIMINAR ===
[01-Jul-2025 18:28:51 UTC] ID cliente: 4
[01-Jul-2025 18:28:51 UTC] Acción nonce: eliminar_cliente_4
[01-Jul-2025 18:28:51 UTC] URL generada: http://localhost/gestion-almacenes-bolt/wp-admin/admin.php?page=modulo-ventas-clientes&amp;action=delete&amp;id=4&amp;_wpnonce=8a77f58c48
[01-Jul-2025 18:28:51 UTC] === GENERANDO ENLACE ELIMINAR ===
[01-Jul-2025 18:28:51 UTC] ID cliente: 22
[01-Jul-2025 18:28:51 UTC] Acción nonce: eliminar_cliente_22
[01-Jul-2025 18:28:51 UTC] URL generada: http://localhost/gestion-almacenes-bolt/wp-admin/admin.php?page=modulo-ventas-clientes&amp;action=delete&amp;id=22&amp;_wpnonce=4308734c7a
[01-Jul-2025 18:28:51 UTC] === GENERANDO ENLACE ELIMINAR ===
[01-Jul-2025 18:28:51 UTC] ID cliente: 17
[01-Jul-2025 18:28:51 UTC] Acción nonce: eliminar_cliente_17
[01-Jul-2025 18:28:51 UTC] URL generada: http://localhost/gestion-almacenes-bolt/wp-admin/admin.php?page=modulo-ventas-clientes&amp;action=delete&amp;id=17&amp;_wpnonce=f16fe6f38d
[01-Jul-2025 18:28:51 UTC] === GENERANDO ENLACE ELIMINAR ===
[01-Jul-2025 18:28:51 UTC] ID cliente: 19
[01-Jul-2025 18:28:51 UTC] Acción nonce: eliminar_cliente_19
[01-Jul-2025 18:28:51 UTC] URL generada: http://localhost/gestion-almacenes-bolt/wp-admin/admin.php?page=modulo-ventas-clientes&amp;action=delete&amp;id=19&amp;_wpnonce=a1487ae6d8
[01-Jul-2025 18:28:51 UTC] === GENERANDO ENLACE ELIMINAR ===
[01-Jul-2025 18:28:51 UTC] ID cliente: 21
[01-Jul-2025 18:28:51 UTC] Acción nonce: eliminar_cliente_21
[01-Jul-2025 18:28:51 UTC] URL generada: http://localhost/gestion-almacenes-bolt/wp-admin/admin.php?page=modulo-ventas-clientes&amp;action=delete&amp;id=21&amp;_wpnonce=2e77b9f75e
[01-Jul-2025 18:28:51 UTC] === GENERANDO ENLACE ELIMINAR ===
[01-Jul-2025 18:28:51 UTC] ID cliente: 20
[01-Jul-2025 18:28:51 UTC] Acción nonce: eliminar_cliente_20
[01-Jul-2025 18:28:51 UTC] URL generada: http://localhost/gestion-almacenes-bolt/wp-admin/admin.php?page=modulo-ventas-clientes&amp;action=delete&amp;id=20&amp;_wpnonce=8be17657dd
[01-Jul-2025 18:28:56 UTC] Clase Ajax instanciada: Modulo_Ventas_Ajax
[01-Jul-2025 18:28:56 UTC] Método existe: SI
[01-Jul-2025 18:29:05 UTC] Clase Ajax instanciada: Modulo_Ventas_Ajax
[01-Jul-2025 18:29:05 UTC] Método existe: SI
[01-Jul-2025 18:29:59 UTC] Clase Ajax instanciada: Modulo_Ventas_Ajax
[01-Jul-2025 18:29:59 UTC] Método existe: SI
