[00:00:05] [DEBUG] Archivo db.php cargado.
[00:00:05] [DEBUG] Archivo db.php cargado.
[00:00:05] [DEBUG] Iniciando procesamiento de formulario de cotización
[00:00:05] [DEBUG] POST data recibida: Array
(
    [interval] => 60
    [_nonce] => 756bb7bccc
    [action] => heartbeat
    [screen_id] => ventas_page_ventas-nueva-cotizacion
    [has_focus] => false
)

[00:02:06] [DEBUG] Archivo db.php cargado.
[00:02:06] [DEBUG] Archivo db.php cargado.
[00:02:06] [DEBUG] Iniciando procesamiento de formulario de cotización
[00:02:06] [DEBUG] POST data recibida: Array
(
    [interval] => 60
    [_nonce] => 756bb7bccc
    [action] => heartbeat
    [screen_id] => ventas_page_ventas-nueva-cotizacion
    [has_focus] => false
)

[00:04:07] [DEBUG] Archivo db.php cargado.
[00:04:07] [DEBUG] Archivo db.php cargado.
[00:04:08] [DEBUG] Iniciando procesamiento de formulario de cotización
[00:04:08] [DEBUG] POST data recibida: Array
(
    [interval] => 60
    [_nonce] => 756bb7bccc
    [action] => heartbeat
    [screen_id] => ventas_page_ventas-nueva-cotizacion
    [has_focus] => false
)

[00:06:08] [DEBUG] Archivo db.php cargado.
[00:06:14] [DEBUG] Archivo db.php cargado.
[00:06:14] [DEBUG] Iniciando procesamiento de formulario de cotización
[00:06:14] [DEBUG] POST data recibida: Array
(
    [interval] => 60
    [_nonce] => 756bb7bccc
    [action] => heartbeat
    [screen_id] => ventas_page_ventas-nueva-cotizacion
    [has_focus] => false
)

[00:08:09] [DEBUG] Archivo db.php cargado.
[00:08:09] [DEBUG] Archivo db.php cargado.
[00:08:10] [DEBUG] Iniciando procesamiento de formulario de cotización
[00:08:10] [DEBUG] POST data recibida: Array
(
    [interval] => 60
    [_nonce] => 756bb7bccc
    [action] => heartbeat
    [screen_id] => ventas_page_ventas-nueva-cotizacion
    [has_focus] => false
)

[00:10:10] [DEBUG] Archivo db.php cargado.
[00:10:11] [DEBUG] Archivo db.php cargado.
[00:10:11] [DEBUG] Iniciando procesamiento de formulario de cotización
[00:10:11] [DEBUG] POST data recibida: Array
(
    [interval] => 60
    [_nonce] => 756bb7bccc
    [action] => heartbeat
    [screen_id] => ventas_page_ventas-nueva-cotizacion
    [has_focus] => false
)

[00:12:11] [DEBUG] Archivo db.php cargado.
[00:12:12] [DEBUG] Archivo db.php cargado.
[00:12:13] [DEBUG] Iniciando procesamiento de formulario de cotización
[00:12:13] [DEBUG] POST data recibida: Array
(
    [interval] => 60
    [_nonce] => 756bb7bccc
    [action] => heartbeat
    [screen_id] => ventas_page_ventas-nueva-cotizacion
    [has_focus] => false
)

[00:14:12] [DEBUG] Archivo db.php cargado.
[00:14:12] [DEBUG] Archivo db.php cargado.
[00:14:13] [DEBUG] Iniciando procesamiento de formulario de cotización
[00:14:13] [DEBUG] POST data recibida: Array
(
    [interval] => 60
    [_nonce] => 756bb7bccc
    [action] => heartbeat
    [screen_id] => ventas_page_ventas-nueva-cotizacion
    [has_focus] => false
)

[00:16:13] [DEBUG] Archivo db.php cargado.
[00:16:14] [DEBUG] Archivo db.php cargado.
[00:16:15] [DEBUG] Iniciando procesamiento de formulario de cotización
[00:16:15] [DEBUG] POST data recibida: Array
(
    [interval] => 60
    [_nonce] => 756bb7bccc
    [action] => heartbeat
    [screen_id] => ventas_page_ventas-nueva-cotizacion
    [has_focus] => false
)

[00:18:14] [DEBUG] Archivo db.php cargado.
[00:18:14] [DEBUG] Archivo db.php cargado.
[00:18:15] [DEBUG] Iniciando procesamiento de formulario de cotización
[00:18:15] [DEBUG] POST data recibida: Array
(
    [interval] => 60
    [_nonce] => 756bb7bccc
    [action] => heartbeat
    [screen_id] => ventas_page_ventas-nueva-cotizacion
    [has_focus] => false
)

[00:20:15] [DEBUG] Archivo db.php cargado.
[00:20:15] [DEBUG] Archivo db.php cargado.
[00:20:16] [DEBUG] Iniciando procesamiento de formulario de cotización
[00:20:16] [DEBUG] POST data recibida: Array
(
    [interval] => 60
    [_nonce] => 756bb7bccc
    [action] => heartbeat
    [screen_id] => ventas_page_ventas-nueva-cotizacion
    [has_focus] => false
)

[00:22:16] [DEBUG] Archivo db.php cargado.
[00:22:16] [DEBUG] Archivo db.php cargado.
[00:22:17] [DEBUG] Iniciando procesamiento de formulario de cotización
[00:22:17] [DEBUG] POST data recibida: Array
(
    [interval] => 60
    [_nonce] => 756bb7bccc
    [action] => heartbeat
    [screen_id] => ventas_page_ventas-nueva-cotizacion
    [has_focus] => false
)

[00:24:17] [DEBUG] Archivo db.php cargado.
[00:24:17] [DEBUG] Archivo db.php cargado.
[00:24:18] [DEBUG] Iniciando procesamiento de formulario de cotización
[00:24:18] [DEBUG] POST data recibida: Array
(
    [interval] => 60
    [_nonce] => 756bb7bccc
    [action] => heartbeat
    [screen_id] => ventas_page_ventas-nueva-cotizacion
    [has_focus] => false
)

[00:26:18] [DEBUG] Archivo db.php cargado.
[00:26:18] [DEBUG] Archivo db.php cargado.
[00:26:19] [DEBUG] Iniciando procesamiento de formulario de cotización
[00:26:19] [DEBUG] POST data recibida: Array
(
    [interval] => 60
    [_nonce] => 756bb7bccc
    [action] => heartbeat
    [screen_id] => ventas_page_ventas-nueva-cotizacion
    [has_focus] => false
)

[00:28:18] [DEBUG] Archivo db.php cargado.
[00:28:19] [DEBUG] Archivo db.php cargado.
[00:28:19] [DEBUG] Iniciando procesamiento de formulario de cotización
[00:28:19] [DEBUG] POST data recibida: Array
(
    [interval] => 60
    [_nonce] => 756bb7bccc
    [action] => heartbeat
    [screen_id] => ventas_page_ventas-nueva-cotizacion
    [has_focus] => false
)

[00:30:20] [DEBUG] Archivo db.php cargado.
[00:30:20] [DEBUG] Archivo db.php cargado.
[00:30:21] [DEBUG] Iniciando procesamiento de formulario de cotización
[00:30:21] [DEBUG] POST data recibida: Array
(
    [interval] => 60
    [_nonce] => 756bb7bccc
    [action] => heartbeat
    [screen_id] => ventas_page_ventas-nueva-cotizacion
    [has_focus] => false
)

[00:32:21] [DEBUG] Archivo db.php cargado.
[00:32:21] [DEBUG] Archivo db.php cargado.
[00:32:21] [DEBUG] Iniciando procesamiento de formulario de cotización
[00:32:21] [DEBUG] POST data recibida: Array
(
    [interval] => 60
    [_nonce] => 756bb7bccc
    [action] => heartbeat
    [screen_id] => ventas_page_ventas-nueva-cotizacion
    [has_focus] => false
)

[00:34:22] [DEBUG] Archivo db.php cargado.
[00:34:22] [DEBUG] Archivo db.php cargado.
[00:34:22] [DEBUG] Iniciando procesamiento de formulario de cotización
[00:34:22] [DEBUG] POST data recibida: Array
(
    [interval] => 60
    [_nonce] => 756bb7bccc
    [action] => heartbeat
    [screen_id] => ventas_page_ventas-nueva-cotizacion
    [has_focus] => false
)

[00:36:22] [DEBUG] Archivo db.php cargado.
[00:36:23] [DEBUG] Archivo db.php cargado.
[00:36:23] [DEBUG] Iniciando procesamiento de formulario de cotización
[00:36:23] [DEBUG] POST data recibida: Array
(
    [interval] => 60
    [_nonce] => 756bb7bccc
    [action] => heartbeat
    [screen_id] => ventas_page_ventas-nueva-cotizacion
    [has_focus] => false
)

[00:38:23] [DEBUG] Archivo db.php cargado.
[00:38:24] [DEBUG] Archivo db.php cargado.
[00:38:24] [DEBUG] Iniciando procesamiento de formulario de cotización
[00:38:24] [DEBUG] POST data recibida: Array
(
    [interval] => 60
    [_nonce] => 756bb7bccc
    [action] => heartbeat
    [screen_id] => ventas_page_ventas-nueva-cotizacion
    [has_focus] => false
)

[00:40:24] [DEBUG] Archivo db.php cargado.
[00:40:25] [DEBUG] Archivo db.php cargado.
[00:40:25] [DEBUG] Iniciando procesamiento de formulario de cotización
[00:40:25] [DEBUG] POST data recibida: Array
(
    [interval] => 60
    [_nonce] => 756bb7bccc
    [action] => heartbeat
    [screen_id] => ventas_page_ventas-nueva-cotizacion
    [has_focus] => false
)

[00:42:25] [DEBUG] Archivo db.php cargado.
[00:42:26] [DEBUG] Archivo db.php cargado.
[00:42:26] [DEBUG] Iniciando procesamiento de formulario de cotización
[00:42:26] [DEBUG] POST data recibida: Array
(
    [interval] => 60
    [_nonce] => 756bb7bccc
    [action] => heartbeat
    [screen_id] => ventas_page_ventas-nueva-cotizacion
    [has_focus] => false
)

[00:44:27] [DEBUG] Archivo db.php cargado.
[00:44:27] [DEBUG] Archivo db.php cargado.
[00:44:28] [DEBUG] Iniciando procesamiento de formulario de cotización
[00:44:28] [DEBUG] POST data recibida: Array
(
    [interval] => 60
    [_nonce] => 756bb7bccc
    [action] => heartbeat
    [screen_id] => ventas_page_ventas-nueva-cotizacion
    [has_focus] => false
)

[00:46:27] [DEBUG] Archivo db.php cargado.
[00:46:28] [DEBUG] Archivo db.php cargado.
[00:46:28] [DEBUG] Iniciando procesamiento de formulario de cotización
[00:46:28] [DEBUG] POST data recibida: Array
(
    [interval] => 60
    [_nonce] => 756bb7bccc
    [action] => heartbeat
    [screen_id] => ventas_page_ventas-nueva-cotizacion
    [has_focus] => false
)

[00:46:53] [DEBUG] Archivo db.php cargado.
[00:46:53] [DEBUG] Iniciando procesamiento de formulario de cotización
[00:47:03] [DEBUG] Archivo db.php cargado.
[00:47:05] [DEBUG] Archivo db.php cargado.
[00:47:07] [DEBUG] Archivo db.php cargado.
[00:47:08] [DEBUG] Iniciando procesamiento de formulario de cotización
