[2025-06-29 19:34:09] INFO: Cliente creado: Cristiano Ronaldo (ID: 15) | Usuario: hostpanish (ID: 1) | IP: ::1
[2025-06-29 20:09:22] INFO: Cliente eliminado: ID 14 | Usuario: hostpanish (ID: 1) | IP: ::1
[2025-06-29 20:26:13] INFO: Cliente eliminado: ID 13 | Usuario: hostpanish (ID: 1) | IP: ::1
[2025-06-29 20:29:03] INFO: Cliente creado: Josue Israel (ID: 16) | Usuario: hostpanish (ID: 1) | IP: ::1
[2025-06-29 21:22:33] INFO: Cliente creado: Maritza del Carmén (ID: 17) | Usuario: hostpanish (ID: 1) | IP: ::1
[2025-06-29 21:22:33] INFO: Cliente creado rápidamente: Maritza del Carmén (ID: 17) | Usuario: hostpanish (ID: 1) | IP: ::1
[2025-06-29 21:35:49] INFO: Cliente eliminado: ID 16 | Usuario: hostpanish (ID: 1) | IP: ::1
[2025-06-29 21:36:52] INFO: Cliente creado: Josue Israel (ID: 18) | Usuario: hostpanish (ID: 1) | IP: ::1
[2025-06-29 21:36:52] INFO: Cliente creado rápidamente: Josue Israel (ID: 18) | Usuario: hostpanish (ID: 1) | IP: ::1
[2025-06-29 21:41:35] INFO: Cliente eliminado: ID 18 | Usuario: hostpanish (ID: 1) | IP: ::1
[2025-06-29 21:45:13] INFO: Cliente creado: Roberto Carlos (ID: 19) | Usuario: hostpanish (ID: 1) | IP: ::1
[2025-06-29 21:45:13] INFO: Cliente creado rápidamente: Roberto Carlos (ID: 19) | Usuario: hostpanish (ID: 1) | IP: ::1
[2025-06-29 21:45:43] INFO: Cotización creada: COT-2025-000009 (ID: 9) | Usuario: hostpanish (ID: 1) | IP: ::1
[2025-06-29 21:55:09] INFO: Cliente creado: Zinedine Zidane (ID: 20) | Usuario: hostpanish (ID: 1) | IP: ::1
[2025-06-29 21:55:09] INFO: Cliente creado rápidamente: Zinedine Zidane (ID: 20) | Usuario: hostpanish (ID: 1) | IP: ::1
[2025-06-29 21:55:29] INFO: Cotización creada: COT-2025-000010 (ID: 10) | Usuario: hostpanish (ID: 1) | IP: ::1
[2025-06-29 22:06:10] EMERGENCY: Error Fatal: Uncaught Error: Call to undefined method Modulo_Ventas_DB::obtener_cotizaciones_por_mes() in C:\wamp64\www\gestion-almacenes-bolt\wp-content\plugins\modulo-de-ventas\admin\class-modulo-ventas-admin.php:258
Stack trace:
#0 C:\wamp64\www\gestion-almacenes-bolt\wp-includes\class-wp-hook.php(324): Modulo_Ventas_Admin->pagina_dashboard('')
#1 C:\wamp64\www\gestion-almacenes-bolt\wp-includes\class-wp-hook.php(348): WP_Hook->apply_filters('', Array)
#2 C:\wamp64\www\gestion-almacenes-bolt\wp-includes\plugin.php(517): WP_Hook->do_action(Array)
#3 C:\wamp64\www\gestion-almacenes-bolt\wp-admin\admin.php(260): do_action('toplevel_page_m...')
#4 {main}
  thrown | Usuario: hostpanish (ID: 1) | IP: ::1 | Contexto: {"file":"C:\\wamp64\\www\\gestion-almacenes-bolt\\wp-content\\plugins\\modulo-de-ventas\\admin\\class-modulo-ventas-admin.php","line":258,"type":1}
