[2025-07-09 02:03:17] INFO: TCPDF cargado desde: C:\wamp64\www\gestion-almacenes-bolt\wp-content\plugins\modulo-de-ventas/vendor/autoload.php | Usuario: hostpanish (ID: 1) | IP: ::1
[2025-07-09 02:03:18] INFO: PDF generado para cotización COT-2025-000024: cotizacion_COT2025000024_2025-07-09.pdf | Usuario: hostpanish (ID: 1) | IP: ::1
[2025-07-09 02:03:25] INFO: TCPDF cargado desde: C:\wamp64\www\gestion-almacenes-bolt\wp-content\plugins\modulo-de-ventas/vendor/autoload.php | Usuario: hostpanish (ID: 1) | IP: ::1
[2025-07-09 02:03:26] INFO: PDF generado para cotización COT-2025-000024: cotizacion_COT2025000024_2025-07-09.pdf | Usuario: hostpanish (ID: 1) | IP: ::1
[2025-07-09 03:08:18] INFO: Plugin desactivado | Usuario: hostpanish (ID: 1) | IP: ::1
[2025-07-09 03:08:41] INFO: Tablas de base de datos creadas/actualizadas | Usuario: hostpanish (ID: 1) | IP: ::1
[2025-07-09 03:08:41] INFO: Plugin activado correctamente | Usuario: hostpanish (ID: 1) | IP: ::1
[2025-07-09 04:57:26] INFO: TCPDF cargado desde: C:\wamp64\www\gestion-almacenes-bolt\wp-content\plugins\modulo-de-ventas/vendor/autoload.php | Usuario: hostpanish (ID: 1) | IP: ::1
[2025-07-09 04:57:27] INFO: PDF generado para cotización COT-2025-000024: cotizacion_COT2025000024_2025-07-09.pdf | Usuario: hostpanish (ID: 1) | IP: ::1
[2025-07-09 05:34:30] EMERGENCY: Error Fatal: Uncaught TypeError: call_user_func_array(): Argument #1 ($callback) must be a valid callback, class Modulo_Ventas_Ajax does not have a method "manejar_pdf_requests" in C:\wamp64\www\gestion-almacenes-bolt\wp-includes\class-wp-hook.php:324
Stack trace:
#0 C:\wamp64\www\gestion-almacenes-bolt\wp-includes\class-wp-hook.php(348): WP_Hook->apply_filters(NULL, Array)
#1 C:\wamp64\www\gestion-almacenes-bolt\wp-includes\plugin.php(517): WP_Hook->do_action(Array)
#2 C:\wamp64\www\gestion-almacenes-bolt\wp-settings.php(727): do_action('init')
#3 C:\wamp64\www\gestion-almacenes-bolt\wp-config.php(103): require_once('C:\\wamp64\\www\\g...')
#4 C:\wamp64\www\gestion-almacenes-bolt\wp-load.php(50): require_once('C:\\wamp64\\www\\g...')
#5 C:\wamp64\www\gestion-almacenes-bolt\wp-admin\admin-ajax.php(22): require_once('C:\\wamp64\\www\\g...')
#6 {main}
  thrown | Usuario: hostpanish (ID: 1) | IP: ::1 | Contexto: {"file":"C:\\wamp64\\www\\gestion-almacenes-bolt\\wp-includes\\class-wp-hook.php","line":324,"type":1}
[2025-07-09 05:36:31] EMERGENCY: Error Fatal: Uncaught TypeError: call_user_func_array(): Argument #1 ($callback) must be a valid callback, class Modulo_Ventas_Ajax does not have a method "manejar_pdf_requests" in C:\wamp64\www\gestion-almacenes-bolt\wp-includes\class-wp-hook.php:324
Stack trace:
#0 C:\wamp64\www\gestion-almacenes-bolt\wp-includes\class-wp-hook.php(348): WP_Hook->apply_filters(NULL, Array)
#1 C:\wamp64\www\gestion-almacenes-bolt\wp-includes\plugin.php(517): WP_Hook->do_action(Array)
#2 C:\wamp64\www\gestion-almacenes-bolt\wp-settings.php(727): do_action('init')
#3 C:\wamp64\www\gestion-almacenes-bolt\wp-config.php(103): require_once('C:\\wamp64\\www\\g...')
#4 C:\wamp64\www\gestion-almacenes-bolt\wp-load.php(50): require_once('C:\\wamp64\\www\\g...')
#5 C:\wamp64\www\gestion-almacenes-bolt\wp-admin\admin-ajax.php(22): require_once('C:\\wamp64\\www\\g...')
#6 {main}
  thrown | Usuario: hostpanish (ID: 1) | IP: ::1 | Contexto: {"file":"C:\\wamp64\\www\\gestion-almacenes-bolt\\wp-includes\\class-wp-hook.php","line":324,"type":1}
[2025-07-09 06:03:37] INFO: PDF generado para cotización COT-2025-000024: cotizacion_COT2025000024_2025-07-09.pdf | Usuario: hostpanish (ID: 1) | IP: ::1
[2025-07-09 06:08:46] INFO: PDF generado para cotización COT-2025-000024: cotizacion_COT2025000024_2025-07-09.pdf | Usuario: hostpanish (ID: 1) | IP: ::1
[2025-07-09 06:14:17] INFO: PDF generado para cotización COT-2025-000024: cotizacion_COT2025000024_2025-07-09.pdf | Usuario: hostpanish (ID: 1) | IP: ::1
[2025-07-09 17:13:06] EMERGENCY: Error Fatal: Maximum execution time of 120 seconds exceeded | IP: ::1 | Contexto: {"file":"C:\\wamp64\\www\\gestion-almacenes-bolt\\wp-content\\plugins\\woocommerce\\src\\Blocks\\BlockTypes\\MiniCartContents.php","line":11,"type":1}
[2025-07-09 19:48:26] EMERGENCY: Error Fatal: Uncaught Error: Class "Modulo_Ventas_PDF_Templates" not found in C:\wamp64\www\gestion-almacenes-bolt\wp-content\plugins\modulo-de-ventas\includes\class-modulo-ventas-pdf-templates-ajax.php:24
Stack trace:
#0 C:\wamp64\www\gestion-almacenes-bolt\wp-content\plugins\modulo-de-ventas\modulo-ventas.php(208): Modulo_Ventas_PDF_Templates_Ajax->__construct()
#1 C:\wamp64\www\gestion-almacenes-bolt\wp-content\plugins\modulo-de-ventas\modulo-ventas.php(361): Modulo_Ventas->inicializar_clases()
#2 C:\wamp64\www\gestion-almacenes-bolt\wp-includes\class-wp-hook.php(324): Modulo_Ventas->cargar_plugin('')
#3 C:\wamp64\www\gestion-almacenes-bolt\wp-includes\class-wp-hook.php(348): WP_Hook->apply_filters(NULL, Array)
#4 C:\wamp64\www\gestion-almacenes-bolt\wp-includes\plugin.php(517): WP_Hook->do_action(Array)
#5 C:\wamp64\www\gestion-almacenes-bolt\wp-settings.php(578): do_action('plugins_loaded')
#6 C:\wamp64\www\gestion-almacenes-bolt\wp-config.php(103): require_once('C:\\wamp64\\www\\g...')
#7 C:\wamp64\www\gestion-almacenes-bolt\wp-load.php(50): require_once('C:\\wamp64\\www\\g...')
#8 C:\wamp64\www\gestion-almacenes-bolt\wp-admin\admin.php(35): require_once('C:\\wamp64\\www\\g...')
#9 {main}
  thrown | Usuario: hostpanish (ID: 1) | IP: ::1 | Contexto: {"file":"C:\\wamp64\\www\\gestion-almacenes-bolt\\wp-content\\plugins\\modulo-de-ventas\\includes\\class-modulo-ventas-pdf-templates-ajax.php","line":24,"type":1}
[2025-07-09 19:49:36] EMERGENCY: Error Fatal: Uncaught Error: Class "Modulo_Ventas_PDF_Templates" not found in C:\wamp64\www\gestion-almacenes-bolt\wp-content\plugins\modulo-de-ventas\includes\class-modulo-ventas-pdf-templates-ajax.php:24
Stack trace:
#0 C:\wamp64\www\gestion-almacenes-bolt\wp-content\plugins\modulo-de-ventas\modulo-ventas.php(208): Modulo_Ventas_PDF_Templates_Ajax->__construct()
#1 C:\wamp64\www\gestion-almacenes-bolt\wp-content\plugins\modulo-de-ventas\modulo-ventas.php(361): Modulo_Ventas->inicializar_clases()
#2 C:\wamp64\www\gestion-almacenes-bolt\wp-includes\class-wp-hook.php(324): Modulo_Ventas->cargar_plugin('')
#3 C:\wamp64\www\gestion-almacenes-bolt\wp-includes\class-wp-hook.php(348): WP_Hook->apply_filters(NULL, Array)
#4 C:\wamp64\www\gestion-almacenes-bolt\wp-includes\plugin.php(517): WP_Hook->do_action(Array)
#5 C:\wamp64\www\gestion-almacenes-bolt\wp-settings.php(578): do_action('plugins_loaded')
#6 C:\wamp64\www\gestion-almacenes-bolt\wp-config.php(103): require_once('C:\\wamp64\\www\\g...')
#7 C:\wamp64\www\gestion-almacenes-bolt\wp-load.php(50): require_once('C:\\wamp64\\www\\g...')
#8 C:\wamp64\www\gestion-almacenes-bolt\wp-admin\admin.php(35): require_once('C:\\wamp64\\www\\g...')
#9 {main}
  thrown | Usuario: hostpanish (ID: 1) | IP: ::1 | Contexto: {"file":"C:\\wamp64\\www\\gestion-almacenes-bolt\\wp-content\\plugins\\modulo-de-ventas\\includes\\class-modulo-ventas-pdf-templates-ajax.php","line":24,"type":1}
[2025-07-09 19:49:40] EMERGENCY: Error Fatal: Uncaught Error: Class "Modulo_Ventas_PDF_Templates" not found in C:\wamp64\www\gestion-almacenes-bolt\wp-content\plugins\modulo-de-ventas\includes\class-modulo-ventas-pdf-templates-ajax.php:24
Stack trace:
#0 C:\wamp64\www\gestion-almacenes-bolt\wp-content\plugins\modulo-de-ventas\modulo-ventas.php(208): Modulo_Ventas_PDF_Templates_Ajax->__construct()
#1 C:\wamp64\www\gestion-almacenes-bolt\wp-content\plugins\modulo-de-ventas\modulo-ventas.php(361): Modulo_Ventas->inicializar_clases()
#2 C:\wamp64\www\gestion-almacenes-bolt\wp-includes\class-wp-hook.php(324): Modulo_Ventas->cargar_plugin('')
#3 C:\wamp64\www\gestion-almacenes-bolt\wp-includes\class-wp-hook.php(348): WP_Hook->apply_filters(NULL, Array)
#4 C:\wamp64\www\gestion-almacenes-bolt\wp-includes\plugin.php(517): WP_Hook->do_action(Array)
#5 C:\wamp64\www\gestion-almacenes-bolt\wp-settings.php(578): do_action('plugins_loaded')
#6 C:\wamp64\www\gestion-almacenes-bolt\wp-config.php(103): require_once('C:\\wamp64\\www\\g...')
#7 C:\wamp64\www\gestion-almacenes-bolt\wp-load.php(50): require_once('C:\\wamp64\\www\\g...')
#8 C:\wamp64\www\gestion-almacenes-bolt\wp-admin\admin.php(35): require_once('C:\\wamp64\\www\\g...')
#9 {main}
  thrown | Usuario: hostpanish (ID: 1) | IP: ::1 | Contexto: {"file":"C:\\wamp64\\www\\gestion-almacenes-bolt\\wp-content\\plugins\\modulo-de-ventas\\includes\\class-modulo-ventas-pdf-templates-ajax.php","line":24,"type":1}
[2025-07-09 19:51:13] EMERGENCY: Error Fatal: Uncaught Error: Class "Modulo_Ventas_PDF_Templates" not found in C:\wamp64\www\gestion-almacenes-bolt\wp-content\plugins\modulo-de-ventas\includes\class-modulo-ventas-pdf-templates-ajax.php:24
Stack trace:
#0 C:\wamp64\www\gestion-almacenes-bolt\wp-content\plugins\modulo-de-ventas\modulo-ventas.php(208): Modulo_Ventas_PDF_Templates_Ajax->__construct()
#1 C:\wamp64\www\gestion-almacenes-bolt\wp-content\plugins\modulo-de-ventas\modulo-ventas.php(361): Modulo_Ventas->inicializar_clases()
#2 C:\wamp64\www\gestion-almacenes-bolt\wp-includes\class-wp-hook.php(324): Modulo_Ventas->cargar_plugin('')
#3 C:\wamp64\www\gestion-almacenes-bolt\wp-includes\class-wp-hook.php(348): WP_Hook->apply_filters(NULL, Array)
#4 C:\wamp64\www\gestion-almacenes-bolt\wp-includes\plugin.php(517): WP_Hook->do_action(Array)
#5 C:\wamp64\www\gestion-almacenes-bolt\wp-settings.php(578): do_action('plugins_loaded')
#6 C:\wamp64\www\gestion-almacenes-bolt\wp-config.php(103): require_once('C:\\wamp64\\www\\g...')
#7 C:\wamp64\www\gestion-almacenes-bolt\wp-load.php(50): require_once('C:\\wamp64\\www\\g...')
#8 C:\wamp64\www\gestion-almacenes-bolt\wp-admin\admin.php(35): require_once('C:\\wamp64\\www\\g...')
#9 {main}
  thrown | Usuario: hostpanish (ID: 1) | IP: ::1 | Contexto: {"file":"C:\\wamp64\\www\\gestion-almacenes-bolt\\wp-content\\plugins\\modulo-de-ventas\\includes\\class-modulo-ventas-pdf-templates-ajax.php","line":24,"type":1}
[2025-07-09 19:57:10] INFO: PDF generado para cotización COT-2025-000024: cotizacion_COT2025000024_2025-07-09.pdf | Usuario: hostpanish (ID: 1) | IP: ::1
[2025-07-09 19:57:17] INFO: PDF generado para cotización COT-2025-000020: cotizacion_COT2025000020_2025-07-09.pdf | Usuario: hostpanish (ID: 1) | IP: ::1
[2025-07-09 19:57:33] INFO: PDF generado para cotización COT-2025-000018: cotizacion_COT2025000018_2025-07-09.pdf | Usuario: hostpanish (ID: 1) | IP: ::1
