[2025-06-21 02:34:41] INFO: Cliente creado: ID 2, RUT 22.222.222-2 | Usuario: hostpanish (ID: 1) | IP: ::1
[2025-06-21 02:38:58] INFO: Plugin desactivado | Usuario: hostpanish (ID: 1) | IP: ::1
[2025-06-21 02:39:04] INFO: Tablas de base de datos creadas/actualizadas | Usuario: hostpanish (ID: 1) | IP: ::1
[2025-06-21 02:39:04] INFO: Plugin activado correctamente | Usuario: hostpanish (ID: 1) | IP: ::1
[2025-06-21 02:41:05] INFO: Cliente creado: ID 3, RUT 17384879-7 | Usuario: hostpanish (ID: 1) | IP: ::1
[2025-06-21 02:59:24] INFO: Cliente creado: ID 4, RUT 99.876.543-1 | Usuario: hostpanish (ID: 1) | IP: ::1
[2025-06-21 16:55:02] EMERGENCY: Error Fatal: Uncaught Error: Call to undefined method Modulo_Ventas_DB::obtener_estadisticas_cotizaciones() in C:\wamp64\www\gestion-almacenes-bolt\wp-content\plugins\modulo-de-ventas\admin\views\cotizaciones-list.php:26
Stack trace:
#0 C:\wamp64\www\gestion-almacenes-bolt\wp-content\plugins\modulo-de-ventas\admin\class-modulo-ventas-admin.php(270): require_once()
#1 C:\wamp64\www\gestion-almacenes-bolt\wp-includes\class-wp-hook.php(324): Modulo_Ventas_Admin->pagina_cotizaciones('')
#2 C:\wamp64\www\gestion-almacenes-bolt\wp-includes\class-wp-hook.php(348): WP_Hook->apply_filters('', Array)
#3 C:\wamp64\www\gestion-almacenes-bolt\wp-includes\plugin.php(517): WP_Hook->do_action(Array)
#4 C:\wamp64\www\gestion-almacenes-bolt\wp-admin\admin.php(260): do_action('ventas_page_mod...')
#5 {main}
  thrown | Usuario: hostpanish (ID: 1) | IP: ::1 | Contexto: {"file":"C:\\wamp64\\www\\gestion-almacenes-bolt\\wp-content\\plugins\\modulo-de-ventas\\admin\\views\\cotizaciones-list.php","line":26,"type":1}
[2025-06-21 17:02:55] EMERGENCY: Error Fatal: Uncaught Error: Call to undefined method Modulo_Ventas_DB::obtener_estadisticas_cotizaciones() in C:\wamp64\www\gestion-almacenes-bolt\wp-content\plugins\modulo-de-ventas\admin\views\cotizaciones-list.php:26
Stack trace:
#0 C:\wamp64\www\gestion-almacenes-bolt\wp-content\plugins\modulo-de-ventas\admin\class-modulo-ventas-admin.php(270): require_once()
#1 C:\wamp64\www\gestion-almacenes-bolt\wp-includes\class-wp-hook.php(324): Modulo_Ventas_Admin->pagina_cotizaciones('')
#2 C:\wamp64\www\gestion-almacenes-bolt\wp-includes\class-wp-hook.php(348): WP_Hook->apply_filters('', Array)
#3 C:\wamp64\www\gestion-almacenes-bolt\wp-includes\plugin.php(517): WP_Hook->do_action(Array)
#4 C:\wamp64\www\gestion-almacenes-bolt\wp-admin\admin.php(260): do_action('ventas_page_mod...')
#5 {main}
  thrown | Usuario: hostpanish (ID: 1) | IP: ::1 | Contexto: {"file":"C:\\wamp64\\www\\gestion-almacenes-bolt\\wp-content\\plugins\\modulo-de-ventas\\admin\\views\\cotizaciones-list.php","line":26,"type":1}
[2025-06-21 17:04:36] EMERGENCY: Error Fatal: Uncaught Error: Call to undefined function ventas_get_estados_cotizacion() in C:\wamp64\www\gestion-almacenes-bolt\wp-content\plugins\modulo-de-ventas\admin\views\cotizaciones-list.php:80
Stack trace:
#0 C:\wamp64\www\gestion-almacenes-bolt\wp-content\plugins\modulo-de-ventas\admin\class-modulo-ventas-admin.php(270): require_once()
#1 C:\wamp64\www\gestion-almacenes-bolt\wp-includes\class-wp-hook.php(324): Modulo_Ventas_Admin->pagina_cotizaciones('')
#2 C:\wamp64\www\gestion-almacenes-bolt\wp-includes\class-wp-hook.php(348): WP_Hook->apply_filters('', Array)
#3 C:\wamp64\www\gestion-almacenes-bolt\wp-includes\plugin.php(517): WP_Hook->do_action(Array)
#4 C:\wamp64\www\gestion-almacenes-bolt\wp-admin\admin.php(260): do_action('ventas_page_mod...')
#5 {main}
  thrown | Usuario: hostpanish (ID: 1) | IP: ::1 | Contexto: {"file":"C:\\wamp64\\www\\gestion-almacenes-bolt\\wp-content\\plugins\\modulo-de-ventas\\admin\\views\\cotizaciones-list.php","line":80,"type":1}
[2025-06-21 17:08:01] EMERGENCY: Error Fatal: Uncaught Error: Call to undefined function ventas_get_estados_cotizacion() in C:\wamp64\www\gestion-almacenes-bolt\wp-content\plugins\modulo-de-ventas\admin\views\cotizaciones-list.php:80
Stack trace:
#0 C:\wamp64\www\gestion-almacenes-bolt\wp-content\plugins\modulo-de-ventas\admin\class-modulo-ventas-admin.php(270): require_once()
#1 C:\wamp64\www\gestion-almacenes-bolt\wp-includes\class-wp-hook.php(324): Modulo_Ventas_Admin->pagina_cotizaciones('')
#2 C:\wamp64\www\gestion-almacenes-bolt\wp-includes\class-wp-hook.php(348): WP_Hook->apply_filters('', Array)
#3 C:\wamp64\www\gestion-almacenes-bolt\wp-includes\plugin.php(517): WP_Hook->do_action(Array)
#4 C:\wamp64\www\gestion-almacenes-bolt\wp-admin\admin.php(260): do_action('ventas_page_mod...')
#5 {main}
  thrown | Usuario: hostpanish (ID: 1) | IP: ::1 | Contexto: {"file":"C:\\wamp64\\www\\gestion-almacenes-bolt\\wp-content\\plugins\\modulo-de-ventas\\admin\\views\\cotizaciones-list.php","line":80,"type":1}
[2025-06-21 17:08:19] EMERGENCY: Error Fatal: Uncaught Error: Call to undefined function ventas_get_estados_cotizacion() in C:\wamp64\www\gestion-almacenes-bolt\wp-content\plugins\modulo-de-ventas\admin\views\cotizaciones-list.php:80
Stack trace:
#0 C:\wamp64\www\gestion-almacenes-bolt\wp-content\plugins\modulo-de-ventas\admin\class-modulo-ventas-admin.php(270): require_once()
#1 C:\wamp64\www\gestion-almacenes-bolt\wp-includes\class-wp-hook.php(324): Modulo_Ventas_Admin->pagina_cotizaciones('')
#2 C:\wamp64\www\gestion-almacenes-bolt\wp-includes\class-wp-hook.php(348): WP_Hook->apply_filters('', Array)
#3 C:\wamp64\www\gestion-almacenes-bolt\wp-includes\plugin.php(517): WP_Hook->do_action(Array)
#4 C:\wamp64\www\gestion-almacenes-bolt\wp-admin\admin.php(260): do_action('ventas_page_mod...')
#5 {main}
  thrown | Usuario: hostpanish (ID: 1) | IP: ::1 | Contexto: {"file":"C:\\wamp64\\www\\gestion-almacenes-bolt\\wp-content\\plugins\\modulo-de-ventas\\admin\\views\\cotizaciones-list.php","line":80,"type":1}
[2025-06-21 17:09:21] INFO: Plugin desactivado | Usuario: hostpanish (ID: 1) | IP: ::1
[2025-06-21 17:09:33] INFO: Tablas de base de datos creadas/actualizadas | Usuario: hostpanish (ID: 1) | IP: ::1
[2025-06-21 17:09:33] INFO: Plugin activado correctamente | Usuario: hostpanish (ID: 1) | IP: ::1
[2025-06-21 17:09:47] EMERGENCY: Error Fatal: Uncaught Error: Call to undefined function ventas_get_estados_cotizacion() in C:\wamp64\www\gestion-almacenes-bolt\wp-content\plugins\modulo-de-ventas\admin\views\cotizaciones-list.php:80
Stack trace:
#0 C:\wamp64\www\gestion-almacenes-bolt\wp-content\plugins\modulo-de-ventas\admin\class-modulo-ventas-admin.php(270): require_once()
#1 C:\wamp64\www\gestion-almacenes-bolt\wp-includes\class-wp-hook.php(324): Modulo_Ventas_Admin->pagina_cotizaciones('')
#2 C:\wamp64\www\gestion-almacenes-bolt\wp-includes\class-wp-hook.php(348): WP_Hook->apply_filters('', Array)
#3 C:\wamp64\www\gestion-almacenes-bolt\wp-includes\plugin.php(517): WP_Hook->do_action(Array)
#4 C:\wamp64\www\gestion-almacenes-bolt\wp-admin\admin.php(260): do_action('ventas_page_mod...')
#5 {main}
  thrown | Usuario: hostpanish (ID: 1) | IP: ::1 | Contexto: {"file":"C:\\wamp64\\www\\gestion-almacenes-bolt\\wp-content\\plugins\\modulo-de-ventas\\admin\\views\\cotizaciones-list.php","line":80,"type":1}
[2025-06-21 17:13:26] EMERGENCY: Error Fatal: Uncaught Error: Call to undefined function ventas_get_estados_cotizacion() in C:\wamp64\www\gestion-almacenes-bolt\wp-content\plugins\modulo-de-ventas\admin\views\cotizaciones-list.php:80
Stack trace:
#0 C:\wamp64\www\gestion-almacenes-bolt\wp-content\plugins\modulo-de-ventas\admin\class-modulo-ventas-admin.php(270): require_once()
#1 C:\wamp64\www\gestion-almacenes-bolt\wp-includes\class-wp-hook.php(324): Modulo_Ventas_Admin->pagina_cotizaciones('')
#2 C:\wamp64\www\gestion-almacenes-bolt\wp-includes\class-wp-hook.php(348): WP_Hook->apply_filters('', Array)
#3 C:\wamp64\www\gestion-almacenes-bolt\wp-includes\plugin.php(517): WP_Hook->do_action(Array)
#4 C:\wamp64\www\gestion-almacenes-bolt\wp-admin\admin.php(260): do_action('ventas_page_mod...')
#5 {main}
  thrown | Usuario: hostpanish (ID: 1) | IP: ::1 | Contexto: {"file":"C:\\wamp64\\www\\gestion-almacenes-bolt\\wp-content\\plugins\\modulo-de-ventas\\admin\\views\\cotizaciones-list.php","line":80,"type":1}
[2025-06-21 17:19:32] EMERGENCY: Error Fatal: Uncaught Error: Call to undefined function ventas_get_estados_cotizacion() in C:\wamp64\www\gestion-almacenes-bolt\wp-content\plugins\modulo-de-ventas\admin\views\cotizaciones-list.php:80
Stack trace:
#0 C:\wamp64\www\gestion-almacenes-bolt\wp-content\plugins\modulo-de-ventas\admin\class-modulo-ventas-admin.php(270): require_once()
#1 C:\wamp64\www\gestion-almacenes-bolt\wp-includes\class-wp-hook.php(324): Modulo_Ventas_Admin->pagina_cotizaciones('')
#2 C:\wamp64\www\gestion-almacenes-bolt\wp-includes\class-wp-hook.php(348): WP_Hook->apply_filters('', Array)
#3 C:\wamp64\www\gestion-almacenes-bolt\wp-includes\plugin.php(517): WP_Hook->do_action(Array)
#4 C:\wamp64\www\gestion-almacenes-bolt\wp-admin\admin.php(260): do_action('ventas_page_mod...')
#5 {main}
  thrown | Usuario: hostpanish (ID: 1) | IP: ::1 | Contexto: {"file":"C:\\wamp64\\www\\gestion-almacenes-bolt\\wp-content\\plugins\\modulo-de-ventas\\admin\\views\\cotizaciones-list.php","line":80,"type":1}
[2025-06-21 17:30:55] EMERGENCY: Error Fatal: Uncaught Error: Call to undefined function ventas_get_estados_cotizacion() in C:\wamp64\www\gestion-almacenes-bolt\wp-content\plugins\modulo-de-ventas\admin\views\cotizaciones-list.php:83
Stack trace:
#0 C:\wamp64\www\gestion-almacenes-bolt\wp-content\plugins\modulo-de-ventas\admin\class-modulo-ventas-admin.php(270): require_once()
#1 C:\wamp64\www\gestion-almacenes-bolt\wp-includes\class-wp-hook.php(324): Modulo_Ventas_Admin->pagina_cotizaciones('')
#2 C:\wamp64\www\gestion-almacenes-bolt\wp-includes\class-wp-hook.php(348): WP_Hook->apply_filters('', Array)
#3 C:\wamp64\www\gestion-almacenes-bolt\wp-includes\plugin.php(517): WP_Hook->do_action(Array)
#4 C:\wamp64\www\gestion-almacenes-bolt\wp-admin\admin.php(260): do_action('ventas_page_mod...')
#5 {main}
  thrown | Usuario: hostpanish (ID: 1) | IP: ::1 | Contexto: {"file":"C:\\wamp64\\www\\gestion-almacenes-bolt\\wp-content\\plugins\\modulo-de-ventas\\admin\\views\\cotizaciones-list.php","line":83,"type":1}
[2025-06-21 19:55:01] ERROR: Error al crear cotización: Debe agregar al menos un producto | Usuario: hostpanish (ID: 1) | IP: ::1 | Trace: class-modulo-ventas-db.php:722 log() <- class-modulo-ventas-admin.php:348 crear_cotizacion() <- class-modulo-ventas-admin.php:284 procesar_nueva_cotizacion() <- class-wp-hook.php:324 pagina_nueva_cotizacion()
[2025-06-21 20:16:27] INFO: Cotización creada: COT-2025-000001 (ID: 1) | Usuario: hostpanish (ID: 1) | IP: ::1
[2025-06-21 20:16:28] EMERGENCY: Error Fatal: Uncaught Error: Call to undefined method Modulo_Ventas_DB::get_instance() in C:\wamp64\www\gestion-almacenes-bolt\wp-content\plugins\modulo-de-ventas\admin\views\ver-cotizacion.php:28
Stack trace:
#0 C:\wamp64\www\gestion-almacenes-bolt\wp-content\plugins\modulo-de-ventas\admin\class-modulo-ventas-admin.php(453): require_once()
#1 C:\wamp64\www\gestion-almacenes-bolt\wp-includes\class-wp-hook.php(324): Modulo_Ventas_Admin->pagina_ver_cotizacion('')
#2 C:\wamp64\www\gestion-almacenes-bolt\wp-includes\class-wp-hook.php(348): WP_Hook->apply_filters('', Array)
#3 C:\wamp64\www\gestion-almacenes-bolt\wp-includes\plugin.php(517): WP_Hook->do_action(Array)
#4 C:\wamp64\www\gestion-almacenes-bolt\wp-admin\admin.php(260): do_action('admin_page_modu...')
#5 {main}
  thrown | Usuario: hostpanish (ID: 1) | IP: ::1 | Contexto: {"file":"C:\\wamp64\\www\\gestion-almacenes-bolt\\wp-content\\plugins\\modulo-de-ventas\\admin\\views\\ver-cotizacion.php","line":28,"type":1}
