[2025-07-01 02:20:21] INFO: Cotización creada: COT-2025-000012 (ID: 12) | Usuario: hostpanish (ID: 1) | IP: ::1
[2025-07-01 02:36:14] EMERGENCY: Error Fatal: Uncaught Error: Call to undefined method Modulo_Ventas_DB::get_tabla_items() in C:\wamp64\www\gestion-almacenes-bolt\wp-content\plugins\modulo-de-ventas\admin\class-modulo-ventas-admin.php:1751
Stack trace:
#0 C:\wamp64\www\gestion-almacenes-bolt\wp-content\plugins\modulo-de-ventas\admin\class-modulo-ventas-admin.php(256): Modulo_Ventas_Admin->obtener_estadisticas_dashboard()
#1 C:\wamp64\www\gestion-almacenes-bolt\wp-includes\class-wp-hook.php(324): Modulo_Ventas_Admin->pagina_dashboard('')
#2 C:\wamp64\www\gestion-almacenes-bolt\wp-includes\class-wp-hook.php(348): WP_Hook->apply_filters('', Array)
#3 C:\wamp64\www\gestion-almacenes-bolt\wp-includes\plugin.php(517): WP_Hook->do_action(Array)
#4 C:\wamp64\www\gestion-almacenes-bolt\wp-admin\admin.php(260): do_action('toplevel_page_m...')
#5 {main}
  thrown | Usuario: hostpanish (ID: 1) | IP: ::1 | Contexto: {"file":"C:\\wamp64\\www\\gestion-almacenes-bolt\\wp-content\\plugins\\modulo-de-ventas\\admin\\class-modulo-ventas-admin.php","line":1751,"type":1}
[2025-07-01 04:23:42] INFO: Cotización creada: COT-2025-000013 (ID: 13) | Usuario: hostpanish (ID: 1) | IP: ::1
[2025-07-01 04:51:55] INFO: Cotización creada: COT-2025-000014 (ID: 14) | Usuario: hostpanish (ID: 1) | IP: ::1
[2025-07-01 05:51:28] INFO: Plugin desactivado | Usuario: hostpanish (ID: 1) | IP: ::1
[2025-07-01 05:51:51] INFO: Tablas de base de datos creadas/actualizadas | Usuario: hostpanish (ID: 1) | IP: ::1
[2025-07-01 05:51:51] INFO: Plugin activado correctamente | Usuario: hostpanish (ID: 1) | IP: ::1
[2025-07-01 07:01:23] EMERGENCY: Error Fatal: Uncaught Error: Call to undefined method Modulo_Ventas_Admin::init_hooks() in C:\wamp64\www\gestion-almacenes-bolt\wp-content\plugins\modulo-de-ventas\admin\class-modulo-ventas-admin.php:36
Stack trace:
#0 C:\wamp64\www\gestion-almacenes-bolt\wp-content\plugins\modulo-de-ventas\modulo-ventas.php(166): Modulo_Ventas_Admin->__construct()
#1 C:\wamp64\www\gestion-almacenes-bolt\wp-content\plugins\modulo-de-ventas\modulo-ventas.php(127): Modulo_Ventas->inicializar_clases()
#2 C:\wamp64\www\gestion-almacenes-bolt\wp-includes\class-wp-hook.php(324): Modulo_Ventas->verificar_dependencias('')
#3 C:\wamp64\www\gestion-almacenes-bolt\wp-includes\class-wp-hook.php(348): WP_Hook->apply_filters(true, Array)
#4 C:\wamp64\www\gestion-almacenes-bolt\wp-includes\plugin.php(517): WP_Hook->do_action(Array)
#5 C:\wamp64\www\gestion-almacenes-bolt\wp-settings.php(578): do_action('plugins_loaded')
#6 C:\wamp64\www\gestion-almacenes-bolt\wp-config.php(103): require_once('C:\\wamp64\\www\\g...')
#7 C:\wamp64\www\gestion-almacenes-bo | Usuario: hostpanish (ID: 1) | IP: ::1 | Contexto: {"file":"C:\\wamp64\\www\\gestion-almacenes-bolt\\wp-content\\plugins\\modulo-de-ventas\\admin\\class-modulo-ventas-admin.php","line":36,"type":1}
[2025-07-01 07:03:23] EMERGENCY: Error Fatal: Uncaught Error: Call to undefined method Modulo_Ventas_Admin::init_hooks() in C:\wamp64\www\gestion-almacenes-bolt\wp-content\plugins\modulo-de-ventas\admin\class-modulo-ventas-admin.php:36
Stack trace:
#0 C:\wamp64\www\gestion-almacenes-bolt\wp-content\plugins\modulo-de-ventas\modulo-ventas.php(166): Modulo_Ventas_Admin->__construct()
#1 C:\wamp64\www\gestion-almacenes-bolt\wp-content\plugins\modulo-de-ventas\modulo-ventas.php(127): Modulo_Ventas->inicializar_clases()
#2 C:\wamp64\www\gestion-almacenes-bolt\wp-includes\class-wp-hook.php(324): Modulo_Ventas->verificar_dependencias('')
#3 C:\wamp64\www\gestion-almacenes-bolt\wp-includes\class-wp-hook.php(348): WP_Hook->apply_filters(true, Array)
#4 C:\wamp64\www\gestion-almacenes-bolt\wp-includes\plugin.php(517): WP_Hook->do_action(Array)
#5 C:\wamp64\www\gestion-almacenes-bolt\wp-settings.php(578): do_action('plugins_loaded')
#6 C:\wamp64\www\gestion-almacenes-bolt\wp-config.php(103): require_once('C:\\wamp64\\www\\g...')
#7 C:\wamp64\www\gestion-almacenes-bo | Usuario: hostpanish (ID: 1) | IP: ::1 | Contexto: {"file":"C:\\wamp64\\www\\gestion-almacenes-bolt\\wp-content\\plugins\\modulo-de-ventas\\admin\\class-modulo-ventas-admin.php","line":36,"type":1}
[2025-07-01 07:03:53] EMERGENCY: Error Fatal: Uncaught Error: Call to undefined method Modulo_Ventas_Admin::init_hooks() in C:\wamp64\www\gestion-almacenes-bolt\wp-content\plugins\modulo-de-ventas\admin\class-modulo-ventas-admin.php:36
Stack trace:
#0 C:\wamp64\www\gestion-almacenes-bolt\wp-content\plugins\modulo-de-ventas\modulo-ventas.php(166): Modulo_Ventas_Admin->__construct()
#1 C:\wamp64\www\gestion-almacenes-bolt\wp-content\plugins\modulo-de-ventas\modulo-ventas.php(127): Modulo_Ventas->inicializar_clases()
#2 C:\wamp64\www\gestion-almacenes-bolt\wp-includes\class-wp-hook.php(324): Modulo_Ventas->verificar_dependencias('')
#3 C:\wamp64\www\gestion-almacenes-bolt\wp-includes\class-wp-hook.php(348): WP_Hook->apply_filters(true, Array)
#4 C:\wamp64\www\gestion-almacenes-bolt\wp-includes\plugin.php(517): WP_Hook->do_action(Array)
#5 C:\wamp64\www\gestion-almacenes-bolt\wp-settings.php(578): do_action('plugins_loaded')
#6 C:\wamp64\www\gestion-almacenes-bolt\wp-config.php(103): require_once('C:\\wamp64\\www\\g...')
#7 C:\wamp64\www\gestion-almacenes-bo | Usuario: hostpanish (ID: 1) | IP: ::1 | Contexto: {"file":"C:\\wamp64\\www\\gestion-almacenes-bolt\\wp-content\\plugins\\modulo-de-ventas\\admin\\class-modulo-ventas-admin.php","line":36,"type":1}
[2025-07-01 14:26:00] INFO: Cliente creado: Ronaldo Nazario (ID: 21) | Usuario: hostpanish (ID: 1) | IP: ::1
[2025-07-01 14:26:00] INFO: Cliente creado rápidamente: Ronaldo Nazario (ID: 21) | Usuario: hostpanish (ID: 1) | IP: ::1
[2025-07-01 14:26:25] INFO: Cotización creada: COT-2025-000015 (ID: 15) | Usuario: hostpanish (ID: 1) | IP: ::1
[2025-07-01 16:53:41] INFO: Cliente creado: Marcela Salas (ID: 22) | Usuario: hostpanish (ID: 1) | IP: ::1
[2025-07-01 16:53:41] INFO: Cliente creado rápidamente: Marcela Salas (ID: 22) | Usuario: hostpanish (ID: 1) | IP: ::1
