[2025-06-13 00:34:06] EMERGENCY: Error Fatal: Uncaught Error: Call to undefined method Modulo_Ventas_DB::obtener_estadisticas_dashboard() in C:\wamp64\www\gestion-almacenes-bolt\wp-content\plugins\modulo-de-ventas\includes\class-modulo-ventas-integration.php:175
Stack trace:
#0 C:\wamp64\www\gestion-almacenes-bolt\wp-admin\includes\template.php(1456): Modulo_Ventas_Integration->widget_resumen_ventas('', Array)
#1 C:\wamp64\www\gestion-almacenes-bolt\wp-admin\includes\dashboard.php(271): do_meta_boxes(Object(WP_Screen), 'normal', '')
#2 C:\wamp64\www\gestion-almacenes-bolt\wp-admin\index.php(204): wp_dashboard()
#3 {main}
  thrown | Usuario: hostpanish (ID: 1) | IP: ::1 | Contexto: {"file":"C:\\wamp64\\www\\gestion-almacenes-bolt\\wp-content\\plugins\\modulo-de-ventas\\includes\\class-modulo-ventas-integration.php","line":175,"type":1}
[2025-06-13 00:39:39] EMERGENCY: Error Fatal: Uncaught Error: Call to undefined method Modulo_Ventas_DB::obtener_estadisticas_cotizaciones() in C:\wamp64\www\gestion-almacenes-bolt\wp-content\plugins\modulo-de-ventas\admin\views\cotizaciones-list.php:26
Stack trace:
#0 C:\wamp64\www\gestion-almacenes-bolt\wp-content\plugins\modulo-de-ventas\admin\class-modulo-ventas-admin.php(270): require_once()
#1 C:\wamp64\www\gestion-almacenes-bolt\wp-includes\class-wp-hook.php(324): Modulo_Ventas_Admin->pagina_cotizaciones('')
#2 C:\wamp64\www\gestion-almacenes-bolt\wp-includes\class-wp-hook.php(348): WP_Hook->apply_filters('', Array)
#3 C:\wamp64\www\gestion-almacenes-bolt\wp-includes\plugin.php(517): WP_Hook->do_action(Array)
#4 C:\wamp64\www\gestion-almacenes-bolt\wp-admin\admin.php(260): do_action('ventas_page_mod...')
#5 {main}
  thrown | Usuario: hostpanish (ID: 1) | IP: ::1 | Contexto: {"file":"C:\\wamp64\\www\\gestion-almacenes-bolt\\wp-content\\plugins\\modulo-de-ventas\\admin\\views\\cotizaciones-list.php","line":26,"type":1}
[2025-06-13 00:52:43] EMERGENCY: Error Fatal: Uncaught Error: Call to undefined method Modulo_Ventas::get_messages() in C:\wamp64\www\gestion-almacenes-bolt\wp-content\plugins\modulo-de-ventas\admin\views\nueva-cotizacion.php:105
Stack trace:
#0 C:\wamp64\www\gestion-almacenes-bolt\wp-content\plugins\modulo-de-ventas\admin\class-modulo-ventas-admin.php(297): require_once()
#1 C:\wamp64\www\gestion-almacenes-bolt\wp-includes\class-wp-hook.php(324): Modulo_Ventas_Admin->pagina_nueva_cotizacion('')
#2 C:\wamp64\www\gestion-almacenes-bolt\wp-includes\class-wp-hook.php(348): WP_Hook->apply_filters('', Array)
#3 C:\wamp64\www\gestion-almacenes-bolt\wp-includes\plugin.php(517): WP_Hook->do_action(Array)
#4 C:\wamp64\www\gestion-almacenes-bolt\wp-admin\admin.php(260): do_action('ventas_page_mod...')
#5 {main}
  thrown | Usuario: hostpanish (ID: 1) | IP: ::1 | Contexto: {"file":"C:\\wamp64\\www\\gestion-almacenes-bolt\\wp-content\\plugins\\modulo-de-ventas\\admin\\views\\nueva-cotizacion.php","line":105,"type":1}
[2025-06-13 00:53:03] EMERGENCY: Error Fatal: Uncaught Error: Class 'Clientes_List_Table' not found in C:\wamp64\www\gestion-almacenes-bolt\wp-content\plugins\modulo-de-ventas\admin\class-modulo-ventas-admin.php:391
Stack trace:
#0 C:\wamp64\www\gestion-almacenes-bolt\wp-includes\class-wp-hook.php(324): Modulo_Ventas_Admin->pagina_clientes('')
#1 C:\wamp64\www\gestion-almacenes-bolt\wp-includes\class-wp-hook.php(348): WP_Hook->apply_filters('', Array)
#2 C:\wamp64\www\gestion-almacenes-bolt\wp-includes\plugin.php(517): WP_Hook->do_action(Array)
#3 C:\wamp64\www\gestion-almacenes-bolt\wp-admin\admin.php(260): do_action('ventas_page_mod...')
#4 {main}
  thrown | Usuario: hostpanish (ID: 1) | IP: ::1 | Contexto: {"file":"C:\\wamp64\\www\\gestion-almacenes-bolt\\wp-content\\plugins\\modulo-de-ventas\\admin\\class-modulo-ventas-admin.php","line":391,"type":1}
[2025-06-13 00:53:27] EMERGENCY: Error Fatal: require_once(): Failed opening required 'C:\wamp64\www\gestion-almacenes-bolt\wp-content\plugins\modulo-de-ventas/admin/views/estadisticas.php' (include_path='.;C:\php\pear') | Usuario: hostpanish (ID: 1) | IP: ::1 | Contexto: {"file":"C:\\wamp64\\www\\gestion-almacenes-bolt\\wp-content\\plugins\\modulo-de-ventas\\admin\\class-modulo-ventas-admin.php","line":510,"type":64}
[2025-06-13 00:53:47] EMERGENCY: Error Fatal: require_once(): Failed opening required 'C:\wamp64\www\gestion-almacenes-bolt\wp-content\plugins\modulo-de-ventas/admin/views/herramientas.php' (include_path='.;C:\php\pear') | Usuario: hostpanish (ID: 1) | IP: ::1 | Contexto: {"file":"C:\\wamp64\\www\\gestion-almacenes-bolt\\wp-content\\plugins\\modulo-de-ventas\\admin\\class-modulo-ventas-admin.php","line":547,"type":64}
[2025-06-13 01:44:40] EMERGENCY: Error Fatal: Uncaught Error: Call to undefined method Modulo_Ventas_DB::obtener_estadisticas_cotizaciones() in C:\wamp64\www\gestion-almacenes-bolt\wp-content\plugins\modulo-de-ventas\admin\views\cotizaciones-list.php:26
Stack trace:
#0 C:\wamp64\www\gestion-almacenes-bolt\wp-content\plugins\modulo-de-ventas\admin\class-modulo-ventas-admin.php(270): require_once()
#1 C:\wamp64\www\gestion-almacenes-bolt\wp-includes\class-wp-hook.php(324): Modulo_Ventas_Admin->pagina_cotizaciones('')
#2 C:\wamp64\www\gestion-almacenes-bolt\wp-includes\class-wp-hook.php(348): WP_Hook->apply_filters('', Array)
#3 C:\wamp64\www\gestion-almacenes-bolt\wp-includes\plugin.php(517): WP_Hook->do_action(Array)
#4 C:\wamp64\www\gestion-almacenes-bolt\wp-admin\admin.php(260): do_action('ventas_page_mod...')
#5 {main}
  thrown | Usuario: hostpanish (ID: 1) | IP: ::1 | Contexto: {"file":"C:\\wamp64\\www\\gestion-almacenes-bolt\\wp-content\\plugins\\modulo-de-ventas\\admin\\views\\cotizaciones-list.php","line":26,"type":1}
[2025-06-13 01:44:46] EMERGENCY: Error Fatal: Uncaught Error: Call to undefined method Modulo_Ventas::get_messages() in C:\wamp64\www\gestion-almacenes-bolt\wp-content\plugins\modulo-de-ventas\admin\views\nueva-cotizacion.php:105
Stack trace:
#0 C:\wamp64\www\gestion-almacenes-bolt\wp-content\plugins\modulo-de-ventas\admin\class-modulo-ventas-admin.php(297): require_once()
#1 C:\wamp64\www\gestion-almacenes-bolt\wp-includes\class-wp-hook.php(324): Modulo_Ventas_Admin->pagina_nueva_cotizacion('')
#2 C:\wamp64\www\gestion-almacenes-bolt\wp-includes\class-wp-hook.php(348): WP_Hook->apply_filters('', Array)
#3 C:\wamp64\www\gestion-almacenes-bolt\wp-includes\plugin.php(517): WP_Hook->do_action(Array)
#4 C:\wamp64\www\gestion-almacenes-bolt\wp-admin\admin.php(260): do_action('ventas_page_mod...')
#5 {main}
  thrown | Usuario: hostpanish (ID: 1) | IP: ::1 | Contexto: {"file":"C:\\wamp64\\www\\gestion-almacenes-bolt\\wp-content\\plugins\\modulo-de-ventas\\admin\\views\\nueva-cotizacion.php","line":105,"type":1}
[2025-06-13 01:44:54] EMERGENCY: Error Fatal: Uncaught Error: Call to undefined method Modulo_Ventas_DB::obtener_estadisticas_cotizaciones() in C:\wamp64\www\gestion-almacenes-bolt\wp-content\plugins\modulo-de-ventas\admin\views\cotizaciones-list.php:26
Stack trace:
#0 C:\wamp64\www\gestion-almacenes-bolt\wp-content\plugins\modulo-de-ventas\admin\class-modulo-ventas-admin.php(270): require_once()
#1 C:\wamp64\www\gestion-almacenes-bolt\wp-includes\class-wp-hook.php(324): Modulo_Ventas_Admin->pagina_cotizaciones('')
#2 C:\wamp64\www\gestion-almacenes-bolt\wp-includes\class-wp-hook.php(348): WP_Hook->apply_filters('', Array)
#3 C:\wamp64\www\gestion-almacenes-bolt\wp-includes\plugin.php(517): WP_Hook->do_action(Array)
#4 C:\wamp64\www\gestion-almacenes-bolt\wp-admin\admin.php(260): do_action('ventas_page_mod...')
#5 {main}
  thrown | Usuario: hostpanish (ID: 1) | IP: ::1 | Contexto: {"file":"C:\\wamp64\\www\\gestion-almacenes-bolt\\wp-content\\plugins\\modulo-de-ventas\\admin\\views\\cotizaciones-list.php","line":26,"type":1}
[2025-06-13 01:45:39] INFO: Plugin desactivado | Usuario: hostpanish (ID: 1) | IP: ::1
[2025-06-13 01:46:04] INFO: Tablas de base de datos creadas/actualizadas | Usuario: hostpanish (ID: 1) | IP: ::1
[2025-06-13 01:46:04] INFO: Plugin activado correctamente | Usuario: hostpanish (ID: 1) | IP: ::1
[2025-06-13 01:54:06] EMERGENCY: Error Fatal: Uncaught Error: Call to undefined method Modulo_Ventas::get_messages() in C:\wamp64\www\gestion-almacenes-bolt\wp-content\plugins\modulo-de-ventas\admin\views\nueva-cotizacion.php:105
Stack trace:
#0 C:\wamp64\www\gestion-almacenes-bolt\wp-content\plugins\modulo-de-ventas\admin\class-modulo-ventas-admin.php(297): require_once()
#1 C:\wamp64\www\gestion-almacenes-bolt\wp-includes\class-wp-hook.php(324): Modulo_Ventas_Admin->pagina_nueva_cotizacion('')
#2 C:\wamp64\www\gestion-almacenes-bolt\wp-includes\class-wp-hook.php(348): WP_Hook->apply_filters('', Array)
#3 C:\wamp64\www\gestion-almacenes-bolt\wp-includes\plugin.php(517): WP_Hook->do_action(Array)
#4 C:\wamp64\www\gestion-almacenes-bolt\wp-admin\admin.php(260): do_action('ventas_page_mod...')
#5 {main}
  thrown | Usuario: hostpanish (ID: 1) | IP: ::1 | Contexto: {"file":"C:\\wamp64\\www\\gestion-almacenes-bolt\\wp-content\\plugins\\modulo-de-ventas\\admin\\views\\nueva-cotizacion.php","line":105,"type":1}
[2025-06-13 01:54:53] EMERGENCY: Error Fatal: Uncaught Error: Call to undefined method Modulo_Ventas::get_messages() in C:\wamp64\www\gestion-almacenes-bolt\wp-content\plugins\modulo-de-ventas\admin\views\nueva-cotizacion.php:105
Stack trace:
#0 C:\wamp64\www\gestion-almacenes-bolt\wp-content\plugins\modulo-de-ventas\admin\class-modulo-ventas-admin.php(297): require_once()
#1 C:\wamp64\www\gestion-almacenes-bolt\wp-includes\class-wp-hook.php(324): Modulo_Ventas_Admin->pagina_nueva_cotizacion('')
#2 C:\wamp64\www\gestion-almacenes-bolt\wp-includes\class-wp-hook.php(348): WP_Hook->apply_filters('', Array)
#3 C:\wamp64\www\gestion-almacenes-bolt\wp-includes\plugin.php(517): WP_Hook->do_action(Array)
#4 C:\wamp64\www\gestion-almacenes-bolt\wp-admin\admin.php(260): do_action('ventas_page_mod...')
#5 {main}
  thrown | Usuario: hostpanish (ID: 1) | IP: ::1 | Contexto: {"file":"C:\\wamp64\\www\\gestion-almacenes-bolt\\wp-content\\plugins\\modulo-de-ventas\\admin\\views\\nueva-cotizacion.php","line":105,"type":1}
[2025-06-13 02:07:19] EMERGENCY: Error Fatal: Uncaught Error: Call to undefined function mv_get_instance() in C:\wamp64\www\gestion-almacenes-bolt\wp-content\plugins\modulo-de-ventas\admin\views\nueva-cotizacion.php:105
Stack trace:
#0 C:\wamp64\www\gestion-almacenes-bolt\wp-content\plugins\modulo-de-ventas\admin\class-modulo-ventas-admin.php(297): require_once()
#1 C:\wamp64\www\gestion-almacenes-bolt\wp-includes\class-wp-hook.php(324): Modulo_Ventas_Admin->pagina_nueva_cotizacion('')
#2 C:\wamp64\www\gestion-almacenes-bolt\wp-includes\class-wp-hook.php(348): WP_Hook->apply_filters('', Array)
#3 C:\wamp64\www\gestion-almacenes-bolt\wp-includes\plugin.php(517): WP_Hook->do_action(Array)
#4 C:\wamp64\www\gestion-almacenes-bolt\wp-admin\admin.php(260): do_action('ventas_page_mod...')
#5 {main}
  thrown | Usuario: hostpanish (ID: 1) | IP: ::1 | Contexto: {"file":"C:\\wamp64\\www\\gestion-almacenes-bolt\\wp-content\\plugins\\modulo-de-ventas\\admin\\views\\nueva-cotizacion.php","line":105,"type":1}
[2025-06-13 02:07:30] EMERGENCY: Error Fatal: Uncaught Error: Call to undefined method Modulo_Ventas_DB::obtener_estadisticas_cotizaciones() in C:\wamp64\www\gestion-almacenes-bolt\wp-content\plugins\modulo-de-ventas\admin\views\cotizaciones-list.php:26
Stack trace:
#0 C:\wamp64\www\gestion-almacenes-bolt\wp-content\plugins\modulo-de-ventas\admin\class-modulo-ventas-admin.php(270): require_once()
#1 C:\wamp64\www\gestion-almacenes-bolt\wp-includes\class-wp-hook.php(324): Modulo_Ventas_Admin->pagina_cotizaciones('')
#2 C:\wamp64\www\gestion-almacenes-bolt\wp-includes\class-wp-hook.php(348): WP_Hook->apply_filters('', Array)
#3 C:\wamp64\www\gestion-almacenes-bolt\wp-includes\plugin.php(517): WP_Hook->do_action(Array)
#4 C:\wamp64\www\gestion-almacenes-bolt\wp-admin\admin.php(260): do_action('ventas_page_mod...')
#5 {main}
  thrown | Usuario: hostpanish (ID: 1) | IP: ::1 | Contexto: {"file":"C:\\wamp64\\www\\gestion-almacenes-bolt\\wp-content\\plugins\\modulo-de-ventas\\admin\\views\\cotizaciones-list.php","line":26,"type":1}
[2025-06-13 02:07:36] EMERGENCY: Error Fatal: Uncaught Error: Call to undefined function mv_get_instance() in C:\wamp64\www\gestion-almacenes-bolt\wp-content\plugins\modulo-de-ventas\admin\views\nueva-cotizacion.php:105
Stack trace:
#0 C:\wamp64\www\gestion-almacenes-bolt\wp-content\plugins\modulo-de-ventas\admin\class-modulo-ventas-admin.php(297): require_once()
#1 C:\wamp64\www\gestion-almacenes-bolt\wp-includes\class-wp-hook.php(324): Modulo_Ventas_Admin->pagina_nueva_cotizacion('')
#2 C:\wamp64\www\gestion-almacenes-bolt\wp-includes\class-wp-hook.php(348): WP_Hook->apply_filters('', Array)
#3 C:\wamp64\www\gestion-almacenes-bolt\wp-includes\plugin.php(517): WP_Hook->do_action(Array)
#4 C:\wamp64\www\gestion-almacenes-bolt\wp-admin\admin.php(260): do_action('ventas_page_mod...')
#5 {main}
  thrown | Usuario: hostpanish (ID: 1) | IP: ::1 | Contexto: {"file":"C:\\wamp64\\www\\gestion-almacenes-bolt\\wp-content\\plugins\\modulo-de-ventas\\admin\\views\\nueva-cotizacion.php","line":105,"type":1}
[2025-06-13 02:08:56] EMERGENCY: Error Fatal: Uncaught Error: Call to undefined function mv_get_instance() in C:\wamp64\www\gestion-almacenes-bolt\wp-content\plugins\modulo-de-ventas\admin\views\nueva-cotizacion.php:105
Stack trace:
#0 C:\wamp64\www\gestion-almacenes-bolt\wp-content\plugins\modulo-de-ventas\admin\class-modulo-ventas-admin.php(297): require_once()
#1 C:\wamp64\www\gestion-almacenes-bolt\wp-includes\class-wp-hook.php(324): Modulo_Ventas_Admin->pagina_nueva_cotizacion('')
#2 C:\wamp64\www\gestion-almacenes-bolt\wp-includes\class-wp-hook.php(348): WP_Hook->apply_filters('', Array)
#3 C:\wamp64\www\gestion-almacenes-bolt\wp-includes\plugin.php(517): WP_Hook->do_action(Array)
#4 C:\wamp64\www\gestion-almacenes-bolt\wp-admin\admin.php(260): do_action('ventas_page_mod...')
#5 {main}
  thrown | Usuario: hostpanish (ID: 1) | IP: ::1 | Contexto: {"file":"C:\\wamp64\\www\\gestion-almacenes-bolt\\wp-content\\plugins\\modulo-de-ventas\\admin\\views\\nueva-cotizacion.php","line":105,"type":1}
[2025-06-13 02:17:15] EMERGENCY: Error Fatal: Uncaught Error: Call to undefined function mv_get_instance() in C:\wamp64\www\gestion-almacenes-bolt\wp-content\plugins\modulo-de-ventas\admin\views\nueva-cotizacion.php:105
Stack trace:
#0 C:\wamp64\www\gestion-almacenes-bolt\wp-content\plugins\modulo-de-ventas\admin\class-modulo-ventas-admin.php(297): require_once()
#1 C:\wamp64\www\gestion-almacenes-bolt\wp-includes\class-wp-hook.php(324): Modulo_Ventas_Admin->pagina_nueva_cotizacion('')
#2 C:\wamp64\www\gestion-almacenes-bolt\wp-includes\class-wp-hook.php(348): WP_Hook->apply_filters('', Array)
#3 C:\wamp64\www\gestion-almacenes-bolt\wp-includes\plugin.php(517): WP_Hook->do_action(Array)
#4 C:\wamp64\www\gestion-almacenes-bolt\wp-admin\admin.php(260): do_action('ventas_page_mod...')
#5 {main}
  thrown | Usuario: hostpanish (ID: 1) | IP: ::1 | Contexto: {"file":"C:\\wamp64\\www\\gestion-almacenes-bolt\\wp-content\\plugins\\modulo-de-ventas\\admin\\views\\nueva-cotizacion.php","line":105,"type":1}
[2025-06-13 02:27:53] EMERGENCY: Error Fatal: Uncaught Error: Call to undefined function mv_get_instance() in C:\wamp64\www\gestion-almacenes-bolt\wp-content\plugins\modulo-de-ventas\admin\views\nueva-cotizacion.php:105
Stack trace:
#0 C:\wamp64\www\gestion-almacenes-bolt\wp-content\plugins\modulo-de-ventas\admin\class-modulo-ventas-admin.php(297): require_once()
#1 C:\wamp64\www\gestion-almacenes-bolt\wp-includes\class-wp-hook.php(324): Modulo_Ventas_Admin->pagina_nueva_cotizacion('')
#2 C:\wamp64\www\gestion-almacenes-bolt\wp-includes\class-wp-hook.php(348): WP_Hook->apply_filters('', Array)
#3 C:\wamp64\www\gestion-almacenes-bolt\wp-includes\plugin.php(517): WP_Hook->do_action(Array)
#4 C:\wamp64\www\gestion-almacenes-bolt\wp-admin\admin.php(260): do_action('ventas_page_mod...')
#5 {main}
  thrown | Usuario: hostpanish (ID: 1) | IP: ::1 | Contexto: {"file":"C:\\wamp64\\www\\gestion-almacenes-bolt\\wp-content\\plugins\\modulo-de-ventas\\admin\\views\\nueva-cotizacion.php","line":105,"type":1}
[2025-06-13 02:29:28] EMERGENCY: Error Fatal: Uncaught Error: Call to undefined function mv_get_instance() in C:\wamp64\www\gestion-almacenes-bolt\wp-content\plugins\modulo-de-ventas\admin\views\nueva-cotizacion.php:111
Stack trace:
#0 C:\wamp64\www\gestion-almacenes-bolt\wp-content\plugins\modulo-de-ventas\admin\class-modulo-ventas-admin.php(297): require_once()
#1 C:\wamp64\www\gestion-almacenes-bolt\wp-includes\class-wp-hook.php(324): Modulo_Ventas_Admin->pagina_nueva_cotizacion('')
#2 C:\wamp64\www\gestion-almacenes-bolt\wp-includes\class-wp-hook.php(348): WP_Hook->apply_filters('', Array)
#3 C:\wamp64\www\gestion-almacenes-bolt\wp-includes\plugin.php(517): WP_Hook->do_action(Array)
#4 C:\wamp64\www\gestion-almacenes-bolt\wp-admin\admin.php(260): do_action('ventas_page_mod...')
#5 {main}
  thrown | Usuario: hostpanish (ID: 1) | IP: ::1 | Contexto: {"file":"C:\\wamp64\\www\\gestion-almacenes-bolt\\wp-content\\plugins\\modulo-de-ventas\\admin\\views\\nueva-cotizacion.php","line":111,"type":1}
[2025-06-13 02:29:56] EMERGENCY: Error Fatal: Uncaught Error: Call to undefined function mv_get_instance() in C:\wamp64\www\gestion-almacenes-bolt\wp-content\plugins\modulo-de-ventas\admin\views\nueva-cotizacion.php:113
Stack trace:
#0 C:\wamp64\www\gestion-almacenes-bolt\wp-content\plugins\modulo-de-ventas\admin\class-modulo-ventas-admin.php(297): require_once()
#1 C:\wamp64\www\gestion-almacenes-bolt\wp-includes\class-wp-hook.php(324): Modulo_Ventas_Admin->pagina_nueva_cotizacion('')
#2 C:\wamp64\www\gestion-almacenes-bolt\wp-includes\class-wp-hook.php(348): WP_Hook->apply_filters('', Array)
#3 C:\wamp64\www\gestion-almacenes-bolt\wp-includes\plugin.php(517): WP_Hook->do_action(Array)
#4 C:\wamp64\www\gestion-almacenes-bolt\wp-admin\admin.php(260): do_action('ventas_page_mod...')
#5 {main}
  thrown | Usuario: hostpanish (ID: 1) | IP: ::1 | Contexto: {"file":"C:\\wamp64\\www\\gestion-almacenes-bolt\\wp-content\\plugins\\modulo-de-ventas\\admin\\views\\nueva-cotizacion.php","line":113,"type":1}
[2025-06-13 02:30:18] EMERGENCY: Error Fatal: Uncaught Error: Call to undefined function mv_get_instance() in C:\wamp64\www\gestion-almacenes-bolt\wp-content\plugins\modulo-de-ventas\admin\views\nueva-cotizacion.php:111
Stack trace:
#0 C:\wamp64\www\gestion-almacenes-bolt\wp-content\plugins\modulo-de-ventas\admin\class-modulo-ventas-admin.php(297): require_once()
#1 C:\wamp64\www\gestion-almacenes-bolt\wp-includes\class-wp-hook.php(324): Modulo_Ventas_Admin->pagina_nueva_cotizacion('')
#2 C:\wamp64\www\gestion-almacenes-bolt\wp-includes\class-wp-hook.php(348): WP_Hook->apply_filters('', Array)
#3 C:\wamp64\www\gestion-almacenes-bolt\wp-includes\plugin.php(517): WP_Hook->do_action(Array)
#4 C:\wamp64\www\gestion-almacenes-bolt\wp-admin\admin.php(260): do_action('ventas_page_mod...')
#5 {main}
  thrown | Usuario: hostpanish (ID: 1) | IP: ::1 | Contexto: {"file":"C:\\wamp64\\www\\gestion-almacenes-bolt\\wp-content\\plugins\\modulo-de-ventas\\admin\\views\\nueva-cotizacion.php","line":111,"type":1}
[2025-06-13 02:31:51] EMERGENCY: Error Fatal: Uncaught Error: Call to undefined function mv_get_instance() in C:\wamp64\www\gestion-almacenes-bolt\wp-content\plugins\modulo-de-ventas\admin\views\nueva-cotizacion.php:113
Stack trace:
#0 C:\wamp64\www\gestion-almacenes-bolt\wp-content\plugins\modulo-de-ventas\admin\class-modulo-ventas-admin.php(297): require_once()
#1 C:\wamp64\www\gestion-almacenes-bolt\wp-includes\class-wp-hook.php(324): Modulo_Ventas_Admin->pagina_nueva_cotizacion('')
#2 C:\wamp64\www\gestion-almacenes-bolt\wp-includes\class-wp-hook.php(348): WP_Hook->apply_filters('', Array)
#3 C:\wamp64\www\gestion-almacenes-bolt\wp-includes\plugin.php(517): WP_Hook->do_action(Array)
#4 C:\wamp64\www\gestion-almacenes-bolt\wp-admin\admin.php(260): do_action('ventas_page_mod...')
#5 {main}
  thrown | Usuario: hostpanish (ID: 1) | IP: ::1 | Contexto: {"file":"C:\\wamp64\\www\\gestion-almacenes-bolt\\wp-content\\plugins\\modulo-de-ventas\\admin\\views\\nueva-cotizacion.php","line":113,"type":1}
[2025-06-13 02:33:56] EMERGENCY: Error Fatal: Uncaught Error: Call to undefined function mv_calcular_fecha_expiracion() in C:\wamp64\www\gestion-almacenes-bolt\wp-content\plugins\modulo-de-ventas\admin\views\nueva-cotizacion.php:121
Stack trace:
#0 C:\wamp64\www\gestion-almacenes-bolt\wp-content\plugins\modulo-de-ventas\admin\class-modulo-ventas-admin.php(297): require_once()
#1 C:\wamp64\www\gestion-almacenes-bolt\wp-includes\class-wp-hook.php(324): Modulo_Ventas_Admin->pagina_nueva_cotizacion('')
#2 C:\wamp64\www\gestion-almacenes-bolt\wp-includes\class-wp-hook.php(348): WP_Hook->apply_filters('', Array)
#3 C:\wamp64\www\gestion-almacenes-bolt\wp-includes\plugin.php(517): WP_Hook->do_action(Array)
#4 C:\wamp64\www\gestion-almacenes-bolt\wp-admin\admin.php(260): do_action('ventas_page_mod...')
#5 {main}
  thrown | Usuario: hostpanish (ID: 1) | IP: ::1 | Contexto: {"file":"C:\\wamp64\\www\\gestion-almacenes-bolt\\wp-content\\plugins\\modulo-de-ventas\\admin\\views\\nueva-cotizacion.php","line":121,"type":1}
[2025-06-13 02:53:12] EMERGENCY: Error Fatal: Uncaught Error: Call to undefined function mv_calcular_fecha_expiracion() in C:\wamp64\www\gestion-almacenes-bolt\wp-content\plugins\modulo-de-ventas\admin\views\nueva-cotizacion.php:121
Stack trace:
#0 C:\wamp64\www\gestion-almacenes-bolt\wp-content\plugins\modulo-de-ventas\admin\class-modulo-ventas-admin.php(297): require_once()
#1 C:\wamp64\www\gestion-almacenes-bolt\wp-includes\class-wp-hook.php(324): Modulo_Ventas_Admin->pagina_nueva_cotizacion('')
#2 C:\wamp64\www\gestion-almacenes-bolt\wp-includes\class-wp-hook.php(348): WP_Hook->apply_filters('', Array)
#3 C:\wamp64\www\gestion-almacenes-bolt\wp-includes\plugin.php(517): WP_Hook->do_action(Array)
#4 C:\wamp64\www\gestion-almacenes-bolt\wp-admin\admin.php(260): do_action('ventas_page_mod...')
#5 {main}
  thrown | Usuario: hostpanish (ID: 1) | IP: ::1 | Contexto: {"file":"C:\\wamp64\\www\\gestion-almacenes-bolt\\wp-content\\plugins\\modulo-de-ventas\\admin\\views\\nueva-cotizacion.php","line":121,"type":1}
[2025-06-13 03:00:18] EMERGENCY: Error Fatal: Uncaught Error: Call to undefined function mv_calcular_fecha_expiracion() in C:\wamp64\www\gestion-almacenes-bolt\wp-content\plugins\modulo-de-ventas\admin\views\nueva-cotizacion.php:121
Stack trace:
#0 C:\wamp64\www\gestion-almacenes-bolt\wp-content\plugins\modulo-de-ventas\admin\class-modulo-ventas-admin.php(297): require_once()
#1 C:\wamp64\www\gestion-almacenes-bolt\wp-includes\class-wp-hook.php(324): Modulo_Ventas_Admin->pagina_nueva_cotizacion('')
#2 C:\wamp64\www\gestion-almacenes-bolt\wp-includes\class-wp-hook.php(348): WP_Hook->apply_filters('', Array)
#3 C:\wamp64\www\gestion-almacenes-bolt\wp-includes\plugin.php(517): WP_Hook->do_action(Array)
#4 C:\wamp64\www\gestion-almacenes-bolt\wp-admin\admin.php(260): do_action('ventas_page_mod...')
#5 {main}
  thrown | Usuario: hostpanish (ID: 1) | IP: ::1 | Contexto: {"file":"C:\\wamp64\\www\\gestion-almacenes-bolt\\wp-content\\plugins\\modulo-de-ventas\\admin\\views\\nueva-cotizacion.php","line":121,"type":1}
[2025-06-13 03:00:29] EMERGENCY: Error Fatal: Uncaught Error: Call to undefined function mv_calcular_fecha_expiracion() in C:\wamp64\www\gestion-almacenes-bolt\wp-content\plugins\modulo-de-ventas\admin\views\nueva-cotizacion.php:121
Stack trace:
#0 C:\wamp64\www\gestion-almacenes-bolt\wp-content\plugins\modulo-de-ventas\admin\class-modulo-ventas-admin.php(297): require_once()
#1 C:\wamp64\www\gestion-almacenes-bolt\wp-includes\class-wp-hook.php(324): Modulo_Ventas_Admin->pagina_nueva_cotizacion('')
#2 C:\wamp64\www\gestion-almacenes-bolt\wp-includes\class-wp-hook.php(348): WP_Hook->apply_filters('', Array)
#3 C:\wamp64\www\gestion-almacenes-bolt\wp-includes\plugin.php(517): WP_Hook->do_action(Array)
#4 C:\wamp64\www\gestion-almacenes-bolt\wp-admin\admin.php(260): do_action('ventas_page_mod...')
#5 {main}
  thrown | Usuario: hostpanish (ID: 1) | IP: ::1 | Contexto: {"file":"C:\\wamp64\\www\\gestion-almacenes-bolt\\wp-content\\plugins\\modulo-de-ventas\\admin\\views\\nueva-cotizacion.php","line":121,"type":1}
[2025-06-13 03:08:01] EMERGENCY: Error Fatal: Uncaught Error: Call to undefined function mv_calcular_fecha_expiracion() in C:\wamp64\www\gestion-almacenes-bolt\wp-content\plugins\modulo-de-ventas\admin\views\nueva-cotizacion.php:132
Stack trace:
#0 C:\wamp64\www\gestion-almacenes-bolt\wp-content\plugins\modulo-de-ventas\admin\class-modulo-ventas-admin.php(297): require_once()
#1 C:\wamp64\www\gestion-almacenes-bolt\wp-includes\class-wp-hook.php(324): Modulo_Ventas_Admin->pagina_nueva_cotizacion('')
#2 C:\wamp64\www\gestion-almacenes-bolt\wp-includes\class-wp-hook.php(348): WP_Hook->apply_filters('', Array)
#3 C:\wamp64\www\gestion-almacenes-bolt\wp-includes\plugin.php(517): WP_Hook->do_action(Array)
#4 C:\wamp64\www\gestion-almacenes-bolt\wp-admin\admin.php(260): do_action('ventas_page_mod...')
#5 {main}
  thrown | Usuario: hostpanish (ID: 1) | IP: ::1 | Contexto: {"file":"C:\\wamp64\\www\\gestion-almacenes-bolt\\wp-content\\plugins\\modulo-de-ventas\\admin\\views\\nueva-cotizacion.php","line":132,"type":1}
[2025-06-13 03:41:01] INFO: Tablas de base de datos creadas/actualizadas | Usuario: hostpanish (ID: 1) | IP: ::1
[2025-06-13 03:41:01] INFO: Plugin activado correctamente | Usuario: hostpanish (ID: 1) | IP: ::1
[2025-06-13 03:41:11] EMERGENCY: Error Fatal: Uncaught Error: Call to undefined function mv_admin_url() in C:\wamp64\www\gestion-almacenes-bolt\wp-content\plugins\modulo-de-ventas\admin\views\dashboard.php:38
Stack trace:
#0 C:\wamp64\www\gestion-almacenes-bolt\wp-content\plugins\modulo-de-ventas\admin\class-modulo-ventas-admin.php(249): require_once()
#1 C:\wamp64\www\gestion-almacenes-bolt\wp-includes\class-wp-hook.php(324): Modulo_Ventas_Admin->pagina_dashboard('')
#2 C:\wamp64\www\gestion-almacenes-bolt\wp-includes\class-wp-hook.php(348): WP_Hook->apply_filters('', Array)
#3 C:\wamp64\www\gestion-almacenes-bolt\wp-includes\plugin.php(517): WP_Hook->do_action(Array)
#4 C:\wamp64\www\gestion-almacenes-bolt\wp-admin\admin.php(260): do_action('toplevel_page_m...')
#5 {main}
  thrown | Usuario: hostpanish (ID: 1) | IP: ::1 | Contexto: {"file":"C:\\wamp64\\www\\gestion-almacenes-bolt\\wp-content\\plugins\\modulo-de-ventas\\admin\\views\\dashboard.php","line":38,"type":1}
[2025-06-13 03:53:12] EMERGENCY: Error Fatal: Uncaught Error: Call to undefined method stdClass::get_messages() in C:\wamp64\www\gestion-almacenes-bolt\wp-content\plugins\modulo-de-ventas\admin\views\nueva-cotizacion.php:171
Stack trace:
#0 C:\wamp64\www\gestion-almacenes-bolt\wp-content\plugins\modulo-de-ventas\admin\class-modulo-ventas-admin.php(297): require_once()
#1 C:\wamp64\www\gestion-almacenes-bolt\wp-includes\class-wp-hook.php(324): Modulo_Ventas_Admin->pagina_nueva_cotizacion('')
#2 C:\wamp64\www\gestion-almacenes-bolt\wp-includes\class-wp-hook.php(348): WP_Hook->apply_filters('', Array)
#3 C:\wamp64\www\gestion-almacenes-bolt\wp-includes\plugin.php(517): WP_Hook->do_action(Array)
#4 C:\wamp64\www\gestion-almacenes-bolt\wp-admin\admin.php(260): do_action('ventas_page_mod...')
#5 {main}
  thrown | Usuario: hostpanish (ID: 1) | IP: ::1 | Contexto: {"file":"C:\\wamp64\\www\\gestion-almacenes-bolt\\wp-content\\plugins\\modulo-de-ventas\\admin\\views\\nueva-cotizacion.php","line":171,"type":1}
