[2025-08-01 21:34:47] INFO: 2 cotizaciones marcadas como expiradas | IP: ::1
[2025-08-01 21:34:47] INFO: Verificación automática: 2 cotizaciones marcadas como expiradas | IP: ::1
[2025-08-01 21:37:20] EMERGENCY: Error Fatal: Maximum execution time of 120 seconds exceeded | Usuario: hostpanish (ID: 1) | IP: ::1 | Contexto: {"file":"C:\\wamp64\\www\\gestion-almacenes-bolt\\wp-admin\\includes\\class-core-upgrader.php","line":417,"type":1}
[2025-08-01 21:49:31] INFO: Iniciando creación de cotización | Usuario: hostpanish (ID: 1) | IP: ::1 | Contexto: {"cliente_id":23,"productos":1,"permitir_sin_stock":"no"}
[2025-08-01 21:49:31] INFO: Validación de stock exitosa para todos los productos | Usuario: hostpanish (ID: 1) | IP: ::1
[2025-08-01 21:49:31] INFO: Cotización creada: COT-2025-000029 (ID: 29) | Usuario: hostpanish (ID: 1) | IP: ::1
[2025-08-01 21:49:31] INFO: Cotización creada exitosamente | Usuario: hostpanish (ID: 1) | IP: ::1 | Contexto: {"cotizacion_id":29}
[2025-08-01 21:49:31] INFO: Cotización creada exitosamente | Usuario: hostpanish (ID: 1) | IP: ::1 | Contexto: {"cotizacion_id":29,"folio":"COT-2025-000029"}
[2025-08-01 21:59:04] INFO: TEMPLATE_PROCESSOR: Datos sincronizados entre cotizacion_data y datos | Usuario: hostpanish (ID: 1) | IP: ::1
[2025-08-01 21:59:04] INFO: TEMPLATE_PROCESSOR: tiene_datos() ahora devuelve: TRUE | Usuario: hostpanish (ID: 1) | IP: ::1
[2025-08-01 21:59:04] INFO: PROCESSOR: Procesando template con datos disponibles | Usuario: hostpanish (ID: 1) | IP: ::1
[2025-08-01 21:59:04] INFO: PROCESSOR: Claves principales: cotizacion, cliente, empresa, productos, fechas, sistema, totales | Usuario: hostpanish (ID: 1) | IP: ::1
[2025-08-01 21:59:04] INFO: PROCESSOR: Procesando CSS para visualización web | Usuario: hostpanish (ID: 1) | IP: ::1
[2025-08-01 22:09:42] INFO: Plantilla ID 4 actualizada exitosamente | Usuario: hostpanish (ID: 1) | IP: ::1
[2025-08-01 22:09:47] INFO: TEMPLATE_PROCESSOR: Datos sincronizados entre cotizacion_data y datos | Usuario: hostpanish (ID: 1) | IP: ::1
[2025-08-01 22:09:47] INFO: TEMPLATE_PROCESSOR: tiene_datos() ahora devuelve: TRUE | Usuario: hostpanish (ID: 1) | IP: ::1
[2025-08-01 22:09:47] INFO: PROCESSOR: Procesando template con datos disponibles | Usuario: hostpanish (ID: 1) | IP: ::1
[2025-08-01 22:09:47] INFO: PROCESSOR: Claves principales: cotizacion, cliente, empresa, productos, fechas, sistema, totales | Usuario: hostpanish (ID: 1) | IP: ::1
[2025-08-01 22:09:47] INFO: PROCESSOR: Procesando CSS para visualización web | Usuario: hostpanish (ID: 1) | IP: ::1
[2025-08-01 22:10:44] INFO: Plantilla ID 4 actualizada exitosamente | Usuario: hostpanish (ID: 1) | IP: ::1
[2025-08-01 22:10:51] INFO: TEMPLATE_PROCESSOR: Datos sincronizados entre cotizacion_data y datos | Usuario: hostpanish (ID: 1) | IP: ::1
[2025-08-01 22:10:51] INFO: TEMPLATE_PROCESSOR: tiene_datos() ahora devuelve: TRUE | Usuario: hostpanish (ID: 1) | IP: ::1
[2025-08-01 22:10:51] INFO: PROCESSOR: Procesando template con datos disponibles | Usuario: hostpanish (ID: 1) | IP: ::1
[2025-08-01 22:10:51] INFO: PROCESSOR: Claves principales: cotizacion, cliente, empresa, productos, fechas, sistema, totales | Usuario: hostpanish (ID: 1) | IP: ::1
[2025-08-01 22:10:51] INFO: PROCESSOR: Procesando CSS para visualización web | Usuario: hostpanish (ID: 1) | IP: ::1
[2025-08-01 22:11:37] INFO: Plantilla ID 4 actualizada exitosamente | Usuario: hostpanish (ID: 1) | IP: ::1
[2025-08-01 22:11:42] INFO: TEMPLATE_PROCESSOR: Datos sincronizados entre cotizacion_data y datos | Usuario: hostpanish (ID: 1) | IP: ::1
[2025-08-01 22:11:42] INFO: TEMPLATE_PROCESSOR: tiene_datos() ahora devuelve: TRUE | Usuario: hostpanish (ID: 1) | IP: ::1
[2025-08-01 22:11:42] INFO: PROCESSOR: Procesando template con datos disponibles | Usuario: hostpanish (ID: 1) | IP: ::1
[2025-08-01 22:11:42] INFO: PROCESSOR: Claves principales: cotizacion, cliente, empresa, productos, fechas, sistema, totales | Usuario: hostpanish (ID: 1) | IP: ::1
[2025-08-01 22:11:42] INFO: PROCESSOR: Procesando CSS para visualización web | Usuario: hostpanish (ID: 1) | IP: ::1
[2025-08-01 22:19:50] INFO: Plantilla ID 4 actualizada exitosamente | Usuario: hostpanish (ID: 1) | IP: ::1
[2025-08-01 22:19:53] INFO: TEMPLATE_PROCESSOR: Datos sincronizados entre cotizacion_data y datos | Usuario: hostpanish (ID: 1) | IP: ::1
[2025-08-01 22:19:53] INFO: TEMPLATE_PROCESSOR: tiene_datos() ahora devuelve: TRUE | Usuario: hostpanish (ID: 1) | IP: ::1
[2025-08-01 22:19:53] INFO: PROCESSOR: Procesando template con datos disponibles | Usuario: hostpanish (ID: 1) | IP: ::1
[2025-08-01 22:19:53] INFO: PROCESSOR: Claves principales: cotizacion, cliente, empresa, productos, fechas, sistema, totales | Usuario: hostpanish (ID: 1) | IP: ::1
[2025-08-01 22:19:53] INFO: PROCESSOR: Procesando CSS para visualización web | Usuario: hostpanish (ID: 1) | IP: ::1
[2025-08-01 22:20:02] INFO: TEMPLATE_PROCESSOR: Datos sincronizados entre cotizacion_data y datos | Usuario: hostpanish (ID: 1) | IP: ::1
[2025-08-01 22:20:02] INFO: TEMPLATE_PROCESSOR: tiene_datos() ahora devuelve: TRUE | Usuario: hostpanish (ID: 1) | IP: ::1
[2025-08-01 22:20:02] INFO: PROCESSOR: Procesando template con datos disponibles | Usuario: hostpanish (ID: 1) | IP: ::1
[2025-08-01 22:20:02] INFO: PROCESSOR: Claves principales: cotizacion, cliente, empresa, productos, fechas, sistema, totales | Usuario: hostpanish (ID: 1) | IP: ::1
[2025-08-01 22:20:02] INFO: PROCESSOR: Procesando CSS para visualización web | Usuario: hostpanish (ID: 1) | IP: ::1
[2025-08-01 22:21:54] INFO: Plantilla ID 4 actualizada exitosamente | Usuario: hostpanish (ID: 1) | IP: ::1
[2025-08-01 22:22:00] INFO: TEMPLATE_PROCESSOR: Datos sincronizados entre cotizacion_data y datos | Usuario: hostpanish (ID: 1) | IP: ::1
[2025-08-01 22:22:00] INFO: TEMPLATE_PROCESSOR: tiene_datos() ahora devuelve: TRUE | Usuario: hostpanish (ID: 1) | IP: ::1
[2025-08-01 22:22:00] INFO: PROCESSOR: Procesando template con datos disponibles | Usuario: hostpanish (ID: 1) | IP: ::1
[2025-08-01 22:22:00] INFO: PROCESSOR: Claves principales: cotizacion, cliente, empresa, productos, fechas, sistema, totales | Usuario: hostpanish (ID: 1) | IP: ::1
[2025-08-01 22:22:00] INFO: PROCESSOR: Procesando CSS para visualización web | Usuario: hostpanish (ID: 1) | IP: ::1
[2025-08-01 22:22:33] INFO: Plantilla ID 4 actualizada exitosamente | Usuario: hostpanish (ID: 1) | IP: ::1
[2025-08-01 22:22:37] INFO: TEMPLATE_PROCESSOR: Datos sincronizados entre cotizacion_data y datos | Usuario: hostpanish (ID: 1) | IP: ::1
[2025-08-01 22:22:37] INFO: TEMPLATE_PROCESSOR: tiene_datos() ahora devuelve: TRUE | Usuario: hostpanish (ID: 1) | IP: ::1
[2025-08-01 22:22:37] INFO: PROCESSOR: Procesando template con datos disponibles | Usuario: hostpanish (ID: 1) | IP: ::1
[2025-08-01 22:22:37] INFO: PROCESSOR: Claves principales: cotizacion, cliente, empresa, productos, fechas, sistema, totales | Usuario: hostpanish (ID: 1) | IP: ::1
[2025-08-01 22:22:37] INFO: PROCESSOR: Procesando CSS para visualización web | Usuario: hostpanish (ID: 1) | IP: ::1
[2025-08-01 22:24:33] INFO: Plantilla ID 4 actualizada exitosamente | Usuario: hostpanish (ID: 1) | IP: ::1
[2025-08-01 22:24:36] INFO: TEMPLATE_PROCESSOR: Datos sincronizados entre cotizacion_data y datos | Usuario: hostpanish (ID: 1) | IP: ::1
[2025-08-01 22:24:36] INFO: TEMPLATE_PROCESSOR: tiene_datos() ahora devuelve: TRUE | Usuario: hostpanish (ID: 1) | IP: ::1
[2025-08-01 22:24:36] INFO: PROCESSOR: Procesando template con datos disponibles | Usuario: hostpanish (ID: 1) | IP: ::1
[2025-08-01 22:24:36] INFO: PROCESSOR: Claves principales: cotizacion, cliente, empresa, productos, fechas, sistema, totales | Usuario: hostpanish (ID: 1) | IP: ::1
[2025-08-01 22:24:36] INFO: PROCESSOR: Procesando CSS para visualización web | Usuario: hostpanish (ID: 1) | IP: ::1
[2025-08-01 22:25:29] INFO: Plantilla ID 4 actualizada exitosamente | Usuario: hostpanish (ID: 1) | IP: ::1
[2025-08-01 22:25:33] INFO: TEMPLATE_PROCESSOR: Datos sincronizados entre cotizacion_data y datos | Usuario: hostpanish (ID: 1) | IP: ::1
[2025-08-01 22:25:33] INFO: TEMPLATE_PROCESSOR: tiene_datos() ahora devuelve: TRUE | Usuario: hostpanish (ID: 1) | IP: ::1
[2025-08-01 22:25:33] INFO: PROCESSOR: Procesando template con datos disponibles | Usuario: hostpanish (ID: 1) | IP: ::1
[2025-08-01 22:25:33] INFO: PROCESSOR: Claves principales: cotizacion, cliente, empresa, productos, fechas, sistema, totales | Usuario: hostpanish (ID: 1) | IP: ::1
[2025-08-01 22:25:33] INFO: PROCESSOR: Procesando CSS para visualización web | Usuario: hostpanish (ID: 1) | IP: ::1
[2025-08-01 22:26:23] INFO: Plantilla ID 4 actualizada exitosamente | Usuario: hostpanish (ID: 1) | IP: ::1
[2025-08-01 22:26:27] INFO: TEMPLATE_PROCESSOR: Datos sincronizados entre cotizacion_data y datos | Usuario: hostpanish (ID: 1) | IP: ::1
[2025-08-01 22:26:27] INFO: TEMPLATE_PROCESSOR: tiene_datos() ahora devuelve: TRUE | Usuario: hostpanish (ID: 1) | IP: ::1
[2025-08-01 22:26:27] INFO: PROCESSOR: Procesando template con datos disponibles | Usuario: hostpanish (ID: 1) | IP: ::1
[2025-08-01 22:26:27] INFO: PROCESSOR: Claves principales: cotizacion, cliente, empresa, productos, fechas, sistema, totales | Usuario: hostpanish (ID: 1) | IP: ::1
[2025-08-01 22:26:27] INFO: PROCESSOR: Procesando CSS para visualización web | Usuario: hostpanish (ID: 1) | IP: ::1
[2025-08-01 22:27:42] INFO: Plantilla ID 4 actualizada exitosamente | Usuario: hostpanish (ID: 1) | IP: ::1
[2025-08-01 22:27:44] INFO: TEMPLATE_PROCESSOR: Datos sincronizados entre cotizacion_data y datos | Usuario: hostpanish (ID: 1) | IP: ::1
[2025-08-01 22:27:44] INFO: TEMPLATE_PROCESSOR: tiene_datos() ahora devuelve: TRUE | Usuario: hostpanish (ID: 1) | IP: ::1
[2025-08-01 22:27:44] INFO: PROCESSOR: Procesando template con datos disponibles | Usuario: hostpanish (ID: 1) | IP: ::1
[2025-08-01 22:27:44] INFO: PROCESSOR: Claves principales: cotizacion, cliente, empresa, productos, fechas, sistema, totales | Usuario: hostpanish (ID: 1) | IP: ::1
[2025-08-01 22:27:44] INFO: PROCESSOR: Procesando CSS para visualización web | Usuario: hostpanish (ID: 1) | IP: ::1
[2025-08-01 22:28:12] INFO: Plantilla ID 4 actualizada exitosamente | Usuario: hostpanish (ID: 1) | IP: ::1
[2025-08-01 22:28:14] INFO: TEMPLATE_PROCESSOR: Datos sincronizados entre cotizacion_data y datos | Usuario: hostpanish (ID: 1) | IP: ::1
[2025-08-01 22:28:14] INFO: TEMPLATE_PROCESSOR: tiene_datos() ahora devuelve: TRUE | Usuario: hostpanish (ID: 1) | IP: ::1
[2025-08-01 22:28:14] INFO: PROCESSOR: Procesando template con datos disponibles | Usuario: hostpanish (ID: 1) | IP: ::1
[2025-08-01 22:28:14] INFO: PROCESSOR: Claves principales: cotizacion, cliente, empresa, productos, fechas, sistema, totales | Usuario: hostpanish (ID: 1) | IP: ::1
[2025-08-01 22:28:14] INFO: PROCESSOR: Procesando CSS para visualización web | Usuario: hostpanish (ID: 1) | IP: ::1
[2025-08-01 22:28:26] INFO: Plantilla ID 4 actualizada exitosamente | Usuario: hostpanish (ID: 1) | IP: ::1
[2025-08-01 22:28:29] INFO: TEMPLATE_PROCESSOR: Datos sincronizados entre cotizacion_data y datos | Usuario: hostpanish (ID: 1) | IP: ::1
[2025-08-01 22:28:29] INFO: TEMPLATE_PROCESSOR: tiene_datos() ahora devuelve: TRUE | Usuario: hostpanish (ID: 1) | IP: ::1
[2025-08-01 22:28:29] INFO: PROCESSOR: Procesando template con datos disponibles | Usuario: hostpanish (ID: 1) | IP: ::1
[2025-08-01 22:28:29] INFO: PROCESSOR: Claves principales: cotizacion, cliente, empresa, productos, fechas, sistema, totales | Usuario: hostpanish (ID: 1) | IP: ::1
[2025-08-01 22:28:29] INFO: PROCESSOR: Procesando CSS para visualización web | Usuario: hostpanish (ID: 1) | IP: ::1
[2025-08-01 22:28:41] INFO: Plantilla ID 4 actualizada exitosamente | Usuario: hostpanish (ID: 1) | IP: ::1
[2025-08-01 22:28:44] INFO: TEMPLATE_PROCESSOR: Datos sincronizados entre cotizacion_data y datos | Usuario: hostpanish (ID: 1) | IP: ::1
[2025-08-01 22:28:44] INFO: TEMPLATE_PROCESSOR: tiene_datos() ahora devuelve: TRUE | Usuario: hostpanish (ID: 1) | IP: ::1
[2025-08-01 22:28:44] INFO: PROCESSOR: Procesando template con datos disponibles | Usuario: hostpanish (ID: 1) | IP: ::1
[2025-08-01 22:28:44] INFO: PROCESSOR: Claves principales: cotizacion, cliente, empresa, productos, fechas, sistema, totales | Usuario: hostpanish (ID: 1) | IP: ::1
[2025-08-01 22:28:44] INFO: PROCESSOR: Procesando CSS para visualización web | Usuario: hostpanish (ID: 1) | IP: ::1
[2025-08-01 22:32:00] INFO: Plantilla ID 4 actualizada exitosamente | Usuario: hostpanish (ID: 1) | IP: ::1
[2025-08-01 22:32:04] INFO: TEMPLATE_PROCESSOR: Datos sincronizados entre cotizacion_data y datos | Usuario: hostpanish (ID: 1) | IP: ::1
[2025-08-01 22:32:04] INFO: TEMPLATE_PROCESSOR: tiene_datos() ahora devuelve: TRUE | Usuario: hostpanish (ID: 1) | IP: ::1
[2025-08-01 22:32:04] INFO: PROCESSOR: Procesando template con datos disponibles | Usuario: hostpanish (ID: 1) | IP: ::1
[2025-08-01 22:32:04] INFO: PROCESSOR: Claves principales: cotizacion, cliente, empresa, productos, fechas, sistema, totales | Usuario: hostpanish (ID: 1) | IP: ::1
[2025-08-01 22:32:04] INFO: PROCESSOR: Procesando CSS para visualización web | Usuario: hostpanish (ID: 1) | IP: ::1
[2025-08-01 22:33:24] INFO: Plantilla ID 4 actualizada exitosamente | Usuario: hostpanish (ID: 1) | IP: ::1
[2025-08-01 22:33:27] INFO: TEMPLATE_PROCESSOR: Datos sincronizados entre cotizacion_data y datos | Usuario: hostpanish (ID: 1) | IP: ::1
[2025-08-01 22:33:27] INFO: TEMPLATE_PROCESSOR: tiene_datos() ahora devuelve: TRUE | Usuario: hostpanish (ID: 1) | IP: ::1
[2025-08-01 22:33:27] INFO: PROCESSOR: Procesando template con datos disponibles | Usuario: hostpanish (ID: 1) | IP: ::1
[2025-08-01 22:33:27] INFO: PROCESSOR: Claves principales: cotizacion, cliente, empresa, productos, fechas, sistema, totales | Usuario: hostpanish (ID: 1) | IP: ::1
[2025-08-01 22:33:28] INFO: PROCESSOR: Procesando CSS para visualización web | Usuario: hostpanish (ID: 1) | IP: ::1
[2025-08-01 22:34:07] INFO: Plantilla ID 4 actualizada exitosamente | Usuario: hostpanish (ID: 1) | IP: ::1
[2025-08-01 22:34:11] INFO: TEMPLATE_PROCESSOR: Datos sincronizados entre cotizacion_data y datos | Usuario: hostpanish (ID: 1) | IP: ::1
[2025-08-01 22:34:11] INFO: TEMPLATE_PROCESSOR: tiene_datos() ahora devuelve: TRUE | Usuario: hostpanish (ID: 1) | IP: ::1
[2025-08-01 22:34:11] INFO: PROCESSOR: Procesando template con datos disponibles | Usuario: hostpanish (ID: 1) | IP: ::1
[2025-08-01 22:34:11] INFO: PROCESSOR: Claves principales: cotizacion, cliente, empresa, productos, fechas, sistema, totales | Usuario: hostpanish (ID: 1) | IP: ::1
[2025-08-01 22:34:11] INFO: PROCESSOR: Procesando CSS para visualización web | Usuario: hostpanish (ID: 1) | IP: ::1
[2025-08-01 22:35:09] INFO: Plantilla ID 4 actualizada exitosamente | Usuario: hostpanish (ID: 1) | IP: ::1
[2025-08-01 22:35:12] INFO: TEMPLATE_PROCESSOR: Datos sincronizados entre cotizacion_data y datos | Usuario: hostpanish (ID: 1) | IP: ::1
[2025-08-01 22:35:12] INFO: TEMPLATE_PROCESSOR: tiene_datos() ahora devuelve: TRUE | Usuario: hostpanish (ID: 1) | IP: ::1
[2025-08-01 22:35:12] INFO: PROCESSOR: Procesando template con datos disponibles | Usuario: hostpanish (ID: 1) | IP: ::1
[2025-08-01 22:35:12] INFO: PROCESSOR: Claves principales: cotizacion, cliente, empresa, productos, fechas, sistema, totales | Usuario: hostpanish (ID: 1) | IP: ::1
[2025-08-01 22:35:12] INFO: PROCESSOR: Procesando CSS para visualización web | Usuario: hostpanish (ID: 1) | IP: ::1
[2025-08-01 22:36:19] INFO: Plantilla ID 4 actualizada exitosamente | Usuario: hostpanish (ID: 1) | IP: ::1
[2025-08-01 22:36:22] INFO: TEMPLATE_PROCESSOR: Datos sincronizados entre cotizacion_data y datos | Usuario: hostpanish (ID: 1) | IP: ::1
[2025-08-01 22:36:22] INFO: TEMPLATE_PROCESSOR: tiene_datos() ahora devuelve: TRUE | Usuario: hostpanish (ID: 1) | IP: ::1
[2025-08-01 22:36:22] INFO: PROCESSOR: Procesando template con datos disponibles | Usuario: hostpanish (ID: 1) | IP: ::1
[2025-08-01 22:36:22] INFO: PROCESSOR: Claves principales: cotizacion, cliente, empresa, productos, fechas, sistema, totales | Usuario: hostpanish (ID: 1) | IP: ::1
[2025-08-01 22:36:22] INFO: PROCESSOR: Procesando CSS para visualización web | Usuario: hostpanish (ID: 1) | IP: ::1
[2025-08-01 22:36:56] INFO: Plantilla ID 4 actualizada exitosamente | Usuario: hostpanish (ID: 1) | IP: ::1
[2025-08-01 22:36:59] INFO: TEMPLATE_PROCESSOR: Datos sincronizados entre cotizacion_data y datos | Usuario: hostpanish (ID: 1) | IP: ::1
[2025-08-01 22:36:59] INFO: TEMPLATE_PROCESSOR: tiene_datos() ahora devuelve: TRUE | Usuario: hostpanish (ID: 1) | IP: ::1
[2025-08-01 22:36:59] INFO: PROCESSOR: Procesando template con datos disponibles | Usuario: hostpanish (ID: 1) | IP: ::1
[2025-08-01 22:36:59] INFO: PROCESSOR: Claves principales: cotizacion, cliente, empresa, productos, fechas, sistema, totales | Usuario: hostpanish (ID: 1) | IP: ::1
[2025-08-01 22:36:59] INFO: PROCESSOR: Procesando CSS para visualización web | Usuario: hostpanish (ID: 1) | IP: ::1
[2025-08-01 22:38:26] INFO: Plantilla ID 4 actualizada exitosamente | Usuario: hostpanish (ID: 1) | IP: ::1
[2025-08-01 22:38:30] INFO: TEMPLATE_PROCESSOR: Datos sincronizados entre cotizacion_data y datos | Usuario: hostpanish (ID: 1) | IP: ::1
[2025-08-01 22:38:30] INFO: TEMPLATE_PROCESSOR: tiene_datos() ahora devuelve: TRUE | Usuario: hostpanish (ID: 1) | IP: ::1
[2025-08-01 22:38:30] INFO: PROCESSOR: Procesando template con datos disponibles | Usuario: hostpanish (ID: 1) | IP: ::1
[2025-08-01 22:38:30] INFO: PROCESSOR: Claves principales: cotizacion, cliente, empresa, productos, fechas, sistema, totales | Usuario: hostpanish (ID: 1) | IP: ::1
[2025-08-01 22:38:30] INFO: PROCESSOR: Procesando CSS para visualización web | Usuario: hostpanish (ID: 1) | IP: ::1
[2025-08-01 22:39:50] INFO: Plantilla ID 4 actualizada exitosamente | Usuario: hostpanish (ID: 1) | IP: ::1
[2025-08-01 22:39:55] INFO: TEMPLATE_PROCESSOR: Datos sincronizados entre cotizacion_data y datos | Usuario: hostpanish (ID: 1) | IP: ::1
[2025-08-01 22:39:55] INFO: TEMPLATE_PROCESSOR: tiene_datos() ahora devuelve: TRUE | Usuario: hostpanish (ID: 1) | IP: ::1
[2025-08-01 22:39:55] INFO: PROCESSOR: Procesando template con datos disponibles | Usuario: hostpanish (ID: 1) | IP: ::1
[2025-08-01 22:39:55] INFO: PROCESSOR: Claves principales: cotizacion, cliente, empresa, productos, fechas, sistema, totales | Usuario: hostpanish (ID: 1) | IP: ::1
[2025-08-01 22:39:55] INFO: PROCESSOR: Procesando CSS para visualización web | Usuario: hostpanish (ID: 1) | IP: ::1
[2025-08-01 22:40:12] INFO: Plantilla ID 4 actualizada exitosamente | Usuario: hostpanish (ID: 1) | IP: ::1
[2025-08-01 22:40:22] INFO: TEMPLATE_PROCESSOR: Datos sincronizados entre cotizacion_data y datos | Usuario: hostpanish (ID: 1) | IP: ::1
[2025-08-01 22:40:22] INFO: TEMPLATE_PROCESSOR: tiene_datos() ahora devuelve: TRUE | Usuario: hostpanish (ID: 1) | IP: ::1
[2025-08-01 22:40:22] INFO: PROCESSOR: Procesando template con datos disponibles | Usuario: hostpanish (ID: 1) | IP: ::1
[2025-08-01 22:40:22] INFO: PROCESSOR: Claves principales: cotizacion, cliente, empresa, productos, fechas, sistema, totales | Usuario: hostpanish (ID: 1) | IP: ::1
[2025-08-01 22:40:22] INFO: PROCESSOR: Procesando CSS para visualización web | Usuario: hostpanish (ID: 1) | IP: ::1
[2025-08-01 22:40:39] INFO: Plantilla ID 4 actualizada exitosamente | Usuario: hostpanish (ID: 1) | IP: ::1
[2025-08-01 22:40:42] INFO: TEMPLATE_PROCESSOR: Datos sincronizados entre cotizacion_data y datos | Usuario: hostpanish (ID: 1) | IP: ::1
[2025-08-01 22:40:42] INFO: TEMPLATE_PROCESSOR: tiene_datos() ahora devuelve: TRUE | Usuario: hostpanish (ID: 1) | IP: ::1
[2025-08-01 22:40:42] INFO: PROCESSOR: Procesando template con datos disponibles | Usuario: hostpanish (ID: 1) | IP: ::1
[2025-08-01 22:40:42] INFO: PROCESSOR: Claves principales: cotizacion, cliente, empresa, productos, fechas, sistema, totales | Usuario: hostpanish (ID: 1) | IP: ::1
[2025-08-01 22:40:42] INFO: PROCESSOR: Procesando CSS para visualización web | Usuario: hostpanish (ID: 1) | IP: ::1
[2025-08-01 22:43:00] INFO: Plantilla ID 4 actualizada exitosamente | Usuario: hostpanish (ID: 1) | IP: ::1
[2025-08-01 22:43:02] INFO: TEMPLATE_PROCESSOR: Datos sincronizados entre cotizacion_data y datos | Usuario: hostpanish (ID: 1) | IP: ::1
[2025-08-01 22:43:02] INFO: TEMPLATE_PROCESSOR: tiene_datos() ahora devuelve: TRUE | Usuario: hostpanish (ID: 1) | IP: ::1
[2025-08-01 22:43:02] INFO: PROCESSOR: Procesando template con datos disponibles | Usuario: hostpanish (ID: 1) | IP: ::1
[2025-08-01 22:43:02] INFO: PROCESSOR: Claves principales: cotizacion, cliente, empresa, productos, fechas, sistema, totales | Usuario: hostpanish (ID: 1) | IP: ::1
[2025-08-01 22:43:02] INFO: PROCESSOR: Procesando CSS para visualización web | Usuario: hostpanish (ID: 1) | IP: ::1
[2025-08-01 22:43:34] INFO: Plantilla ID 4 actualizada exitosamente | Usuario: hostpanish (ID: 1) | IP: ::1
[2025-08-01 22:43:37] INFO: TEMPLATE_PROCESSOR: Datos sincronizados entre cotizacion_data y datos | Usuario: hostpanish (ID: 1) | IP: ::1
[2025-08-01 22:43:37] INFO: TEMPLATE_PROCESSOR: tiene_datos() ahora devuelve: TRUE | Usuario: hostpanish (ID: 1) | IP: ::1
[2025-08-01 22:43:37] INFO: PROCESSOR: Procesando template con datos disponibles | Usuario: hostpanish (ID: 1) | IP: ::1
[2025-08-01 22:43:37] INFO: PROCESSOR: Claves principales: cotizacion, cliente, empresa, productos, fechas, sistema, totales | Usuario: hostpanish (ID: 1) | IP: ::1
[2025-08-01 22:43:37] INFO: PROCESSOR: Procesando CSS para visualización web | Usuario: hostpanish (ID: 1) | IP: ::1
[2025-08-01 22:43:48] INFO: Plantilla ID 4 actualizada exitosamente | Usuario: hostpanish (ID: 1) | IP: ::1
[2025-08-01 22:43:50] INFO: TEMPLATE_PROCESSOR: Datos sincronizados entre cotizacion_data y datos | Usuario: hostpanish (ID: 1) | IP: ::1
[2025-08-01 22:43:50] INFO: TEMPLATE_PROCESSOR: tiene_datos() ahora devuelve: TRUE | Usuario: hostpanish (ID: 1) | IP: ::1
[2025-08-01 22:43:50] INFO: PROCESSOR: Procesando template con datos disponibles | Usuario: hostpanish (ID: 1) | IP: ::1
[2025-08-01 22:43:50] INFO: PROCESSOR: Claves principales: cotizacion, cliente, empresa, productos, fechas, sistema, totales | Usuario: hostpanish (ID: 1) | IP: ::1
[2025-08-01 22:43:50] INFO: PROCESSOR: Procesando CSS para visualización web | Usuario: hostpanish (ID: 1) | IP: ::1
[2025-08-01 22:45:08] INFO: Plantilla ID 4 actualizada exitosamente | Usuario: hostpanish (ID: 1) | IP: ::1
[2025-08-01 22:45:11] INFO: TEMPLATE_PROCESSOR: Datos sincronizados entre cotizacion_data y datos | Usuario: hostpanish (ID: 1) | IP: ::1
[2025-08-01 22:45:11] INFO: TEMPLATE_PROCESSOR: tiene_datos() ahora devuelve: TRUE | Usuario: hostpanish (ID: 1) | IP: ::1
[2025-08-01 22:45:11] INFO: PROCESSOR: Procesando template con datos disponibles | Usuario: hostpanish (ID: 1) | IP: ::1
[2025-08-01 22:45:11] INFO: PROCESSOR: Claves principales: cotizacion, cliente, empresa, productos, fechas, sistema, totales | Usuario: hostpanish (ID: 1) | IP: ::1
[2025-08-01 22:45:11] INFO: PROCESSOR: Procesando CSS para visualización web | Usuario: hostpanish (ID: 1) | IP: ::1
[2025-08-01 22:46:16] INFO: Plantilla ID 4 actualizada exitosamente | Usuario: hostpanish (ID: 1) | IP: ::1
[2025-08-01 22:46:21] INFO: TEMPLATE_PROCESSOR: Datos sincronizados entre cotizacion_data y datos | Usuario: hostpanish (ID: 1) | IP: ::1
[2025-08-01 22:46:21] INFO: TEMPLATE_PROCESSOR: tiene_datos() ahora devuelve: TRUE | Usuario: hostpanish (ID: 1) | IP: ::1
[2025-08-01 22:46:21] INFO: PROCESSOR: Procesando template con datos disponibles | Usuario: hostpanish (ID: 1) | IP: ::1
[2025-08-01 22:46:21] INFO: PROCESSOR: Claves principales: cotizacion, cliente, empresa, productos, fechas, sistema, totales | Usuario: hostpanish (ID: 1) | IP: ::1
[2025-08-01 22:46:21] INFO: PROCESSOR: Procesando CSS para visualización web | Usuario: hostpanish (ID: 1) | IP: ::1
[2025-08-01 22:46:49] INFO: Plantilla ID 4 actualizada exitosamente | Usuario: hostpanish (ID: 1) | IP: ::1
[2025-08-01 22:46:52] INFO: TEMPLATE_PROCESSOR: Datos sincronizados entre cotizacion_data y datos | Usuario: hostpanish (ID: 1) | IP: ::1
[2025-08-01 22:46:52] INFO: TEMPLATE_PROCESSOR: tiene_datos() ahora devuelve: TRUE | Usuario: hostpanish (ID: 1) | IP: ::1
[2025-08-01 22:46:52] INFO: PROCESSOR: Procesando template con datos disponibles | Usuario: hostpanish (ID: 1) | IP: ::1
[2025-08-01 22:46:52] INFO: PROCESSOR: Claves principales: cotizacion, cliente, empresa, productos, fechas, sistema, totales | Usuario: hostpanish (ID: 1) | IP: ::1
[2025-08-01 22:46:52] INFO: PROCESSOR: Procesando CSS para visualización web | Usuario: hostpanish (ID: 1) | IP: ::1
[2025-08-01 22:47:31] INFO: Plantilla ID 4 actualizada exitosamente | Usuario: hostpanish (ID: 1) | IP: ::1
[2025-08-01 22:47:33] INFO: TEMPLATE_PROCESSOR: Datos sincronizados entre cotizacion_data y datos | Usuario: hostpanish (ID: 1) | IP: ::1
[2025-08-01 22:47:33] INFO: TEMPLATE_PROCESSOR: tiene_datos() ahora devuelve: TRUE | Usuario: hostpanish (ID: 1) | IP: ::1
[2025-08-01 22:47:33] INFO: PROCESSOR: Procesando template con datos disponibles | Usuario: hostpanish (ID: 1) | IP: ::1
[2025-08-01 22:47:33] INFO: PROCESSOR: Claves principales: cotizacion, cliente, empresa, productos, fechas, sistema, totales | Usuario: hostpanish (ID: 1) | IP: ::1
[2025-08-01 22:47:33] INFO: PROCESSOR: Procesando CSS para visualización web | Usuario: hostpanish (ID: 1) | IP: ::1
[2025-08-01 22:48:27] INFO: Plantilla ID 4 actualizada exitosamente | Usuario: hostpanish (ID: 1) | IP: ::1
[2025-08-01 22:48:29] INFO: TEMPLATE_PROCESSOR: Datos sincronizados entre cotizacion_data y datos | Usuario: hostpanish (ID: 1) | IP: ::1
[2025-08-01 22:48:29] INFO: TEMPLATE_PROCESSOR: tiene_datos() ahora devuelve: TRUE | Usuario: hostpanish (ID: 1) | IP: ::1
[2025-08-01 22:48:29] INFO: PROCESSOR: Procesando template con datos disponibles | Usuario: hostpanish (ID: 1) | IP: ::1
[2025-08-01 22:48:29] INFO: PROCESSOR: Claves principales: cotizacion, cliente, empresa, productos, fechas, sistema, totales | Usuario: hostpanish (ID: 1) | IP: ::1
[2025-08-01 22:48:30] INFO: PROCESSOR: Procesando CSS para visualización web | Usuario: hostpanish (ID: 1) | IP: ::1
[2025-08-01 22:49:26] INFO: Plantilla ID 4 actualizada exitosamente | Usuario: hostpanish (ID: 1) | IP: ::1
[2025-08-01 22:49:29] INFO: TEMPLATE_PROCESSOR: Datos sincronizados entre cotizacion_data y datos | Usuario: hostpanish (ID: 1) | IP: ::1
[2025-08-01 22:49:29] INFO: TEMPLATE_PROCESSOR: tiene_datos() ahora devuelve: TRUE | Usuario: hostpanish (ID: 1) | IP: ::1
[2025-08-01 22:49:29] INFO: PROCESSOR: Procesando template con datos disponibles | Usuario: hostpanish (ID: 1) | IP: ::1
[2025-08-01 22:49:29] INFO: PROCESSOR: Claves principales: cotizacion, cliente, empresa, productos, fechas, sistema, totales | Usuario: hostpanish (ID: 1) | IP: ::1
[2025-08-01 22:49:29] INFO: PROCESSOR: Procesando CSS para visualización web | Usuario: hostpanish (ID: 1) | IP: ::1
[2025-08-01 22:53:56] INFO: Plantilla ID 4 actualizada exitosamente | Usuario: hostpanish (ID: 1) | IP: ::1
[2025-08-01 22:53:59] INFO: TEMPLATE_PROCESSOR: Datos sincronizados entre cotizacion_data y datos | Usuario: hostpanish (ID: 1) | IP: ::1
[2025-08-01 22:53:59] INFO: TEMPLATE_PROCESSOR: tiene_datos() ahora devuelve: TRUE | Usuario: hostpanish (ID: 1) | IP: ::1
[2025-08-01 22:53:59] INFO: PROCESSOR: Procesando template con datos disponibles | Usuario: hostpanish (ID: 1) | IP: ::1
[2025-08-01 22:53:59] INFO: PROCESSOR: Claves principales: cotizacion, cliente, empresa, productos, fechas, sistema, totales | Usuario: hostpanish (ID: 1) | IP: ::1
[2025-08-01 22:53:59] INFO: PROCESSOR: Procesando CSS para visualización web | Usuario: hostpanish (ID: 1) | IP: ::1
[2025-08-01 22:56:52] INFO: Plantilla ID 4 actualizada exitosamente | Usuario: hostpanish (ID: 1) | IP: ::1
[2025-08-01 22:56:56] INFO: TEMPLATE_PROCESSOR: Datos sincronizados entre cotizacion_data y datos | Usuario: hostpanish (ID: 1) | IP: ::1
[2025-08-01 22:56:56] INFO: TEMPLATE_PROCESSOR: tiene_datos() ahora devuelve: TRUE | Usuario: hostpanish (ID: 1) | IP: ::1
[2025-08-01 22:56:56] INFO: PROCESSOR: Procesando template con datos disponibles | Usuario: hostpanish (ID: 1) | IP: ::1
[2025-08-01 22:56:56] INFO: PROCESSOR: Claves principales: cotizacion, cliente, empresa, productos, fechas, sistema, totales | Usuario: hostpanish (ID: 1) | IP: ::1
[2025-08-01 22:56:56] INFO: PROCESSOR: Procesando CSS para visualización web | Usuario: hostpanish (ID: 1) | IP: ::1
[2025-08-01 22:57:50] INFO: Plantilla ID 4 actualizada exitosamente | Usuario: hostpanish (ID: 1) | IP: ::1
[2025-08-01 22:57:53] INFO: TEMPLATE_PROCESSOR: Datos sincronizados entre cotizacion_data y datos | Usuario: hostpanish (ID: 1) | IP: ::1
[2025-08-01 22:57:53] INFO: TEMPLATE_PROCESSOR: tiene_datos() ahora devuelve: TRUE | Usuario: hostpanish (ID: 1) | IP: ::1
[2025-08-01 22:57:53] INFO: PROCESSOR: Procesando template con datos disponibles | Usuario: hostpanish (ID: 1) | IP: ::1
[2025-08-01 22:57:53] INFO: PROCESSOR: Claves principales: cotizacion, cliente, empresa, productos, fechas, sistema, totales | Usuario: hostpanish (ID: 1) | IP: ::1
[2025-08-01 22:57:53] INFO: PROCESSOR: Procesando CSS para visualización web | Usuario: hostpanish (ID: 1) | IP: ::1
[2025-08-01 22:59:14] INFO: Plantilla ID 4 actualizada exitosamente | Usuario: hostpanish (ID: 1) | IP: ::1
[2025-08-01 22:59:16] INFO: TEMPLATE_PROCESSOR: Datos sincronizados entre cotizacion_data y datos | Usuario: hostpanish (ID: 1) | IP: ::1
[2025-08-01 22:59:16] INFO: TEMPLATE_PROCESSOR: tiene_datos() ahora devuelve: TRUE | Usuario: hostpanish (ID: 1) | IP: ::1
[2025-08-01 22:59:16] INFO: PROCESSOR: Procesando template con datos disponibles | Usuario: hostpanish (ID: 1) | IP: ::1
[2025-08-01 22:59:16] INFO: PROCESSOR: Claves principales: cotizacion, cliente, empresa, productos, fechas, sistema, totales | Usuario: hostpanish (ID: 1) | IP: ::1
[2025-08-01 22:59:16] INFO: PROCESSOR: Procesando CSS para visualización web | Usuario: hostpanish (ID: 1) | IP: ::1
[2025-08-01 23:01:41] INFO: Plantilla ID 4 actualizada exitosamente | Usuario: hostpanish (ID: 1) | IP: ::1
[2025-08-01 23:01:44] INFO: TEMPLATE_PROCESSOR: Datos sincronizados entre cotizacion_data y datos | Usuario: hostpanish (ID: 1) | IP: ::1
[2025-08-01 23:01:44] INFO: TEMPLATE_PROCESSOR: tiene_datos() ahora devuelve: TRUE | Usuario: hostpanish (ID: 1) | IP: ::1
[2025-08-01 23:01:44] INFO: PROCESSOR: Procesando template con datos disponibles | Usuario: hostpanish (ID: 1) | IP: ::1
[2025-08-01 23:01:44] INFO: PROCESSOR: Claves principales: cotizacion, cliente, empresa, productos, fechas, sistema, totales | Usuario: hostpanish (ID: 1) | IP: ::1
[2025-08-01 23:01:44] INFO: PROCESSOR: Procesando CSS para visualización web | Usuario: hostpanish (ID: 1) | IP: ::1
[2025-08-01 23:07:12] INFO: Plantilla ID 4 actualizada exitosamente | Usuario: hostpanish (ID: 1) | IP: ::1
[2025-08-01 23:07:15] INFO: TEMPLATE_PROCESSOR: Datos sincronizados entre cotizacion_data y datos | Usuario: hostpanish (ID: 1) | IP: ::1
[2025-08-01 23:07:15] INFO: TEMPLATE_PROCESSOR: tiene_datos() ahora devuelve: TRUE | Usuario: hostpanish (ID: 1) | IP: ::1
[2025-08-01 23:07:15] INFO: PROCESSOR: Procesando template con datos disponibles | Usuario: hostpanish (ID: 1) | IP: ::1
[2025-08-01 23:07:15] INFO: PROCESSOR: Claves principales: cotizacion, cliente, empresa, productos, fechas, sistema, totales | Usuario: hostpanish (ID: 1) | IP: ::1
[2025-08-01 23:07:15] INFO: PROCESSOR: Procesando CSS para visualización web | Usuario: hostpanish (ID: 1) | IP: ::1
[2025-08-01 23:10:18] INFO: Plantilla ID 4 actualizada exitosamente | Usuario: hostpanish (ID: 1) | IP: ::1
[2025-08-01 23:10:23] INFO: TEMPLATE_PROCESSOR: Datos sincronizados entre cotizacion_data y datos | Usuario: hostpanish (ID: 1) | IP: ::1
[2025-08-01 23:10:23] INFO: TEMPLATE_PROCESSOR: tiene_datos() ahora devuelve: TRUE | Usuario: hostpanish (ID: 1) | IP: ::1
[2025-08-01 23:10:23] INFO: PROCESSOR: Procesando template con datos disponibles | Usuario: hostpanish (ID: 1) | IP: ::1
[2025-08-01 23:10:23] INFO: PROCESSOR: Claves principales: cotizacion, cliente, empresa, productos, fechas, sistema, totales | Usuario: hostpanish (ID: 1) | IP: ::1
[2025-08-01 23:10:23] INFO: PROCESSOR: Procesando CSS para visualización web | Usuario: hostpanish (ID: 1) | IP: ::1
[2025-08-01 23:11:17] INFO: Plantilla ID 4 actualizada exitosamente | Usuario: hostpanish (ID: 1) | IP: ::1
[2025-08-01 23:11:21] INFO: TEMPLATE_PROCESSOR: Datos sincronizados entre cotizacion_data y datos | Usuario: hostpanish (ID: 1) | IP: ::1
[2025-08-01 23:11:21] INFO: TEMPLATE_PROCESSOR: tiene_datos() ahora devuelve: TRUE | Usuario: hostpanish (ID: 1) | IP: ::1
[2025-08-01 23:11:21] INFO: PROCESSOR: Procesando template con datos disponibles | Usuario: hostpanish (ID: 1) | IP: ::1
[2025-08-01 23:11:21] INFO: PROCESSOR: Claves principales: cotizacion, cliente, empresa, productos, fechas, sistema, totales | Usuario: hostpanish (ID: 1) | IP: ::1
[2025-08-01 23:11:21] INFO: PROCESSOR: Procesando CSS para visualización web | Usuario: hostpanish (ID: 1) | IP: ::1
[2025-08-01 23:11:39] INFO: Plantilla ID 4 actualizada exitosamente | Usuario: hostpanish (ID: 1) | IP: ::1
[2025-08-01 23:11:44] INFO: TEMPLATE_PROCESSOR: Datos sincronizados entre cotizacion_data y datos | Usuario: hostpanish (ID: 1) | IP: ::1
[2025-08-01 23:11:44] INFO: TEMPLATE_PROCESSOR: tiene_datos() ahora devuelve: TRUE | Usuario: hostpanish (ID: 1) | IP: ::1
[2025-08-01 23:11:44] INFO: PROCESSOR: Procesando template con datos disponibles | Usuario: hostpanish (ID: 1) | IP: ::1
[2025-08-01 23:11:44] INFO: PROCESSOR: Claves principales: cotizacion, cliente, empresa, productos, fechas, sistema, totales | Usuario: hostpanish (ID: 1) | IP: ::1
[2025-08-01 23:11:44] INFO: PROCESSOR: Procesando CSS para visualización web | Usuario: hostpanish (ID: 1) | IP: ::1
[2025-08-01 23:13:20] INFO: Plantilla ID 4 actualizada exitosamente | Usuario: hostpanish (ID: 1) | IP: ::1
[2025-08-01 23:13:23] INFO: TEMPLATE_PROCESSOR: Datos sincronizados entre cotizacion_data y datos | Usuario: hostpanish (ID: 1) | IP: ::1
[2025-08-01 23:13:23] INFO: TEMPLATE_PROCESSOR: tiene_datos() ahora devuelve: TRUE | Usuario: hostpanish (ID: 1) | IP: ::1
[2025-08-01 23:13:23] INFO: PROCESSOR: Procesando template con datos disponibles | Usuario: hostpanish (ID: 1) | IP: ::1
[2025-08-01 23:13:23] INFO: PROCESSOR: Claves principales: cotizacion, cliente, empresa, productos, fechas, sistema, totales | Usuario: hostpanish (ID: 1) | IP: ::1
[2025-08-01 23:13:23] INFO: PROCESSOR: Procesando CSS para visualización web | Usuario: hostpanish (ID: 1) | IP: ::1
[2025-08-01 23:14:04] INFO: Plantilla ID 4 actualizada exitosamente | Usuario: hostpanish (ID: 1) | IP: ::1
[2025-08-01 23:14:07] INFO: TEMPLATE_PROCESSOR: Datos sincronizados entre cotizacion_data y datos | Usuario: hostpanish (ID: 1) | IP: ::1
[2025-08-01 23:14:07] INFO: TEMPLATE_PROCESSOR: tiene_datos() ahora devuelve: TRUE | Usuario: hostpanish (ID: 1) | IP: ::1
[2025-08-01 23:14:07] INFO: PROCESSOR: Procesando template con datos disponibles | Usuario: hostpanish (ID: 1) | IP: ::1
[2025-08-01 23:14:07] INFO: PROCESSOR: Claves principales: cotizacion, cliente, empresa, productos, fechas, sistema, totales | Usuario: hostpanish (ID: 1) | IP: ::1
[2025-08-01 23:14:07] INFO: PROCESSOR: Procesando CSS para visualización web | Usuario: hostpanish (ID: 1) | IP: ::1
[2025-08-01 23:16:03] INFO: Plantilla ID 4 actualizada exitosamente | Usuario: hostpanish (ID: 1) | IP: ::1
[2025-08-01 23:16:06] INFO: TEMPLATE_PROCESSOR: Datos sincronizados entre cotizacion_data y datos | Usuario: hostpanish (ID: 1) | IP: ::1
[2025-08-01 23:16:06] INFO: TEMPLATE_PROCESSOR: tiene_datos() ahora devuelve: TRUE | Usuario: hostpanish (ID: 1) | IP: ::1
[2025-08-01 23:16:06] INFO: PROCESSOR: Procesando template con datos disponibles | Usuario: hostpanish (ID: 1) | IP: ::1
[2025-08-01 23:16:06] INFO: PROCESSOR: Claves principales: cotizacion, cliente, empresa, productos, fechas, sistema, totales | Usuario: hostpanish (ID: 1) | IP: ::1
[2025-08-01 23:16:06] INFO: PROCESSOR: Procesando CSS para visualización web | Usuario: hostpanish (ID: 1) | IP: ::1
[2025-08-01 23:17:22] INFO: Configuración del plugin actualizada | Usuario: hostpanish (ID: 1) | IP: ::1 | Contexto: {"usuario":1,"tab":"pdf"}
[2025-08-01 23:17:56] INFO: TEMPLATE_PROCESSOR: Datos sincronizados entre cotizacion_data y datos | Usuario: hostpanish (ID: 1) | IP: ::1
[2025-08-01 23:17:56] INFO: TEMPLATE_PROCESSOR: tiene_datos() ahora devuelve: TRUE | Usuario: hostpanish (ID: 1) | IP: ::1
[2025-08-01 23:17:56] INFO: PROCESSOR: Procesando template con datos disponibles | Usuario: hostpanish (ID: 1) | IP: ::1
[2025-08-01 23:17:56] INFO: PROCESSOR: Claves principales: cotizacion, cliente, empresa, productos, fechas, sistema, totales | Usuario: hostpanish (ID: 1) | IP: ::1
[2025-08-01 23:17:56] INFO: PROCESSOR: Procesando CSS para visualización web | Usuario: hostpanish (ID: 1) | IP: ::1
[2025-08-01 23:37:15] INFO: Plantilla ID 4 actualizada exitosamente | Usuario: hostpanish (ID: 1) | IP: ::1
[2025-08-01 23:37:17] INFO: TEMPLATE_PROCESSOR: Datos sincronizados entre cotizacion_data y datos | Usuario: hostpanish (ID: 1) | IP: ::1
[2025-08-01 23:37:17] INFO: TEMPLATE_PROCESSOR: tiene_datos() ahora devuelve: TRUE | Usuario: hostpanish (ID: 1) | IP: ::1
[2025-08-01 23:37:17] INFO: PROCESSOR: Procesando template con datos disponibles | Usuario: hostpanish (ID: 1) | IP: ::1
[2025-08-01 23:37:17] INFO: PROCESSOR: Claves principales: cotizacion, cliente, empresa, productos, fechas, sistema, totales | Usuario: hostpanish (ID: 1) | IP: ::1
[2025-08-01 23:37:17] INFO: PROCESSOR: Procesando CSS para visualización web | Usuario: hostpanish (ID: 1) | IP: ::1
[2025-08-01 23:37:39] INFO: Plantilla ID 4 actualizada exitosamente | Usuario: hostpanish (ID: 1) | IP: ::1
[2025-08-01 23:37:42] INFO: TEMPLATE_PROCESSOR: Datos sincronizados entre cotizacion_data y datos | Usuario: hostpanish (ID: 1) | IP: ::1
[2025-08-01 23:37:42] INFO: TEMPLATE_PROCESSOR: tiene_datos() ahora devuelve: TRUE | Usuario: hostpanish (ID: 1) | IP: ::1
[2025-08-01 23:37:42] INFO: PROCESSOR: Procesando template con datos disponibles | Usuario: hostpanish (ID: 1) | IP: ::1
[2025-08-01 23:37:42] INFO: PROCESSOR: Claves principales: cotizacion, cliente, empresa, productos, fechas, sistema, totales | Usuario: hostpanish (ID: 1) | IP: ::1
[2025-08-01 23:37:42] INFO: PROCESSOR: Procesando CSS para visualización web | Usuario: hostpanish (ID: 1) | IP: ::1
[2025-08-01 23:39:19] INFO: Plantilla ID 4 actualizada exitosamente | Usuario: hostpanish (ID: 1) | IP: ::1
[2025-08-01 23:39:21] INFO: TEMPLATE_PROCESSOR: Datos sincronizados entre cotizacion_data y datos | Usuario: hostpanish (ID: 1) | IP: ::1
[2025-08-01 23:39:21] INFO: TEMPLATE_PROCESSOR: tiene_datos() ahora devuelve: TRUE | Usuario: hostpanish (ID: 1) | IP: ::1
[2025-08-01 23:39:21] INFO: PROCESSOR: Procesando template con datos disponibles | Usuario: hostpanish (ID: 1) | IP: ::1
[2025-08-01 23:39:21] INFO: PROCESSOR: Claves principales: cotizacion, cliente, empresa, productos, fechas, sistema, totales | Usuario: hostpanish (ID: 1) | IP: ::1
[2025-08-01 23:39:21] INFO: PROCESSOR: Procesando CSS para visualización web | Usuario: hostpanish (ID: 1) | IP: ::1
[2025-08-01 23:40:03] INFO: Plantilla ID 4 actualizada exitosamente | Usuario: hostpanish (ID: 1) | IP: ::1
[2025-08-01 23:40:06] INFO: TEMPLATE_PROCESSOR: Datos sincronizados entre cotizacion_data y datos | Usuario: hostpanish (ID: 1) | IP: ::1
[2025-08-01 23:40:06] INFO: TEMPLATE_PROCESSOR: tiene_datos() ahora devuelve: TRUE | Usuario: hostpanish (ID: 1) | IP: ::1
[2025-08-01 23:40:06] INFO: PROCESSOR: Procesando template con datos disponibles | Usuario: hostpanish (ID: 1) | IP: ::1
[2025-08-01 23:40:06] INFO: PROCESSOR: Claves principales: cotizacion, cliente, empresa, productos, fechas, sistema, totales | Usuario: hostpanish (ID: 1) | IP: ::1
[2025-08-01 23:40:06] INFO: PROCESSOR: Procesando CSS para visualización web | Usuario: hostpanish (ID: 1) | IP: ::1
[2025-08-01 23:40:27] INFO: Plantilla ID 4 actualizada exitosamente | Usuario: hostpanish (ID: 1) | IP: ::1
[2025-08-01 23:40:29] INFO: TEMPLATE_PROCESSOR: Datos sincronizados entre cotizacion_data y datos | Usuario: hostpanish (ID: 1) | IP: ::1
[2025-08-01 23:40:29] INFO: TEMPLATE_PROCESSOR: tiene_datos() ahora devuelve: TRUE | Usuario: hostpanish (ID: 1) | IP: ::1
[2025-08-01 23:40:29] INFO: PROCESSOR: Procesando template con datos disponibles | Usuario: hostpanish (ID: 1) | IP: ::1
[2025-08-01 23:40:29] INFO: PROCESSOR: Claves principales: cotizacion, cliente, empresa, productos, fechas, sistema, totales | Usuario: hostpanish (ID: 1) | IP: ::1
[2025-08-01 23:40:29] INFO: PROCESSOR: Procesando CSS para visualización web | Usuario: hostpanish (ID: 1) | IP: ::1
[2025-08-01 23:41:46] INFO: Plantilla ID 4 actualizada exitosamente | Usuario: hostpanish (ID: 1) | IP: ::1
[2025-08-01 23:41:49] INFO: TEMPLATE_PROCESSOR: Datos sincronizados entre cotizacion_data y datos | Usuario: hostpanish (ID: 1) | IP: ::1
[2025-08-01 23:41:49] INFO: TEMPLATE_PROCESSOR: tiene_datos() ahora devuelve: TRUE | Usuario: hostpanish (ID: 1) | IP: ::1
[2025-08-01 23:41:49] INFO: PROCESSOR: Procesando template con datos disponibles | Usuario: hostpanish (ID: 1) | IP: ::1
[2025-08-01 23:41:49] INFO: PROCESSOR: Claves principales: cotizacion, cliente, empresa, productos, fechas, sistema, totales | Usuario: hostpanish (ID: 1) | IP: ::1
[2025-08-01 23:41:49] INFO: PROCESSOR: Procesando CSS para visualización web | Usuario: hostpanish (ID: 1) | IP: ::1
[2025-08-01 23:44:39] INFO: Plantilla ID 4 actualizada exitosamente | Usuario: hostpanish (ID: 1) | IP: ::1
[2025-08-01 23:44:42] INFO: TEMPLATE_PROCESSOR: Datos sincronizados entre cotizacion_data y datos | Usuario: hostpanish (ID: 1) | IP: ::1
[2025-08-01 23:44:42] INFO: TEMPLATE_PROCESSOR: tiene_datos() ahora devuelve: TRUE | Usuario: hostpanish (ID: 1) | IP: ::1
[2025-08-01 23:44:42] INFO: PROCESSOR: Procesando template con datos disponibles | Usuario: hostpanish (ID: 1) | IP: ::1
[2025-08-01 23:44:42] INFO: PROCESSOR: Claves principales: cotizacion, cliente, empresa, productos, fechas, sistema, totales | Usuario: hostpanish (ID: 1) | IP: ::1
[2025-08-01 23:44:42] INFO: PROCESSOR: Procesando CSS para visualización web | Usuario: hostpanish (ID: 1) | IP: ::1
[2025-08-01 23:54:17] INFO: Plantilla ID 4 actualizada exitosamente | Usuario: hostpanish (ID: 1) | IP: ::1
[2025-08-01 23:54:20] INFO: TEMPLATE_PROCESSOR: Datos sincronizados entre cotizacion_data y datos | Usuario: hostpanish (ID: 1) | IP: ::1
[2025-08-01 23:54:20] INFO: TEMPLATE_PROCESSOR: tiene_datos() ahora devuelve: TRUE | Usuario: hostpanish (ID: 1) | IP: ::1
[2025-08-01 23:54:20] INFO: PROCESSOR: Procesando template con datos disponibles | Usuario: hostpanish (ID: 1) | IP: ::1
[2025-08-01 23:54:20] INFO: PROCESSOR: Claves principales: cotizacion, cliente, empresa, productos, fechas, sistema, totales | Usuario: hostpanish (ID: 1) | IP: ::1
[2025-08-01 23:54:20] INFO: PROCESSOR: Procesando CSS para visualización web | Usuario: hostpanish (ID: 1) | IP: ::1
