[2025-08-06 02:27:15] INFO: Plugin desactivado | Usuario: hostpanish (ID: 1) | IP: ::1
[2025-08-06 02:27:32] INFO: Tablas de base de datos creadas/actualizadas | Usuario: hostpanish (ID: 1) | IP: ::1
[2025-08-06 02:27:32] INFO: Plugin activado correctamente | Usuario: hostpanish (ID: 1) | IP: ::1
[2025-08-06 02:47:41] EMERGENCY: Error Fatal: Uncaught Error: Call to a member function log() on null in C:\wamp64\www\gestion-almacenes-bolt\wp-content\plugins\modulo-de-ventas\includes\class-modulo-ventas-pdf-template-processor.php:434
Stack trace:
#0 C:\wamp64\www\gestion-almacenes-bolt\wp-content\plugins\modulo-de-ventas\includes\class-modulo-ventas-document-viewer.php(230): Modulo_Ventas_PDF_Template_Processor->cargar_datos_cotizacion('29')
#1 C:\wamp64\www\gestion-almacenes-bolt\wp-content\plugins\modulo-de-ventas\includes\class-modulo-ventas-document-viewer.php(126): Modulo_Ventas_Document_Viewer->render_document_view('cotizacion', '29')
#2 C:\wamp64\www\gestion-almacenes-bolt\wp-includes\class-wp-hook.php(324): Modulo_Ventas_Document_Viewer->handle_document_view('')
#3 C:\wamp64\www\gestion-almacenes-bolt\wp-includes\class-wp-hook.php(348): WP_Hook->apply_filters(NULL, Array)
#4 C:\wamp64\www\gestion-almacenes-bolt\wp-includes\plugin.php(517): WP_Hook->do_action(Array)
#5 C:\wamp64\www\gestion-almacenes-bolt\wp-includes\template-loader.php(13): do_action('template_redire...')
#6 C:\wamp64\www\gestion-almacenes-bolt\wp-blog-header.php(19): require_once('C:\\wamp64\\www\\g...')
#7 C:\wamp64\www\gestion-almacenes-bolt\index.php(17): require('C:\\wamp64\\www\\g...')
#8 {main}
  thrown | Usuario: hostpanish (ID: 1) | IP: ::1 | Contexto: {"file":"C:\\wamp64\\www\\gestion-almacenes-bolt\\wp-content\\plugins\\modulo-de-ventas\\includes\\class-modulo-ventas-pdf-template-processor.php","line":434,"type":1}
[2025-08-06 02:52:30] INFO: TEMPLATE_PROCESSOR: Datos sincronizados entre cotizacion_data y datos | Usuario: hostpanish (ID: 1) | IP: ::1
[2025-08-06 02:52:30] INFO: TEMPLATE_PROCESSOR: tiene_datos() ahora devuelve: TRUE | Usuario: hostpanish (ID: 1) | IP: ::1
[2025-08-06 02:52:30] INFO: PROCESSOR: Procesando template con datos disponibles | Usuario: hostpanish (ID: 1) | IP: ::1
[2025-08-06 02:52:30] INFO: PROCESSOR: Claves principales: cotizacion, cliente, empresa, productos, fechas, sistema, totales | Usuario: hostpanish (ID: 1) | IP: ::1
[2025-08-06 02:52:30] INFO: PROCESSOR: Procesando CSS para visualización web | Usuario: hostpanish (ID: 1) | IP: ::1
[2025-08-06 02:52:35] INFO: TEMPLATE_PROCESSOR: Datos sincronizados entre cotizacion_data y datos | Usuario: hostpanish (ID: 1) | IP: ::1
[2025-08-06 02:52:35] INFO: TEMPLATE_PROCESSOR: tiene_datos() ahora devuelve: TRUE | Usuario: hostpanish (ID: 1) | IP: ::1
[2025-08-06 02:52:35] INFO: PROCESSOR: Procesando template con datos disponibles | Usuario: hostpanish (ID: 1) | IP: ::1
[2025-08-06 02:52:35] INFO: PROCESSOR: Claves principales: cotizacion, cliente, empresa, productos, fechas, sistema, totales | Usuario: hostpanish (ID: 1) | IP: ::1
[2025-08-06 02:52:35] INFO: PROCESSOR: Procesando CSS para visualización web | Usuario: hostpanish (ID: 1) | IP: ::1
[2025-08-06 02:57:51] INFO: TEMPLATE_PROCESSOR: Datos sincronizados entre cotizacion_data y datos | Usuario: hostpanish (ID: 1) | IP: ::1
[2025-08-06 02:57:51] INFO: TEMPLATE_PROCESSOR: tiene_datos() ahora devuelve: TRUE | Usuario: hostpanish (ID: 1) | IP: ::1
[2025-08-06 02:57:51] INFO: PROCESSOR: Procesando template con datos disponibles | Usuario: hostpanish (ID: 1) | IP: ::1
[2025-08-06 02:57:51] INFO: PROCESSOR: Claves principales: cotizacion, cliente, empresa, productos, fechas, sistema, totales | Usuario: hostpanish (ID: 1) | IP: ::1
[2025-08-06 02:57:51] INFO: PROCESSOR: Procesando CSS para visualización web | Usuario: hostpanish (ID: 1) | IP: ::1
[2025-08-06 02:57:54] INFO: TEMPLATE_PROCESSOR: Datos sincronizados entre cotizacion_data y datos | Usuario: hostpanish (ID: 1) | IP: ::1
[2025-08-06 02:57:54] INFO: TEMPLATE_PROCESSOR: tiene_datos() ahora devuelve: TRUE | Usuario: hostpanish (ID: 1) | IP: ::1
[2025-08-06 02:57:54] INFO: PROCESSOR: Procesando template con datos disponibles | Usuario: hostpanish (ID: 1) | IP: ::1
[2025-08-06 02:57:54] INFO: PROCESSOR: Claves principales: cotizacion, cliente, empresa, productos, fechas, sistema, totales | Usuario: hostpanish (ID: 1) | IP: ::1
[2025-08-06 02:57:54] INFO: PROCESSOR: Procesando CSS para visualización web | Usuario: hostpanish (ID: 1) | IP: ::1
[2025-08-06 02:58:26] INFO: TEMPLATE_PROCESSOR: Datos sincronizados entre cotizacion_data y datos | Usuario: hostpanish (ID: 1) | IP: ::1
[2025-08-06 02:58:26] INFO: TEMPLATE_PROCESSOR: tiene_datos() ahora devuelve: TRUE | Usuario: hostpanish (ID: 1) | IP: ::1
[2025-08-06 02:58:26] INFO: PROCESSOR: Procesando template con datos disponibles | Usuario: hostpanish (ID: 1) | IP: ::1
[2025-08-06 02:58:26] INFO: PROCESSOR: Claves principales: cotizacion, cliente, empresa, productos, fechas, sistema, totales | Usuario: hostpanish (ID: 1) | IP: ::1
[2025-08-06 02:58:26] INFO: PROCESSOR: Procesando CSS para visualización web | Usuario: hostpanish (ID: 1) | IP: ::1
[2025-08-06 02:58:32] INFO: TEMPLATE_PROCESSOR: Datos sincronizados entre cotizacion_data y datos | Usuario: hostpanish (ID: 1) | IP: ::1
[2025-08-06 02:58:32] INFO: TEMPLATE_PROCESSOR: tiene_datos() ahora devuelve: TRUE | Usuario: hostpanish (ID: 1) | IP: ::1
[2025-08-06 02:58:32] INFO: PROCESSOR: Procesando template con datos disponibles | Usuario: hostpanish (ID: 1) | IP: ::1
[2025-08-06 02:58:32] INFO: PROCESSOR: Claves principales: cotizacion, cliente, empresa, productos, fechas, sistema, totales | Usuario: hostpanish (ID: 1) | IP: ::1
[2025-08-06 02:58:32] INFO: PROCESSOR: Procesando CSS para visualización web | Usuario: hostpanish (ID: 1) | IP: ::1
[2025-08-06 03:00:47] INFO: PDF_TEMPLATES: Iniciando generación con TCPDF para cotización 29 | Usuario: hostpanish (ID: 1) | IP: ::1
[2025-08-06 03:00:47] INFO: PDF_TEMPLATES: Usando método generar_pdf_desde_plantilla | Usuario: hostpanish (ID: 1) | IP: ::1
[2025-08-06 03:00:47] INFO: PDF: Iniciando generación para cotización 29 | Usuario: hostpanish (ID: 1) | IP: ::1
[2025-08-06 03:00:48] INFO: MPDF: Librería cargada exitosamente | Usuario: hostpanish (ID: 1) | IP: ::1
[2025-08-06 03:00:48] INFO: MPDF: Generando PDF sincronizado para cotización 29 | Usuario: hostpanish (ID: 1) | IP: ::1
[2025-08-06 03:00:48] INFO: MPDF_SYNC: Sincronizando plantilla para PDF | Usuario: hostpanish (ID: 1) | IP: ::1
[2025-08-06 03:00:48] INFO: MPDF_SYNC: Documento sincronizado generado (19084 caracteres) | Usuario: hostpanish (ID: 1) | IP: ::1
[2025-08-06 03:00:48] INFO: MPDF: HTML sincronizado generado (19084 caracteres) | Usuario: hostpanish (ID: 1) | IP: ::1
[2025-08-06 03:00:52] INFO: MPDF: PDF guardado exitosamente en: C:\wamp64\www\gestion-almacenes-bolt/wp-content/uploads/modulo-ventas-pdf/cotizacion_COT-2025-000029.pdf | Usuario: hostpanish (ID: 1) | IP: ::1
[2025-08-06 03:00:52] INFO: PDF: Generado exitosamente con mPDF: C:\wamp64\www\gestion-almacenes-bolt/wp-content/uploads/modulo-ventas-pdf/cotizacion_COT-2025-000029.pdf | Usuario: hostpanish (ID: 1) | IP: ::1
[2025-08-06 03:00:52] INFO: PDF_TEMPLATES: PDF generado exitosamente: C:\wamp64\www\gestion-almacenes-bolt/wp-content/uploads/modulo-ventas-pdf/cotizacion_COT-2025-000029.pdf | Usuario: hostpanish (ID: 1) | IP: ::1
[2025-08-06 03:01:25] INFO: TEMPLATE_PROCESSOR: Datos sincronizados entre cotizacion_data y datos | Usuario: hostpanish (ID: 1) | IP: ::1
[2025-08-06 03:01:25] INFO: TEMPLATE_PROCESSOR: tiene_datos() ahora devuelve: TRUE | Usuario: hostpanish (ID: 1) | IP: ::1
[2025-08-06 03:01:25] INFO: PROCESSOR: Procesando template con datos disponibles | Usuario: hostpanish (ID: 1) | IP: ::1
[2025-08-06 03:01:25] INFO: PROCESSOR: Claves principales: cotizacion, cliente, empresa, productos, fechas, sistema, totales | Usuario: hostpanish (ID: 1) | IP: ::1
[2025-08-06 03:01:25] INFO: PROCESSOR: Procesando CSS para visualización web | Usuario: hostpanish (ID: 1) | IP: ::1
[2025-08-06 03:01:29] INFO: TEMPLATE_PROCESSOR: Datos sincronizados entre cotizacion_data y datos | Usuario: hostpanish (ID: 1) | IP: ::1
[2025-08-06 03:01:29] INFO: TEMPLATE_PROCESSOR: tiene_datos() ahora devuelve: TRUE | Usuario: hostpanish (ID: 1) | IP: ::1
[2025-08-06 03:01:29] INFO: PROCESSOR: Procesando template con datos disponibles | Usuario: hostpanish (ID: 1) | IP: ::1
[2025-08-06 03:01:29] INFO: PROCESSOR: Claves principales: cotizacion, cliente, empresa, productos, fechas, sistema, totales | Usuario: hostpanish (ID: 1) | IP: ::1
[2025-08-06 03:01:29] INFO: PROCESSOR: Procesando CSS para visualización web | Usuario: hostpanish (ID: 1) | IP: ::1
[2025-08-06 05:27:29] INFO: PROCESSOR: Procesando plantilla para visualización web - tipo: cotizacion | Usuario: hostpanish (ID: 1) | IP: ::1
[2025-08-06 05:27:29] INFO: PROCESSOR: Iniciando carga de datos | Usuario: hostpanish (ID: 1) | IP: ::1
[2025-08-06 05:27:29] INFO: PROCESSOR: Datos cargados desde objeto convertido a array | Usuario: hostpanish (ID: 1) | IP: ::1
[2025-08-06 05:27:29] INFO: PROCESSOR: Datos cargados exitosamente. Claves principales: cliente | Usuario: hostpanish (ID: 1) | IP: ::1
[2025-08-06 05:27:29] ERROR: PROCESSOR: ERROR - No hay datos de empresa | Usuario: hostpanish (ID: 1) | IP: ::1 | Trace: class-modulo-ventas-pdf-template-processor.php:82 log() <- class-modulo-ventas-pdf-template-processor.php:237 cargar_datos() <- class-modulo-ventas-document-viewer.php:338 procesar_plantilla() <- class-modulo-ventas-document-viewer.php:133 render_document_print()
[2025-08-06 05:27:29] INFO: PROCESSOR: Plantilla procesada exitosamente para web | Usuario: hostpanish (ID: 1) | IP: ::1
[2025-08-06 05:27:29] INFO: PROCESSOR: Procesando CSS para impresión | Usuario: hostpanish (ID: 1) | IP: ::1
[2025-08-06 05:27:29] INFO: PROCESSOR: Procesando CSS para visualización web | Usuario: hostpanish (ID: 1) | IP: ::1
[2025-08-06 05:28:23] INFO: TEMPLATE_PROCESSOR: Datos sincronizados entre cotizacion_data y datos | Usuario: hostpanish (ID: 1) | IP: ::1
[2025-08-06 05:28:23] INFO: TEMPLATE_PROCESSOR: tiene_datos() ahora devuelve: TRUE | Usuario: hostpanish (ID: 1) | IP: ::1
[2025-08-06 05:28:23] INFO: PROCESSOR: Procesando template con datos disponibles | Usuario: hostpanish (ID: 1) | IP: ::1
[2025-08-06 05:28:23] INFO: PROCESSOR: Claves principales: cotizacion, cliente, empresa, productos, fechas, sistema, totales | Usuario: hostpanish (ID: 1) | IP: ::1
[2025-08-06 05:28:23] INFO: PROCESSOR: Procesando CSS para visualización web | Usuario: hostpanish (ID: 1) | IP: ::1
[2025-08-06 05:28:32] INFO: TEMPLATE_PROCESSOR: Datos sincronizados entre cotizacion_data y datos | Usuario: hostpanish (ID: 1) | IP: ::1
[2025-08-06 05:28:32] INFO: TEMPLATE_PROCESSOR: tiene_datos() ahora devuelve: TRUE | Usuario: hostpanish (ID: 1) | IP: ::1
[2025-08-06 05:28:32] INFO: PROCESSOR: Procesando template con datos disponibles | Usuario: hostpanish (ID: 1) | IP: ::1
[2025-08-06 05:28:32] INFO: PROCESSOR: Claves principales: cotizacion, cliente, empresa, productos, fechas, sistema, totales | Usuario: hostpanish (ID: 1) | IP: ::1
[2025-08-06 05:28:32] INFO: PROCESSOR: Procesando CSS para visualización web | Usuario: hostpanish (ID: 1) | IP: ::1
[2025-08-06 05:29:52] INFO: TEMPLATE_PROCESSOR: Datos sincronizados entre cotizacion_data y datos | Usuario: hostpanish (ID: 1) | IP: ::1
[2025-08-06 05:29:52] INFO: TEMPLATE_PROCESSOR: tiene_datos() ahora devuelve: TRUE | Usuario: hostpanish (ID: 1) | IP: ::1
[2025-08-06 05:29:52] INFO: PROCESSOR: Procesando template con datos disponibles | Usuario: hostpanish (ID: 1) | IP: ::1
[2025-08-06 05:29:52] INFO: PROCESSOR: Claves principales: cotizacion, cliente, empresa, productos, fechas, sistema, totales | Usuario: hostpanish (ID: 1) | IP: ::1
[2025-08-06 05:29:52] INFO: PROCESSOR: Procesando CSS para visualización web | Usuario: hostpanish (ID: 1) | IP: ::1
[2025-08-06 05:29:59] INFO: TEMPLATE_PROCESSOR: Datos sincronizados entre cotizacion_data y datos | Usuario: hostpanish (ID: 1) | IP: ::1
[2025-08-06 05:29:59] INFO: TEMPLATE_PROCESSOR: tiene_datos() ahora devuelve: TRUE | Usuario: hostpanish (ID: 1) | IP: ::1
[2025-08-06 05:29:59] INFO: PROCESSOR: Procesando template con datos disponibles | Usuario: hostpanish (ID: 1) | IP: ::1
[2025-08-06 05:29:59] INFO: PROCESSOR: Claves principales: cotizacion, cliente, empresa, productos, fechas, sistema, totales | Usuario: hostpanish (ID: 1) | IP: ::1
[2025-08-06 05:29:59] INFO: PROCESSOR: Procesando CSS para visualización web | Usuario: hostpanish (ID: 1) | IP: ::1
[2025-08-06 05:30:52] INFO: TEMPLATE_PROCESSOR: Datos sincronizados entre cotizacion_data y datos | Usuario: hostpanish (ID: 1) | IP: ::1
[2025-08-06 05:30:52] INFO: TEMPLATE_PROCESSOR: tiene_datos() ahora devuelve: TRUE | Usuario: hostpanish (ID: 1) | IP: ::1
[2025-08-06 05:30:52] INFO: PROCESSOR: Procesando template con datos disponibles | Usuario: hostpanish (ID: 1) | IP: ::1
[2025-08-06 05:30:52] INFO: PROCESSOR: Claves principales: cotizacion, cliente, empresa, productos, fechas, sistema, totales | Usuario: hostpanish (ID: 1) | IP: ::1
[2025-08-06 05:30:52] INFO: PROCESSOR: Procesando CSS para visualización web | Usuario: hostpanish (ID: 1) | IP: ::1
[2025-08-06 05:31:15] INFO: TEMPLATE_PROCESSOR: Datos sincronizados entre cotizacion_data y datos | IP: 127.0.0.1
[2025-08-06 05:31:15] INFO: TEMPLATE_PROCESSOR: tiene_datos() ahora devuelve: TRUE | IP: 127.0.0.1
[2025-08-06 05:31:15] INFO: PROCESSOR: Procesando template con datos disponibles | IP: 127.0.0.1
[2025-08-06 05:31:15] INFO: PROCESSOR: Claves principales: cotizacion, cliente, empresa, productos, fechas, sistema, totales | IP: 127.0.0.1
[2025-08-06 05:31:15] INFO: PROCESSOR: Procesando CSS para visualización web | IP: 127.0.0.1
[2025-08-06 05:32:25] INFO: PROCESSOR: Procesando plantilla para visualización web - tipo: cotizacion | Usuario: hostpanish (ID: 1) | IP: ::1
[2025-08-06 05:32:25] INFO: PROCESSOR: Iniciando carga de datos | Usuario: hostpanish (ID: 1) | IP: ::1
[2025-08-06 05:32:25] INFO: PROCESSOR: Datos cargados desde objeto convertido a array | Usuario: hostpanish (ID: 1) | IP: ::1
[2025-08-06 05:32:25] INFO: PROCESSOR: Datos cargados exitosamente. Claves principales: cliente | Usuario: hostpanish (ID: 1) | IP: ::1
[2025-08-06 05:32:25] ERROR: PROCESSOR: ERROR - No hay datos de empresa | Usuario: hostpanish (ID: 1) | IP: ::1 | Trace: class-modulo-ventas-pdf-template-processor.php:82 log() <- class-modulo-ventas-pdf-template-processor.php:237 cargar_datos() <- class-modulo-ventas-document-viewer.php:338 procesar_plantilla() <- class-modulo-ventas-document-viewer.php:133 render_document_print()
[2025-08-06 05:32:25] INFO: PROCESSOR: Plantilla procesada exitosamente para web | Usuario: hostpanish (ID: 1) | IP: ::1
[2025-08-06 05:32:25] INFO: PROCESSOR: Procesando CSS para impresión | Usuario: hostpanish (ID: 1) | IP: ::1
[2025-08-06 05:32:25] INFO: PROCESSOR: Procesando CSS para visualización web | Usuario: hostpanish (ID: 1) | IP: ::1
[2025-08-06 05:32:53] INFO: TEMPLATE_PROCESSOR: Datos sincronizados entre cotizacion_data y datos | Usuario: hostpanish (ID: 1) | IP: ::1
[2025-08-06 05:32:53] INFO: TEMPLATE_PROCESSOR: tiene_datos() ahora devuelve: TRUE | Usuario: hostpanish (ID: 1) | IP: ::1
[2025-08-06 05:32:53] INFO: PROCESSOR: Procesando template con datos disponibles | Usuario: hostpanish (ID: 1) | IP: ::1
[2025-08-06 05:32:53] INFO: PROCESSOR: Claves principales: cotizacion, cliente, empresa, productos, fechas, sistema, totales | Usuario: hostpanish (ID: 1) | IP: ::1
[2025-08-06 05:32:53] INFO: PROCESSOR: Procesando CSS para visualización web | Usuario: hostpanish (ID: 1) | IP: ::1
[2025-08-06 05:34:39] INFO: TEMPLATE_PROCESSOR: Datos sincronizados entre cotizacion_data y datos | Usuario: hostpanish (ID: 1) | IP: ::1
[2025-08-06 05:34:39] INFO: TEMPLATE_PROCESSOR: tiene_datos() ahora devuelve: TRUE | Usuario: hostpanish (ID: 1) | IP: ::1
[2025-08-06 05:34:39] INFO: PROCESSOR: Procesando template con datos disponibles | Usuario: hostpanish (ID: 1) | IP: ::1
[2025-08-06 05:34:39] INFO: PROCESSOR: Claves principales: cotizacion, cliente, empresa, productos, fechas, sistema, totales | Usuario: hostpanish (ID: 1) | IP: ::1
[2025-08-06 05:34:39] INFO: PROCESSOR: Procesando CSS para visualización web | Usuario: hostpanish (ID: 1) | IP: ::1
[2025-08-06 05:45:57] INFO: Plantilla ID 4 actualizada exitosamente | Usuario: hostpanish (ID: 1) | IP: ::1
[2025-08-06 05:46:02] INFO: TEMPLATE_PROCESSOR: Datos sincronizados entre cotizacion_data y datos | Usuario: hostpanish (ID: 1) | IP: ::1
[2025-08-06 05:46:02] INFO: TEMPLATE_PROCESSOR: tiene_datos() ahora devuelve: TRUE | Usuario: hostpanish (ID: 1) | IP: ::1
[2025-08-06 05:46:02] INFO: PROCESSOR: Procesando template con datos disponibles | Usuario: hostpanish (ID: 1) | IP: ::1
[2025-08-06 05:46:02] INFO: PROCESSOR: Claves principales: cotizacion, cliente, empresa, productos, fechas, sistema, totales | Usuario: hostpanish (ID: 1) | IP: ::1
[2025-08-06 05:46:02] INFO: PROCESSOR: Procesando CSS para visualización web | Usuario: hostpanish (ID: 1) | IP: ::1
[2025-08-06 05:47:48] INFO: Plantilla ID 4 actualizada exitosamente | Usuario: hostpanish (ID: 1) | IP: ::1
[2025-08-06 05:47:51] INFO: TEMPLATE_PROCESSOR: Datos sincronizados entre cotizacion_data y datos | Usuario: hostpanish (ID: 1) | IP: ::1
[2025-08-06 05:47:51] INFO: TEMPLATE_PROCESSOR: tiene_datos() ahora devuelve: TRUE | Usuario: hostpanish (ID: 1) | IP: ::1
[2025-08-06 05:47:51] INFO: PROCESSOR: Procesando template con datos disponibles | Usuario: hostpanish (ID: 1) | IP: ::1
[2025-08-06 05:47:51] INFO: PROCESSOR: Claves principales: cotizacion, cliente, empresa, productos, fechas, sistema, totales | Usuario: hostpanish (ID: 1) | IP: ::1
[2025-08-06 05:47:51] INFO: PROCESSOR: Procesando CSS para visualización web | Usuario: hostpanish (ID: 1) | IP: ::1
[2025-08-06 05:48:42] INFO: Plantilla ID 4 actualizada exitosamente | Usuario: hostpanish (ID: 1) | IP: ::1
[2025-08-06 05:48:45] INFO: TEMPLATE_PROCESSOR: Datos sincronizados entre cotizacion_data y datos | Usuario: hostpanish (ID: 1) | IP: ::1
[2025-08-06 05:48:45] INFO: TEMPLATE_PROCESSOR: tiene_datos() ahora devuelve: TRUE | Usuario: hostpanish (ID: 1) | IP: ::1
[2025-08-06 05:48:45] INFO: PROCESSOR: Procesando template con datos disponibles | Usuario: hostpanish (ID: 1) | IP: ::1
[2025-08-06 05:48:45] INFO: PROCESSOR: Claves principales: cotizacion, cliente, empresa, productos, fechas, sistema, totales | Usuario: hostpanish (ID: 1) | IP: ::1
[2025-08-06 05:48:45] INFO: PROCESSOR: Procesando CSS para visualización web | Usuario: hostpanish (ID: 1) | IP: ::1
[2025-08-06 05:49:10] INFO: Plantilla ID 4 actualizada exitosamente | Usuario: hostpanish (ID: 1) | IP: ::1
[2025-08-06 05:49:14] INFO: TEMPLATE_PROCESSOR: Datos sincronizados entre cotizacion_data y datos | Usuario: hostpanish (ID: 1) | IP: ::1
[2025-08-06 05:49:14] INFO: TEMPLATE_PROCESSOR: tiene_datos() ahora devuelve: TRUE | Usuario: hostpanish (ID: 1) | IP: ::1
[2025-08-06 05:49:14] INFO: PROCESSOR: Procesando template con datos disponibles | Usuario: hostpanish (ID: 1) | IP: ::1
[2025-08-06 05:49:14] INFO: PROCESSOR: Claves principales: cotizacion, cliente, empresa, productos, fechas, sistema, totales | Usuario: hostpanish (ID: 1) | IP: ::1
[2025-08-06 05:49:14] INFO: PROCESSOR: Procesando CSS para visualización web | Usuario: hostpanish (ID: 1) | IP: ::1
[2025-08-06 05:59:31] INFO: TEMPLATE_PROCESSOR: Datos sincronizados entre cotizacion_data y datos | Usuario: hostpanish (ID: 1) | IP: ::1
[2025-08-06 05:59:31] INFO: TEMPLATE_PROCESSOR: tiene_datos() ahora devuelve: TRUE | Usuario: hostpanish (ID: 1) | IP: ::1
[2025-08-06 05:59:31] INFO: PROCESSOR: Procesando template con datos disponibles | Usuario: hostpanish (ID: 1) | IP: ::1
[2025-08-06 05:59:31] INFO: PROCESSOR: Claves principales: cotizacion, cliente, empresa, productos, fechas, sistema, totales | Usuario: hostpanish (ID: 1) | IP: ::1
[2025-08-06 05:59:31] INFO: PROCESSOR: Procesando CSS para visualización web | Usuario: hostpanish (ID: 1) | IP: ::1
[2025-08-06 06:00:58] INFO: TEMPLATE_PROCESSOR: Datos sincronizados entre cotizacion_data y datos | Usuario: hostpanish (ID: 1) | IP: ::1
[2025-08-06 06:00:58] INFO: TEMPLATE_PROCESSOR: tiene_datos() ahora devuelve: TRUE | Usuario: hostpanish (ID: 1) | IP: ::1
[2025-08-06 06:00:58] INFO: PROCESSOR: Procesando template con datos disponibles | Usuario: hostpanish (ID: 1) | IP: ::1
[2025-08-06 06:00:58] INFO: PROCESSOR: Claves principales: cotizacion, cliente, empresa, productos, fechas, sistema, totales | Usuario: hostpanish (ID: 1) | IP: ::1
[2025-08-06 06:00:58] INFO: PROCESSOR: Procesando CSS para visualización web | Usuario: hostpanish (ID: 1) | IP: ::1
[2025-08-06 06:01:47] INFO: Plantilla ID 4 actualizada exitosamente | Usuario: hostpanish (ID: 1) | IP: ::1
[2025-08-06 06:01:51] INFO: TEMPLATE_PROCESSOR: Datos sincronizados entre cotizacion_data y datos | Usuario: hostpanish (ID: 1) | IP: ::1
[2025-08-06 06:01:51] INFO: TEMPLATE_PROCESSOR: tiene_datos() ahora devuelve: TRUE | Usuario: hostpanish (ID: 1) | IP: ::1
[2025-08-06 06:01:51] INFO: PROCESSOR: Procesando template con datos disponibles | Usuario: hostpanish (ID: 1) | IP: ::1
[2025-08-06 06:01:51] INFO: PROCESSOR: Claves principales: cotizacion, cliente, empresa, productos, fechas, sistema, totales | Usuario: hostpanish (ID: 1) | IP: ::1
[2025-08-06 06:01:51] INFO: PROCESSOR: Procesando CSS para visualización web | Usuario: hostpanish (ID: 1) | IP: ::1
[2025-08-06 06:03:21] INFO: Plantilla ID 4 actualizada exitosamente | Usuario: hostpanish (ID: 1) | IP: ::1
[2025-08-06 06:03:26] INFO: TEMPLATE_PROCESSOR: Datos sincronizados entre cotizacion_data y datos | Usuario: hostpanish (ID: 1) | IP: ::1
[2025-08-06 06:03:26] INFO: TEMPLATE_PROCESSOR: tiene_datos() ahora devuelve: TRUE | Usuario: hostpanish (ID: 1) | IP: ::1
[2025-08-06 06:03:26] INFO: PROCESSOR: Procesando template con datos disponibles | Usuario: hostpanish (ID: 1) | IP: ::1
[2025-08-06 06:03:26] INFO: PROCESSOR: Claves principales: cotizacion, cliente, empresa, productos, fechas, sistema, totales | Usuario: hostpanish (ID: 1) | IP: ::1
[2025-08-06 06:03:26] INFO: PROCESSOR: Procesando CSS para visualización web | Usuario: hostpanish (ID: 1) | IP: ::1
[2025-08-06 06:04:56] INFO: TEMPLATE_PROCESSOR: Datos sincronizados entre cotizacion_data y datos | Usuario: hostpanish (ID: 1) | IP: ::1
[2025-08-06 06:04:56] INFO: TEMPLATE_PROCESSOR: tiene_datos() ahora devuelve: TRUE | Usuario: hostpanish (ID: 1) | IP: ::1
[2025-08-06 06:04:56] INFO: PROCESSOR: Procesando template con datos disponibles | Usuario: hostpanish (ID: 1) | IP: ::1
[2025-08-06 06:04:56] INFO: PROCESSOR: Claves principales: cotizacion, cliente, empresa, productos, fechas, sistema, totales | Usuario: hostpanish (ID: 1) | IP: ::1
[2025-08-06 06:04:56] INFO: PROCESSOR: Procesando CSS para visualización web | Usuario: hostpanish (ID: 1) | IP: ::1
[2025-08-06 06:11:01] INFO: Plantilla ID 4 actualizada exitosamente | Usuario: hostpanish (ID: 1) | IP: ::1
[2025-08-06 06:11:04] INFO: TEMPLATE_PROCESSOR: Datos sincronizados entre cotizacion_data y datos | Usuario: hostpanish (ID: 1) | IP: ::1
[2025-08-06 06:11:04] INFO: TEMPLATE_PROCESSOR: tiene_datos() ahora devuelve: TRUE | Usuario: hostpanish (ID: 1) | IP: ::1
[2025-08-06 06:11:04] INFO: PROCESSOR: Procesando template con datos disponibles | Usuario: hostpanish (ID: 1) | IP: ::1
[2025-08-06 06:11:04] INFO: PROCESSOR: Claves principales: cotizacion, cliente, empresa, productos, fechas, sistema, totales | Usuario: hostpanish (ID: 1) | IP: ::1
[2025-08-06 06:11:04] INFO: PROCESSOR: Procesando CSS para visualización web | Usuario: hostpanish (ID: 1) | IP: ::1
[2025-08-06 06:12:18] INFO: TEMPLATE_PROCESSOR: Datos sincronizados entre cotizacion_data y datos | Usuario: hostpanish (ID: 1) | IP: ::1
[2025-08-06 06:12:18] INFO: TEMPLATE_PROCESSOR: tiene_datos() ahora devuelve: TRUE | Usuario: hostpanish (ID: 1) | IP: ::1
[2025-08-06 06:12:18] INFO: PROCESSOR: Procesando template con datos disponibles | Usuario: hostpanish (ID: 1) | IP: ::1
[2025-08-06 06:12:18] INFO: PROCESSOR: Claves principales: cotizacion, cliente, empresa, productos, fechas, sistema, totales | Usuario: hostpanish (ID: 1) | IP: ::1
[2025-08-06 06:12:18] INFO: PROCESSOR: Procesando CSS para visualización web | Usuario: hostpanish (ID: 1) | IP: ::1
[2025-08-06 06:12:22] INFO: TEMPLATE_PROCESSOR: Datos sincronizados entre cotizacion_data y datos | Usuario: hostpanish (ID: 1) | IP: ::1
[2025-08-06 06:12:22] INFO: TEMPLATE_PROCESSOR: tiene_datos() ahora devuelve: TRUE | Usuario: hostpanish (ID: 1) | IP: ::1
[2025-08-06 06:12:22] INFO: PROCESSOR: Procesando template con datos disponibles | Usuario: hostpanish (ID: 1) | IP: ::1
[2025-08-06 06:12:22] INFO: PROCESSOR: Claves principales: cotizacion, cliente, empresa, productos, fechas, sistema, totales | Usuario: hostpanish (ID: 1) | IP: ::1
[2025-08-06 06:12:22] INFO: PROCESSOR: Procesando CSS para visualización web | Usuario: hostpanish (ID: 1) | IP: ::1
[2025-08-06 06:13:53] INFO: TEMPLATE_PROCESSOR: Datos sincronizados entre cotizacion_data y datos | Usuario: hostpanish (ID: 1) | IP: ::1
[2025-08-06 06:13:53] INFO: TEMPLATE_PROCESSOR: tiene_datos() ahora devuelve: TRUE | Usuario: hostpanish (ID: 1) | IP: ::1
[2025-08-06 06:13:53] INFO: PROCESSOR: Procesando template con datos disponibles | Usuario: hostpanish (ID: 1) | IP: ::1
[2025-08-06 06:13:53] INFO: PROCESSOR: Claves principales: cotizacion, cliente, empresa, productos, fechas, sistema, totales | Usuario: hostpanish (ID: 1) | IP: ::1
[2025-08-06 06:13:54] INFO: PROCESSOR: Procesando CSS para visualización web | Usuario: hostpanish (ID: 1) | IP: ::1
[2025-08-06 06:18:37] INFO: Plantilla ID 4 actualizada exitosamente | Usuario: hostpanish (ID: 1) | IP: ::1
[2025-08-06 06:18:40] INFO: TEMPLATE_PROCESSOR: Datos sincronizados entre cotizacion_data y datos | Usuario: hostpanish (ID: 1) | IP: ::1
[2025-08-06 06:18:40] INFO: TEMPLATE_PROCESSOR: tiene_datos() ahora devuelve: TRUE | Usuario: hostpanish (ID: 1) | IP: ::1
[2025-08-06 06:18:40] INFO: PROCESSOR: Procesando template con datos disponibles | Usuario: hostpanish (ID: 1) | IP: ::1
[2025-08-06 06:18:40] INFO: PROCESSOR: Claves principales: cotizacion, cliente, empresa, productos, fechas, sistema, totales | Usuario: hostpanish (ID: 1) | IP: ::1
[2025-08-06 06:18:40] INFO: PROCESSOR: Procesando CSS para visualización web | Usuario: hostpanish (ID: 1) | IP: ::1
[2025-08-06 06:20:29] INFO: Plantilla ID 4 actualizada exitosamente | Usuario: hostpanish (ID: 1) | IP: ::1
[2025-08-06 06:20:32] INFO: TEMPLATE_PROCESSOR: Datos sincronizados entre cotizacion_data y datos | Usuario: hostpanish (ID: 1) | IP: ::1
[2025-08-06 06:20:32] INFO: TEMPLATE_PROCESSOR: tiene_datos() ahora devuelve: TRUE | Usuario: hostpanish (ID: 1) | IP: ::1
[2025-08-06 06:20:32] INFO: PROCESSOR: Procesando template con datos disponibles | Usuario: hostpanish (ID: 1) | IP: ::1
[2025-08-06 06:20:32] INFO: PROCESSOR: Claves principales: cotizacion, cliente, empresa, productos, fechas, sistema, totales | Usuario: hostpanish (ID: 1) | IP: ::1
[2025-08-06 06:20:32] INFO: PROCESSOR: Procesando CSS para visualización web | Usuario: hostpanish (ID: 1) | IP: ::1
[2025-08-06 06:20:35] INFO: TEMPLATE_PROCESSOR: Datos sincronizados entre cotizacion_data y datos | Usuario: hostpanish (ID: 1) | IP: ::1
[2025-08-06 06:20:35] INFO: TEMPLATE_PROCESSOR: tiene_datos() ahora devuelve: TRUE | Usuario: hostpanish (ID: 1) | IP: ::1
[2025-08-06 06:20:35] INFO: PROCESSOR: Procesando template con datos disponibles | Usuario: hostpanish (ID: 1) | IP: ::1
[2025-08-06 06:20:35] INFO: PROCESSOR: Claves principales: cotizacion, cliente, empresa, productos, fechas, sistema, totales | Usuario: hostpanish (ID: 1) | IP: ::1
[2025-08-06 06:20:35] INFO: PROCESSOR: Procesando CSS para visualización web | Usuario: hostpanish (ID: 1) | IP: ::1
[2025-08-06 06:21:11] INFO: TEMPLATE_PROCESSOR: Datos sincronizados entre cotizacion_data y datos | Usuario: hostpanish (ID: 1) | IP: ::1
[2025-08-06 06:21:11] INFO: TEMPLATE_PROCESSOR: tiene_datos() ahora devuelve: TRUE | Usuario: hostpanish (ID: 1) | IP: ::1
[2025-08-06 06:21:11] INFO: PROCESSOR: Procesando template con datos disponibles | Usuario: hostpanish (ID: 1) | IP: ::1
[2025-08-06 06:21:11] INFO: PROCESSOR: Claves principales: cotizacion, cliente, empresa, productos, fechas, sistema, totales | Usuario: hostpanish (ID: 1) | IP: ::1
[2025-08-06 06:21:11] INFO: PROCESSOR: Procesando CSS para visualización web | Usuario: hostpanish (ID: 1) | IP: ::1
[2025-08-06 06:21:56] INFO: TEMPLATE_PROCESSOR: Datos sincronizados entre cotizacion_data y datos | Usuario: hostpanish (ID: 1) | IP: ::1
[2025-08-06 06:21:56] INFO: TEMPLATE_PROCESSOR: tiene_datos() ahora devuelve: TRUE | Usuario: hostpanish (ID: 1) | IP: ::1
[2025-08-06 06:21:56] INFO: PROCESSOR: Procesando template con datos disponibles | Usuario: hostpanish (ID: 1) | IP: ::1
[2025-08-06 06:21:56] INFO: PROCESSOR: Claves principales: cotizacion, cliente, empresa, productos, fechas, sistema, totales | Usuario: hostpanish (ID: 1) | IP: ::1
[2025-08-06 06:21:56] INFO: PROCESSOR: Procesando CSS para visualización web | Usuario: hostpanish (ID: 1) | IP: ::1
[2025-08-06 06:23:39] INFO: Plantilla ID 4 actualizada exitosamente | Usuario: hostpanish (ID: 1) | IP: ::1
[2025-08-06 06:23:42] INFO: TEMPLATE_PROCESSOR: Datos sincronizados entre cotizacion_data y datos | Usuario: hostpanish (ID: 1) | IP: ::1
[2025-08-06 06:23:42] INFO: TEMPLATE_PROCESSOR: tiene_datos() ahora devuelve: TRUE | Usuario: hostpanish (ID: 1) | IP: ::1
[2025-08-06 06:23:42] INFO: PROCESSOR: Procesando template con datos disponibles | Usuario: hostpanish (ID: 1) | IP: ::1
[2025-08-06 06:23:42] INFO: PROCESSOR: Claves principales: cotizacion, cliente, empresa, productos, fechas, sistema, totales | Usuario: hostpanish (ID: 1) | IP: ::1
[2025-08-06 06:23:42] INFO: PROCESSOR: Procesando CSS para visualización web | Usuario: hostpanish (ID: 1) | IP: ::1
[2025-08-06 06:27:09] INFO: TEMPLATE_PROCESSOR: Datos sincronizados entre cotizacion_data y datos | Usuario: hostpanish (ID: 1) | IP: ::1
[2025-08-06 06:27:09] INFO: TEMPLATE_PROCESSOR: tiene_datos() ahora devuelve: TRUE | Usuario: hostpanish (ID: 1) | IP: ::1
[2025-08-06 06:27:09] INFO: PROCESSOR: Procesando template con datos disponibles | Usuario: hostpanish (ID: 1) | IP: ::1
[2025-08-06 06:27:09] INFO: PROCESSOR: Claves principales: cotizacion, cliente, empresa, productos, fechas, sistema, totales | Usuario: hostpanish (ID: 1) | IP: ::1
[2025-08-06 06:27:09] INFO: PROCESSOR: Procesando CSS para visualización web | Usuario: hostpanish (ID: 1) | IP: ::1
[2025-08-06 06:28:30] INFO: TEMPLATE_PROCESSOR: Datos sincronizados entre cotizacion_data y datos | Usuario: hostpanish (ID: 1) | IP: ::1
[2025-08-06 06:28:30] INFO: TEMPLATE_PROCESSOR: tiene_datos() ahora devuelve: TRUE | Usuario: hostpanish (ID: 1) | IP: ::1
[2025-08-06 06:28:30] INFO: PROCESSOR: Procesando template con datos disponibles | Usuario: hostpanish (ID: 1) | IP: ::1
[2025-08-06 06:28:30] INFO: PROCESSOR: Claves principales: cotizacion, cliente, empresa, productos, fechas, sistema, totales | Usuario: hostpanish (ID: 1) | IP: ::1
[2025-08-06 06:28:30] INFO: PROCESSOR: Procesando CSS para visualización web | Usuario: hostpanish (ID: 1) | IP: ::1
[2025-08-06 21:20:15] INFO: TEMPLATE_PROCESSOR: Datos sincronizados entre cotizacion_data y datos | IP: ::1
[2025-08-06 21:20:15] INFO: TEMPLATE_PROCESSOR: tiene_datos() ahora devuelve: TRUE | IP: ::1
[2025-08-06 21:20:15] INFO: PROCESSOR: Procesando template con datos disponibles | IP: ::1
[2025-08-06 21:20:15] INFO: PROCESSOR: Claves principales: cotizacion, cliente, empresa, productos, fechas, sistema, totales | IP: ::1
[2025-08-06 21:20:15] INFO: PROCESSOR: Procesando CSS para visualización web | IP: ::1
