[2025-07-11 02:57:48] INFO: PDF_TEMPLATES: Generando preview de plantilla | Usuario: hostpanish (ID: 1) | IP: ::1
[2025-07-11 02:57:48] INFO: PDF_TEMPLATES: Processor disponible, procesando contenido... | Usuario: hostpanish (ID: 1) | IP: ::1
[2025-07-11 02:57:48] INFO: PDF_TEMPLATES: Usando datos de prueba | Usuario: hostpanish (ID: 1) | IP: ::1
[2025-07-11 02:57:48] INFO: TEMPLATE_PROCESSOR: Procesando preview de plantilla | Usuario: hostpanish (ID: 1) | IP: ::1
[2025-07-11 02:57:48] INFO: PDF_TEMPLATES: Contenido procesado, preparando directorio... | Usuario: hostpanish (ID: 1) | IP: ::1
[2025-07-11 02:57:48] INFO: PDF_TEMPLATES: Guardando archivo: C:\wamp64\www\gestion-almacenes-bolt/wp-content/uploads/modulo-ventas/previews/preview_f8ba35dc33fe18e384193bdeba9ff861.html | Usuario: hostpanish (ID: 1) | IP: ::1
[2025-07-11 02:57:48] INFO: PDF_TEMPLATES: Preview generado exitosamente: http://localhost/gestion-almacenes-bolt/wp-admin/admin-ajax.php?action=mv_servir_preview&file=preview_f8ba35dc33fe18e384193bdeba9ff861.html&nonce=71a4f6a592 | Usuario: hostpanish (ID: 1) | IP: ::1
[2025-07-11 03:07:34] INFO: PDF_TEMPLATES: Generando preview de plantilla | Usuario: hostpanish (ID: 1) | IP: ::1
[2025-07-11 03:07:34] INFO: PDF_TEMPLATES: Processor disponible, procesando contenido... | Usuario: hostpanish (ID: 1) | IP: ::1
[2025-07-11 03:07:34] INFO: PDF_TEMPLATES: Usando datos de prueba | Usuario: hostpanish (ID: 1) | IP: ::1
[2025-07-11 03:07:34] INFO: TEMPLATE_PROCESSOR: Procesando preview de plantilla | Usuario: hostpanish (ID: 1) | IP: ::1
[2025-07-11 03:07:34] INFO: PDF_TEMPLATES: Contenido procesado, preparando directorio... | Usuario: hostpanish (ID: 1) | IP: ::1
[2025-07-11 03:07:34] INFO: PDF_TEMPLATES: Guardando archivo: C:\wamp64\www\gestion-almacenes-bolt/wp-content/uploads/modulo-ventas/previews/preview_2708af36f1f5b01f565fd6c3946f12c4.html | Usuario: hostpanish (ID: 1) | IP: ::1
[2025-07-11 03:07:34] INFO: PDF_TEMPLATES: Preview generado exitosamente: http://localhost/gestion-almacenes-bolt/wp-admin/admin-ajax.php?action=mv_servir_preview&file=preview_2708af36f1f5b01f565fd6c3946f12c4.html&nonce=ac264d4855 | Usuario: hostpanish (ID: 1) | IP: ::1
[2025-07-11 03:08:15] INFO: Nueva plantilla creada con ID: 5 y slug: cotizacion-prueba | Usuario: hostpanish (ID: 1) | IP: ::1
[2025-07-11 03:49:55] INFO: TEMPLATE_PROCESSOR: Procesando plantilla ID 4 para cotización 26 | Usuario: hostpanish (ID: 1) | IP: ::1
[2025-07-11 03:49:55] INFO: TEMPLATE_PROCESSOR: Datos cargados para cotización 26 - Cliente: Andrés Moraga | Usuario: hostpanish (ID: 1) | IP: ::1
[2025-07-11 03:49:55] WARNING: TEMPLATE_PROCESSOR: Variable no encontrada: cliente.region | Usuario: hostpanish (ID: 1) | IP: ::1
[2025-07-11 03:49:55] INFO: TEMPLATE_PROCESSOR: Plantilla procesada exitosamente | Usuario: hostpanish (ID: 1) | IP: ::1
[2025-07-11 03:50:42] INFO: PDF_TEMPLATES: Generando preview de plantilla | Usuario: hostpanish (ID: 1) | IP: ::1
[2025-07-11 03:50:42] INFO: PDF_TEMPLATES: Processor disponible, procesando contenido... | Usuario: hostpanish (ID: 1) | IP: ::1
[2025-07-11 03:50:42] INFO: PDF_TEMPLATES: Usando datos de prueba | Usuario: hostpanish (ID: 1) | IP: ::1
[2025-07-11 03:50:42] INFO: TEMPLATE_PROCESSOR: Procesando preview de plantilla | Usuario: hostpanish (ID: 1) | IP: ::1
[2025-07-11 03:50:42] INFO: PDF_TEMPLATES: Contenido procesado, preparando directorio... | Usuario: hostpanish (ID: 1) | IP: ::1
[2025-07-11 03:50:42] INFO: PDF_TEMPLATES: Guardando archivo: C:\wamp64\www\gestion-almacenes-bolt/wp-content/uploads/modulo-ventas/previews/preview_f5c53df6fd4e8087cd0280d03126affa.html | Usuario: hostpanish (ID: 1) | IP: ::1
[2025-07-11 03:50:42] INFO: PDF_TEMPLATES: Preview generado exitosamente: http://localhost/gestion-almacenes-bolt/wp-admin/admin-ajax.php?action=mv_servir_preview&file=preview_f5c53df6fd4e8087cd0280d03126affa.html&nonce=8c602eba00 | Usuario: hostpanish (ID: 1) | IP: ::1
[2025-07-11 03:51:03] INFO: PDF_TEMPLATES: Generando preview de plantilla | Usuario: hostpanish (ID: 1) | IP: ::1
[2025-07-11 03:51:03] INFO: PDF_TEMPLATES: Processor disponible, procesando contenido... | Usuario: hostpanish (ID: 1) | IP: ::1
[2025-07-11 03:51:03] INFO: PDF_TEMPLATES: Usando datos de prueba | Usuario: hostpanish (ID: 1) | IP: ::1
[2025-07-11 03:51:03] INFO: TEMPLATE_PROCESSOR: Procesando preview de plantilla | Usuario: hostpanish (ID: 1) | IP: ::1
[2025-07-11 03:51:03] INFO: PDF_TEMPLATES: Contenido procesado, preparando directorio... | Usuario: hostpanish (ID: 1) | IP: ::1
[2025-07-11 03:51:03] INFO: PDF_TEMPLATES: Guardando archivo: C:\wamp64\www\gestion-almacenes-bolt/wp-content/uploads/modulo-ventas/previews/preview_67748e21dd3caefb99b6d8ef9a6c314f.html | Usuario: hostpanish (ID: 1) | IP: ::1
[2025-07-11 03:51:03] INFO: PDF_TEMPLATES: Preview generado exitosamente: http://localhost/gestion-almacenes-bolt/wp-admin/admin-ajax.php?action=mv_servir_preview&file=preview_67748e21dd3caefb99b6d8ef9a6c314f.html&nonce=1bccdae6eb | Usuario: hostpanish (ID: 1) | IP: ::1
[2025-07-11 04:02:54] INFO: TEMPLATE_PROCESSOR: Procesando plantilla ID 4 para cotización 25 | Usuario: hostpanish (ID: 1) | IP: ::1
[2025-07-11 04:02:54] INFO: TEMPLATE_PROCESSOR: Datos cargados para cotización 25 - Cliente: Zinedine Zidane | Usuario: hostpanish (ID: 1) | IP: ::1
[2025-07-11 04:02:54] WARNING: TEMPLATE_PROCESSOR: Variable no encontrada: cliente.region | Usuario: hostpanish (ID: 1) | IP: ::1
[2025-07-11 04:02:54] INFO: TEMPLATE_PROCESSOR: Plantilla procesada exitosamente | Usuario: hostpanish (ID: 1) | IP: ::1
[2025-07-11 04:03:11] INFO: TEMPLATE_PROCESSOR: Procesando plantilla ID 4 para cotización 25 | Usuario: hostpanish (ID: 1) | IP: ::1
[2025-07-11 04:03:11] INFO: TEMPLATE_PROCESSOR: Datos cargados para cotización 25 - Cliente: Zinedine Zidane | Usuario: hostpanish (ID: 1) | IP: ::1
[2025-07-11 04:03:11] WARNING: TEMPLATE_PROCESSOR: Variable no encontrada: cliente.region | Usuario: hostpanish (ID: 1) | IP: ::1
[2025-07-11 04:03:11] INFO: TEMPLATE_PROCESSOR: Plantilla procesada exitosamente | Usuario: hostpanish (ID: 1) | IP: ::1
[2025-07-11 04:05:11] INFO: TEMPLATE_PROCESSOR: Procesando plantilla ID 4 para cotización 25 | Usuario: hostpanish (ID: 1) | IP: ::1
[2025-07-11 04:05:11] INFO: TEMPLATE_PROCESSOR: Datos cargados para cotización 25 - Cliente: Zinedine Zidane | Usuario: hostpanish (ID: 1) | IP: ::1
[2025-07-11 04:05:11] WARNING: TEMPLATE_PROCESSOR: Variable no encontrada: cliente.region | Usuario: hostpanish (ID: 1) | IP: ::1
[2025-07-11 04:05:11] INFO: TEMPLATE_PROCESSOR: Plantilla procesada exitosamente | Usuario: hostpanish (ID: 1) | IP: ::1
[2025-07-11 04:05:26] INFO: TEMPLATE_PROCESSOR: Procesando plantilla ID 4 para cotización 25 | Usuario: hostpanish (ID: 1) | IP: ::1
[2025-07-11 04:05:26] INFO: TEMPLATE_PROCESSOR: Datos cargados para cotización 25 - Cliente: Zinedine Zidane | Usuario: hostpanish (ID: 1) | IP: ::1
[2025-07-11 04:05:26] WARNING: TEMPLATE_PROCESSOR: Variable no encontrada: cliente.region | Usuario: hostpanish (ID: 1) | IP: ::1
[2025-07-11 04:05:26] INFO: TEMPLATE_PROCESSOR: Plantilla procesada exitosamente | Usuario: hostpanish (ID: 1) | IP: ::1
[2025-07-11 04:05:53] INFO: PDF_TEMPLATES: Generando preview de plantilla | Usuario: hostpanish (ID: 1) | IP: ::1
[2025-07-11 04:05:53] INFO: PDF_TEMPLATES: Processor disponible, procesando contenido... | Usuario: hostpanish (ID: 1) | IP: ::1
[2025-07-11 04:05:53] INFO: PDF_TEMPLATES: Usando datos de prueba | Usuario: hostpanish (ID: 1) | IP: ::1
[2025-07-11 04:05:53] INFO: TEMPLATE_PROCESSOR: Procesando preview de plantilla | Usuario: hostpanish (ID: 1) | IP: ::1
[2025-07-11 04:05:53] INFO: PDF_TEMPLATES: Contenido procesado, preparando directorio... | Usuario: hostpanish (ID: 1) | IP: ::1
[2025-07-11 04:05:53] INFO: PDF_TEMPLATES: Guardando archivo: C:\wamp64\www\gestion-almacenes-bolt/wp-content/uploads/modulo-ventas/previews/preview_33b089170c1096be28378e968044be1e.html | Usuario: hostpanish (ID: 1) | IP: ::1
[2025-07-11 04:05:53] INFO: PDF_TEMPLATES: Preview generado exitosamente: http://localhost/gestion-almacenes-bolt/wp-admin/admin-ajax.php?action=mv_servir_preview&file=preview_33b089170c1096be28378e968044be1e.html&nonce=489bba6c2c | Usuario: hostpanish (ID: 1) | IP: ::1
[2025-07-11 04:14:32] INFO: Plantilla ID 4 actualizada exitosamente | Usuario: hostpanish (ID: 1) | IP: ::1
[2025-07-11 04:14:35] INFO: PDF_TEMPLATES: Generando preview de plantilla | Usuario: hostpanish (ID: 1) | IP: ::1
[2025-07-11 04:14:35] INFO: PDF_TEMPLATES: Processor disponible, procesando contenido... | Usuario: hostpanish (ID: 1) | IP: ::1
[2025-07-11 04:14:35] INFO: PDF_TEMPLATES: Usando datos de prueba | Usuario: hostpanish (ID: 1) | IP: ::1
[2025-07-11 04:14:35] INFO: TEMPLATE_PROCESSOR: Procesando preview de plantilla | Usuario: hostpanish (ID: 1) | IP: ::1
[2025-07-11 04:14:35] INFO: PDF_TEMPLATES: Contenido procesado, preparando directorio... | Usuario: hostpanish (ID: 1) | IP: ::1
[2025-07-11 04:14:35] INFO: PDF_TEMPLATES: Guardando archivo: C:\wamp64\www\gestion-almacenes-bolt/wp-content/uploads/modulo-ventas/previews/preview_0fce3bb408c3a08b3a299d3c4a2e4dc8.html | Usuario: hostpanish (ID: 1) | IP: ::1
[2025-07-11 04:14:35] INFO: PDF_TEMPLATES: Preview generado exitosamente: http://localhost/gestion-almacenes-bolt/wp-admin/admin-ajax.php?action=mv_servir_preview&file=preview_0fce3bb408c3a08b3a299d3c4a2e4dc8.html&nonce=47b89b71cb | Usuario: hostpanish (ID: 1) | IP: ::1
[2025-07-11 04:16:01] INFO: Plantilla ID 4 actualizada exitosamente | Usuario: hostpanish (ID: 1) | IP: ::1
[2025-07-11 04:16:04] INFO: PDF_TEMPLATES: Generando preview de plantilla | Usuario: hostpanish (ID: 1) | IP: ::1
[2025-07-11 04:16:04] INFO: PDF_TEMPLATES: Processor disponible, procesando contenido... | Usuario: hostpanish (ID: 1) | IP: ::1
[2025-07-11 04:16:04] INFO: PDF_TEMPLATES: Usando datos de prueba | Usuario: hostpanish (ID: 1) | IP: ::1
[2025-07-11 04:16:04] INFO: TEMPLATE_PROCESSOR: Procesando preview de plantilla | Usuario: hostpanish (ID: 1) | IP: ::1
[2025-07-11 04:16:04] WARNING: TEMPLATE_PROCESSOR: Variable no encontrada: @first | Usuario: hostpanish (ID: 1) | IP: ::1
[2025-07-11 04:16:04] WARNING: TEMPLATE_PROCESSOR: Variable no encontrada: else | Usuario: hostpanish (ID: 1) | IP: ::1
[2025-07-11 04:16:04] WARNING: TEMPLATE_PROCESSOR: Variable no encontrada: #if @even | Usuario: hostpanish (ID: 1) | IP: ::1
[2025-07-11 04:16:04] WARNING: TEMPLATE_PROCESSOR: Variable no encontrada: else | Usuario: hostpanish (ID: 1) | IP: ::1
[2025-07-11 04:16:04] WARNING: TEMPLATE_PROCESSOR: Variable no encontrada: descripcion | Usuario: hostpanish (ID: 1) | IP: ::1
[2025-07-11 04:16:04] WARNING: TEMPLATE_PROCESSOR: Variable no encontrada: descripcion | Usuario: hostpanish (ID: 1) | IP: ::1
[2025-07-11 04:16:04] WARNING: TEMPLATE_PROCESSOR: Variable no encontrada: @even | Usuario: hostpanish (ID: 1) | IP: ::1
[2025-07-11 04:16:04] WARNING: TEMPLATE_PROCESSOR: Variable no encontrada: else | Usuario: hostpanish (ID: 1) | IP: ::1
[2025-07-11 04:16:04] WARNING: TEMPLATE_PROCESSOR: Variable no encontrada: else | Usuario: hostpanish (ID: 1) | IP: ::1
[2025-07-11 04:16:04] WARNING: TEMPLATE_PROCESSOR: Variable no encontrada: else | Usuario: hostpanish (ID: 1) | IP: ::1
[2025-07-11 04:16:04] WARNING: TEMPLATE_PROCESSOR: Variable no encontrada: @even | Usuario: hostpanish (ID: 1) | IP: ::1
[2025-07-11 04:16:04] WARNING: TEMPLATE_PROCESSOR: Variable no encontrada: else | Usuario: hostpanish (ID: 1) | IP: ::1
[2025-07-11 04:16:04] WARNING: TEMPLATE_PROCESSOR: Variable no encontrada: else | Usuario: hostpanish (ID: 1) | IP: ::1
[2025-07-11 04:16:04] WARNING: TEMPLATE_PROCESSOR: Variable no encontrada: else | Usuario: hostpanish (ID: 1) | IP: ::1
[2025-07-11 04:16:04] WARNING: TEMPLATE_PROCESSOR: Variable no encontrada: @even | Usuario: hostpanish (ID: 1) | IP: ::1
[2025-07-11 04:16:04] WARNING: TEMPLATE_PROCESSOR: Variable no encontrada: else | Usuario: hostpanish (ID: 1) | IP: ::1
[2025-07-11 04:16:04] WARNING: TEMPLATE_PROCESSOR: Variable no encontrada: else | Usuario: hostpanish (ID: 1) | IP: ::1
[2025-07-11 04:16:04] WARNING: TEMPLATE_PROCESSOR: Variable no encontrada: else | Usuario: hostpanish (ID: 1) | IP: ::1
[2025-07-11 04:16:04] WARNING: TEMPLATE_PROCESSOR: Variable no encontrada: cotizacion.folio | Usuario: hostpanish (ID: 1) | IP: ::1
[2025-07-11 04:16:04] WARNING: TEMPLATE_PROCESSOR: Variable no encontrada: else | Usuario: hostpanish (ID: 1) | IP: ::1
[2025-07-11 04:16:04] WARNING: TEMPLATE_PROCESSOR: Variable no encontrada: else | Usuario: hostpanish (ID: 1) | IP: ::1
[2025-07-11 04:16:04] WARNING: TEMPLATE_PROCESSOR: Variable no encontrada: else | Usuario: hostpanish (ID: 1) | IP: ::1
[2025-07-11 04:16:04] WARNING: TEMPLATE_PROCESSOR: Variable no encontrada: else | Usuario: hostpanish (ID: 1) | IP: ::1
[2025-07-11 04:16:04] WARNING: TEMPLATE_PROCESSOR: Variable no encontrada: else | Usuario: hostpanish (ID: 1) | IP: ::1
[2025-07-11 04:16:04] WARNING: TEMPLATE_PROCESSOR: Variable no encontrada: else | Usuario: hostpanish (ID: 1) | IP: ::1
[2025-07-11 04:16:04] WARNING: TEMPLATE_PROCESSOR: Variable no encontrada: meta.hora_generacion | Usuario: hostpanish (ID: 1) | IP: ::1
[2025-07-11 04:16:04] INFO: PDF_TEMPLATES: Contenido procesado, preparando directorio... | Usuario: hostpanish (ID: 1) | IP: ::1
[2025-07-11 04:16:04] INFO: PDF_TEMPLATES: Guardando archivo: C:\wamp64\www\gestion-almacenes-bolt/wp-content/uploads/modulo-ventas/previews/preview_debcb6e52d135df89bea3bedc713e684.html | Usuario: hostpanish (ID: 1) | IP: ::1
[2025-07-11 04:16:04] INFO: PDF_TEMPLATES: Preview generado exitosamente: http://localhost/gestion-almacenes-bolt/wp-admin/admin-ajax.php?action=mv_servir_preview&file=preview_debcb6e52d135df89bea3bedc713e684.html&nonce=718d1a5cae | Usuario: hostpanish (ID: 1) | IP: ::1
[2025-07-11 04:17:22] INFO: Plantilla ID 4 actualizada exitosamente | Usuario: hostpanish (ID: 1) | IP: ::1
[2025-07-11 04:17:32] INFO: TEMPLATE_PROCESSOR: Procesando plantilla ID 4 para cotización 25 | Usuario: hostpanish (ID: 1) | IP: ::1
[2025-07-11 04:17:32] INFO: TEMPLATE_PROCESSOR: Datos cargados para cotización 25 - Cliente: Zinedine Zidane | Usuario: hostpanish (ID: 1) | IP: ::1
[2025-07-11 04:17:32] WARNING: TEMPLATE_PROCESSOR: Variable no encontrada: @first | Usuario: hostpanish (ID: 1) | IP: ::1
[2025-07-11 04:17:32] WARNING: TEMPLATE_PROCESSOR: Variable no encontrada: else | Usuario: hostpanish (ID: 1) | IP: ::1
[2025-07-11 04:17:32] WARNING: TEMPLATE_PROCESSOR: Variable no encontrada: #if @even | Usuario: hostpanish (ID: 1) | IP: ::1
[2025-07-11 04:17:32] WARNING: TEMPLATE_PROCESSOR: Variable no encontrada: else | Usuario: hostpanish (ID: 1) | IP: ::1
[2025-07-11 04:17:32] WARNING: TEMPLATE_PROCESSOR: Variable no encontrada: descripcion | Usuario: hostpanish (ID: 1) | IP: ::1
[2025-07-11 04:17:32] WARNING: TEMPLATE_PROCESSOR: Variable no encontrada: descripcion | Usuario: hostpanish (ID: 1) | IP: ::1
[2025-07-11 04:17:32] WARNING: TEMPLATE_PROCESSOR: Variable no encontrada: @even | Usuario: hostpanish (ID: 1) | IP: ::1
[2025-07-11 04:17:32] WARNING: TEMPLATE_PROCESSOR: Variable no encontrada: else | Usuario: hostpanish (ID: 1) | IP: ::1
[2025-07-11 04:17:32] WARNING: TEMPLATE_PROCESSOR: Variable no encontrada: else | Usuario: hostpanish (ID: 1) | IP: ::1
[2025-07-11 04:17:32] WARNING: TEMPLATE_PROCESSOR: Variable no encontrada: else | Usuario: hostpanish (ID: 1) | IP: ::1
[2025-07-11 04:17:32] WARNING: TEMPLATE_PROCESSOR: Variable no encontrada: else | Usuario: hostpanish (ID: 1) | IP: ::1
[2025-07-11 04:17:32] WARNING: TEMPLATE_PROCESSOR: Variable no encontrada: else | Usuario: hostpanish (ID: 1) | IP: ::1
[2025-07-11 04:17:32] INFO: TEMPLATE_PROCESSOR: Plantilla procesada exitosamente | Usuario: hostpanish (ID: 1) | IP: ::1
[2025-07-11 04:27:32] INFO: TEMPLATE_PROCESSOR: Procesando preview de plantilla | Usuario: hostpanish (ID: 1) | IP: ::1
[2025-07-11 04:30:41] INFO: TEMPLATE_PROCESSOR: Procesando preview de plantilla | Usuario: hostpanish (ID: 1) | IP: ::1
[2025-07-11 04:30:41] INFO: TEMPLATE_PROCESSOR: Procesando plantilla ID 4 para cotización 26 | Usuario: hostpanish (ID: 1) | IP: ::1
[2025-07-11 04:30:41] INFO: TEMPLATE_PROCESSOR: Datos cargados para cotización 26 - Cliente: Andrés Moraga | Usuario: hostpanish (ID: 1) | IP: ::1
[2025-07-11 04:30:41] WARNING: TEMPLATE_PROCESSOR: Variable no encontrada: @first | Usuario: hostpanish (ID: 1) | IP: ::1
[2025-07-11 04:30:41] WARNING: TEMPLATE_PROCESSOR: Variable no encontrada: else | Usuario: hostpanish (ID: 1) | IP: ::1
[2025-07-11 04:30:41] WARNING: TEMPLATE_PROCESSOR: Variable no encontrada: #if @even | Usuario: hostpanish (ID: 1) | IP: ::1
[2025-07-11 04:30:41] WARNING: TEMPLATE_PROCESSOR: Variable no encontrada: else | Usuario: hostpanish (ID: 1) | IP: ::1
[2025-07-11 04:30:41] WARNING: TEMPLATE_PROCESSOR: Variable no encontrada: descripcion | Usuario: hostpanish (ID: 1) | IP: ::1
[2025-07-11 04:30:41] WARNING: TEMPLATE_PROCESSOR: Variable no encontrada: descripcion | Usuario: hostpanish (ID: 1) | IP: ::1
[2025-07-11 04:30:41] WARNING: TEMPLATE_PROCESSOR: Variable no encontrada: @even | Usuario: hostpanish (ID: 1) | IP: ::1
[2025-07-11 04:30:41] WARNING: TEMPLATE_PROCESSOR: Variable no encontrada: else | Usuario: hostpanish (ID: 1) | IP: ::1
[2025-07-11 04:30:41] WARNING: TEMPLATE_PROCESSOR: Variable no encontrada: else | Usuario: hostpanish (ID: 1) | IP: ::1
[2025-07-11 04:30:41] WARNING: TEMPLATE_PROCESSOR: Variable no encontrada: else | Usuario: hostpanish (ID: 1) | IP: ::1
[2025-07-11 04:30:41] WARNING: TEMPLATE_PROCESSOR: Variable no encontrada: @even | Usuario: hostpanish (ID: 1) | IP: ::1
[2025-07-11 04:30:41] WARNING: TEMPLATE_PROCESSOR: Variable no encontrada: else | Usuario: hostpanish (ID: 1) | IP: ::1
[2025-07-11 04:30:41] WARNING: TEMPLATE_PROCESSOR: Variable no encontrada: else | Usuario: hostpanish (ID: 1) | IP: ::1
[2025-07-11 04:30:41] WARNING: TEMPLATE_PROCESSOR: Variable no encontrada: else | Usuario: hostpanish (ID: 1) | IP: ::1
[2025-07-11 04:30:41] WARNING: TEMPLATE_PROCESSOR: Variable no encontrada: else | Usuario: hostpanish (ID: 1) | IP: ::1
[2025-07-11 04:30:41] WARNING: TEMPLATE_PROCESSOR: Variable no encontrada: else | Usuario: hostpanish (ID: 1) | IP: ::1
[2025-07-11 04:30:41] WARNING: TEMPLATE_PROCESSOR: Variable no encontrada: else | Usuario: hostpanish (ID: 1) | IP: ::1
[2025-07-11 04:30:41] WARNING: TEMPLATE_PROCESSOR: Variable no encontrada: else | Usuario: hostpanish (ID: 1) | IP: ::1
[2025-07-11 04:30:41] INFO: TEMPLATE_PROCESSOR: Plantilla procesada exitosamente | Usuario: hostpanish (ID: 1) | IP: ::1
[2025-07-11 04:57:48] INFO: TEMPLATE_PROCESSOR: Procesando preview de plantilla | Usuario: hostpanish (ID: 1) | IP: ::1
[2025-07-11 04:57:48] INFO: TEMPLATE_PROCESSOR: Procesando plantilla ID 4 para cotización 26 | Usuario: hostpanish (ID: 1) | IP: ::1
[2025-07-11 04:57:48] ERROR: TEMPLATE_PROCESSOR: Cotización 26 no encontrada | Usuario: hostpanish (ID: 1) | IP: ::1 | Trace: class-modulo-ventas-pdf-template-processor.php:112 log() <- class-modulo-ventas-pdf-template-processor.php:52 cargar_datos_cotizacion() <- class-modulo-ventas-pdf.php:216 procesar_plantilla() <- test-plantillas-integration.php:149 generar_pdf_cotizacion()
[2025-07-11 04:57:48] WARNING: TEMPLATE_PROCESSOR: Variable no encontrada: @first | Usuario: hostpanish (ID: 1) | IP: ::1
[2025-07-11 04:57:48] WARNING: TEMPLATE_PROCESSOR: Variable no encontrada: else | Usuario: hostpanish (ID: 1) | IP: ::1
[2025-07-11 04:57:48] WARNING: TEMPLATE_PROCESSOR: Variable no encontrada: #if @even | Usuario: hostpanish (ID: 1) | IP: ::1
[2025-07-11 04:57:48] WARNING: TEMPLATE_PROCESSOR: Variable no encontrada: else | Usuario: hostpanish (ID: 1) | IP: ::1
[2025-07-11 04:57:48] WARNING: TEMPLATE_PROCESSOR: Variable no encontrada: descripcion | Usuario: hostpanish (ID: 1) | IP: ::1
[2025-07-11 04:57:48] WARNING: TEMPLATE_PROCESSOR: Variable no encontrada: descripcion | Usuario: hostpanish (ID: 1) | IP: ::1
[2025-07-11 04:57:48] WARNING: TEMPLATE_PROCESSOR: Variable no encontrada: @even | Usuario: hostpanish (ID: 1) | IP: ::1
[2025-07-11 04:57:48] WARNING: TEMPLATE_PROCESSOR: Variable no encontrada: else | Usuario: hostpanish (ID: 1) | IP: ::1
[2025-07-11 04:57:48] WARNING: TEMPLATE_PROCESSOR: Variable no encontrada: else | Usuario: hostpanish (ID: 1) | IP: ::1
[2025-07-11 04:57:48] WARNING: TEMPLATE_PROCESSOR: Variable no encontrada: else | Usuario: hostpanish (ID: 1) | IP: ::1
[2025-07-11 04:57:48] WARNING: TEMPLATE_PROCESSOR: Variable no encontrada: @even | Usuario: hostpanish (ID: 1) | IP: ::1
[2025-07-11 04:57:48] WARNING: TEMPLATE_PROCESSOR: Variable no encontrada: else | Usuario: hostpanish (ID: 1) | IP: ::1
[2025-07-11 04:57:48] WARNING: TEMPLATE_PROCESSOR: Variable no encontrada: else | Usuario: hostpanish (ID: 1) | IP: ::1
[2025-07-11 04:57:48] WARNING: TEMPLATE_PROCESSOR: Variable no encontrada: else | Usuario: hostpanish (ID: 1) | IP: ::1
[2025-07-11 04:57:48] WARNING: TEMPLATE_PROCESSOR: Variable no encontrada: @even | Usuario: hostpanish (ID: 1) | IP: ::1
[2025-07-11 04:57:48] WARNING: TEMPLATE_PROCESSOR: Variable no encontrada: else | Usuario: hostpanish (ID: 1) | IP: ::1
[2025-07-11 04:57:48] WARNING: TEMPLATE_PROCESSOR: Variable no encontrada: else | Usuario: hostpanish (ID: 1) | IP: ::1
[2025-07-11 04:57:48] WARNING: TEMPLATE_PROCESSOR: Variable no encontrada: else | Usuario: hostpanish (ID: 1) | IP: ::1
[2025-07-11 04:57:48] WARNING: TEMPLATE_PROCESSOR: Variable no encontrada: cotizacion.folio | Usuario: hostpanish (ID: 1) | IP: ::1
[2025-07-11 04:57:48] WARNING: TEMPLATE_PROCESSOR: Variable no encontrada: else | Usuario: hostpanish (ID: 1) | IP: ::1
[2025-07-11 04:57:48] WARNING: TEMPLATE_PROCESSOR: Variable no encontrada: else | Usuario: hostpanish (ID: 1) | IP: ::1
[2025-07-11 04:57:48] WARNING: TEMPLATE_PROCESSOR: Variable no encontrada: else | Usuario: hostpanish (ID: 1) | IP: ::1
[2025-07-11 04:57:48] WARNING: TEMPLATE_PROCESSOR: Variable no encontrada: else | Usuario: hostpanish (ID: 1) | IP: ::1
[2025-07-11 04:57:48] WARNING: TEMPLATE_PROCESSOR: Variable no encontrada: else | Usuario: hostpanish (ID: 1) | IP: ::1
[2025-07-11 04:57:48] WARNING: TEMPLATE_PROCESSOR: Variable no encontrada: else | Usuario: hostpanish (ID: 1) | IP: ::1
[2025-07-11 04:57:48] INFO: TEMPLATE_PROCESSOR: Plantilla procesada exitosamente | Usuario: hostpanish (ID: 1) | IP: ::1
[2025-07-11 04:58:14] INFO: TEMPLATE_PROCESSOR: Procesando preview de plantilla | Usuario: hostpanish (ID: 1) | IP: ::1
[2025-07-11 04:58:14] INFO: TEMPLATE_PROCESSOR: Procesando plantilla ID 4 para cotización 26 | Usuario: hostpanish (ID: 1) | IP: ::1
[2025-07-11 04:58:14] ERROR: TEMPLATE_PROCESSOR: Cotización 26 no encontrada | Usuario: hostpanish (ID: 1) | IP: ::1 | Trace: class-modulo-ventas-pdf-template-processor.php:112 log() <- class-modulo-ventas-pdf-template-processor.php:52 cargar_datos_cotizacion() <- class-modulo-ventas-pdf.php:216 procesar_plantilla() <- test-plantillas-integration.php:149 generar_pdf_cotizacion()
[2025-07-11 04:58:14] WARNING: TEMPLATE_PROCESSOR: Variable no encontrada: @first | Usuario: hostpanish (ID: 1) | IP: ::1
[2025-07-11 04:58:14] WARNING: TEMPLATE_PROCESSOR: Variable no encontrada: else | Usuario: hostpanish (ID: 1) | IP: ::1
[2025-07-11 04:58:14] WARNING: TEMPLATE_PROCESSOR: Variable no encontrada: #if @even | Usuario: hostpanish (ID: 1) | IP: ::1
[2025-07-11 04:58:14] WARNING: TEMPLATE_PROCESSOR: Variable no encontrada: else | Usuario: hostpanish (ID: 1) | IP: ::1
[2025-07-11 04:58:14] WARNING: TEMPLATE_PROCESSOR: Variable no encontrada: descripcion | Usuario: hostpanish (ID: 1) | IP: ::1
[2025-07-11 04:58:14] WARNING: TEMPLATE_PROCESSOR: Variable no encontrada: descripcion | Usuario: hostpanish (ID: 1) | IP: ::1
[2025-07-11 04:58:14] WARNING: TEMPLATE_PROCESSOR: Variable no encontrada: @even | Usuario: hostpanish (ID: 1) | IP: ::1
[2025-07-11 04:58:14] WARNING: TEMPLATE_PROCESSOR: Variable no encontrada: else | Usuario: hostpanish (ID: 1) | IP: ::1
[2025-07-11 04:58:14] WARNING: TEMPLATE_PROCESSOR: Variable no encontrada: else | Usuario: hostpanish (ID: 1) | IP: ::1
[2025-07-11 04:58:14] WARNING: TEMPLATE_PROCESSOR: Variable no encontrada: else | Usuario: hostpanish (ID: 1) | IP: ::1
[2025-07-11 04:58:14] WARNING: TEMPLATE_PROCESSOR: Variable no encontrada: @even | Usuario: hostpanish (ID: 1) | IP: ::1
[2025-07-11 04:58:14] WARNING: TEMPLATE_PROCESSOR: Variable no encontrada: else | Usuario: hostpanish (ID: 1) | IP: ::1
[2025-07-11 04:58:14] WARNING: TEMPLATE_PROCESSOR: Variable no encontrada: else | Usuario: hostpanish (ID: 1) | IP: ::1
[2025-07-11 04:58:14] WARNING: TEMPLATE_PROCESSOR: Variable no encontrada: else | Usuario: hostpanish (ID: 1) | IP: ::1
[2025-07-11 04:58:14] WARNING: TEMPLATE_PROCESSOR: Variable no encontrada: @even | Usuario: hostpanish (ID: 1) | IP: ::1
[2025-07-11 04:58:14] WARNING: TEMPLATE_PROCESSOR: Variable no encontrada: else | Usuario: hostpanish (ID: 1) | IP: ::1
[2025-07-11 04:58:14] WARNING: TEMPLATE_PROCESSOR: Variable no encontrada: else | Usuario: hostpanish (ID: 1) | IP: ::1
[2025-07-11 04:58:14] WARNING: TEMPLATE_PROCESSOR: Variable no encontrada: else | Usuario: hostpanish (ID: 1) | IP: ::1
[2025-07-11 04:58:14] WARNING: TEMPLATE_PROCESSOR: Variable no encontrada: cotizacion.folio | Usuario: hostpanish (ID: 1) | IP: ::1
[2025-07-11 04:58:14] WARNING: TEMPLATE_PROCESSOR: Variable no encontrada: else | Usuario: hostpanish (ID: 1) | IP: ::1
[2025-07-11 04:58:14] WARNING: TEMPLATE_PROCESSOR: Variable no encontrada: else | Usuario: hostpanish (ID: 1) | IP: ::1
[2025-07-11 04:58:14] WARNING: TEMPLATE_PROCESSOR: Variable no encontrada: else | Usuario: hostpanish (ID: 1) | IP: ::1
[2025-07-11 04:58:14] WARNING: TEMPLATE_PROCESSOR: Variable no encontrada: else | Usuario: hostpanish (ID: 1) | IP: ::1
[2025-07-11 04:58:14] WARNING: TEMPLATE_PROCESSOR: Variable no encontrada: else | Usuario: hostpanish (ID: 1) | IP: ::1
[2025-07-11 04:58:14] WARNING: TEMPLATE_PROCESSOR: Variable no encontrada: else | Usuario: hostpanish (ID: 1) | IP: ::1
[2025-07-11 04:58:14] INFO: TEMPLATE_PROCESSOR: Plantilla procesada exitosamente | Usuario: hostpanish (ID: 1) | IP: ::1
[2025-07-11 05:03:09] INFO: TEMPLATE_PROCESSOR: Procesando preview de plantilla | Usuario: hostpanish (ID: 1) | IP: ::1
[2025-07-11 05:03:09] INFO: TEMPLATE_PROCESSOR: Procesando plantilla ID 4 para cotización 26 | Usuario: hostpanish (ID: 1) | IP: ::1
[2025-07-11 05:03:09] WARNING: TEMPLATE_PROCESSOR: Variable no encontrada: @first | Usuario: hostpanish (ID: 1) | IP: ::1
[2025-07-11 05:03:09] WARNING: TEMPLATE_PROCESSOR: Variable no encontrada: else | Usuario: hostpanish (ID: 1) | IP: ::1
[2025-07-11 05:03:09] WARNING: TEMPLATE_PROCESSOR: Variable no encontrada: #if @even | Usuario: hostpanish (ID: 1) | IP: ::1
[2025-07-11 05:03:09] WARNING: TEMPLATE_PROCESSOR: Variable no encontrada: else | Usuario: hostpanish (ID: 1) | IP: ::1
[2025-07-11 05:03:09] WARNING: TEMPLATE_PROCESSOR: Variable no encontrada: descripcion | Usuario: hostpanish (ID: 1) | IP: ::1
[2025-07-11 05:03:09] WARNING: TEMPLATE_PROCESSOR: Variable no encontrada: descripcion | Usuario: hostpanish (ID: 1) | IP: ::1
[2025-07-11 05:03:09] WARNING: TEMPLATE_PROCESSOR: Variable no encontrada: cotizacion.folio | Usuario: hostpanish (ID: 1) | IP: ::1
[2025-07-11 05:03:09] INFO: TEMPLATE_PROCESSOR: Plantilla procesada exitosamente | Usuario: hostpanish (ID: 1) | IP: ::1
[2025-07-11 05:03:40] INFO: TEMPLATE_PROCESSOR: Procesando preview de plantilla | Usuario: hostpanish (ID: 1) | IP: ::1
[2025-07-11 05:03:40] INFO: TEMPLATE_PROCESSOR: Procesando plantilla ID 4 para cotización 26 | Usuario: hostpanish (ID: 1) | IP: ::1
[2025-07-11 05:03:40] WARNING: TEMPLATE_PROCESSOR: Variable no encontrada: @first | Usuario: hostpanish (ID: 1) | IP: ::1
[2025-07-11 05:03:40] WARNING: TEMPLATE_PROCESSOR: Variable no encontrada: else | Usuario: hostpanish (ID: 1) | IP: ::1
[2025-07-11 05:03:40] WARNING: TEMPLATE_PROCESSOR: Variable no encontrada: #if @even | Usuario: hostpanish (ID: 1) | IP: ::1
[2025-07-11 05:03:40] WARNING: TEMPLATE_PROCESSOR: Variable no encontrada: else | Usuario: hostpanish (ID: 1) | IP: ::1
[2025-07-11 05:03:40] WARNING: TEMPLATE_PROCESSOR: Variable no encontrada: descripcion | Usuario: hostpanish (ID: 1) | IP: ::1
[2025-07-11 05:03:40] WARNING: TEMPLATE_PROCESSOR: Variable no encontrada: descripcion | Usuario: hostpanish (ID: 1) | IP: ::1
[2025-07-11 05:03:40] WARNING: TEMPLATE_PROCESSOR: Variable no encontrada: cotizacion.folio | Usuario: hostpanish (ID: 1) | IP: ::1
[2025-07-11 05:03:40] INFO: TEMPLATE_PROCESSOR: Plantilla procesada exitosamente | Usuario: hostpanish (ID: 1) | IP: ::1
[2025-07-11 05:11:17] INFO: TEMPLATE_PROCESSOR: Procesando preview de plantilla | Usuario: hostpanish (ID: 1) | IP: ::1
[2025-07-11 05:11:17] INFO: TEMPLATE_PROCESSOR: Procesando plantilla ID 4 para cotización 26 | Usuario: hostpanish (ID: 1) | IP: ::1
[2025-07-11 05:11:17] WARNING: TEMPLATE_PROCESSOR: Variable no encontrada: @first | Usuario: hostpanish (ID: 1) | IP: ::1
[2025-07-11 05:11:17] WARNING: TEMPLATE_PROCESSOR: Variable no encontrada: else | Usuario: hostpanish (ID: 1) | IP: ::1
[2025-07-11 05:11:17] WARNING: TEMPLATE_PROCESSOR: Variable no encontrada: #if @even | Usuario: hostpanish (ID: 1) | IP: ::1
[2025-07-11 05:11:17] WARNING: TEMPLATE_PROCESSOR: Variable no encontrada: else | Usuario: hostpanish (ID: 1) | IP: ::1
[2025-07-11 05:11:17] WARNING: TEMPLATE_PROCESSOR: Variable no encontrada: descripcion | Usuario: hostpanish (ID: 1) | IP: ::1
[2025-07-11 05:11:17] WARNING: TEMPLATE_PROCESSOR: Variable no encontrada: descripcion | Usuario: hostpanish (ID: 1) | IP: ::1
[2025-07-11 05:11:17] WARNING: TEMPLATE_PROCESSOR: Variable no encontrada: cotizacion.folio | Usuario: hostpanish (ID: 1) | IP: ::1
[2025-07-11 05:11:17] INFO: TEMPLATE_PROCESSOR: Plantilla procesada exitosamente | Usuario: hostpanish (ID: 1) | IP: ::1
[2025-07-11 05:11:41] INFO: TEMPLATE_PROCESSOR: Procesando preview de plantilla | Usuario: hostpanish (ID: 1) | IP: ::1
[2025-07-11 05:11:41] INFO: TEMPLATE_PROCESSOR: Procesando plantilla ID 4 para cotización 26 | Usuario: hostpanish (ID: 1) | IP: ::1
[2025-07-11 05:11:41] WARNING: TEMPLATE_PROCESSOR: Variable no encontrada: @first | Usuario: hostpanish (ID: 1) | IP: ::1
[2025-07-11 05:11:41] WARNING: TEMPLATE_PROCESSOR: Variable no encontrada: else | Usuario: hostpanish (ID: 1) | IP: ::1
[2025-07-11 05:11:41] WARNING: TEMPLATE_PROCESSOR: Variable no encontrada: #if @even | Usuario: hostpanish (ID: 1) | IP: ::1
[2025-07-11 05:11:41] WARNING: TEMPLATE_PROCESSOR: Variable no encontrada: else | Usuario: hostpanish (ID: 1) | IP: ::1
[2025-07-11 05:11:41] WARNING: TEMPLATE_PROCESSOR: Variable no encontrada: descripcion | Usuario: hostpanish (ID: 1) | IP: ::1
[2025-07-11 05:11:41] WARNING: TEMPLATE_PROCESSOR: Variable no encontrada: descripcion | Usuario: hostpanish (ID: 1) | IP: ::1
[2025-07-11 05:11:41] WARNING: TEMPLATE_PROCESSOR: Variable no encontrada: cotizacion.folio | Usuario: hostpanish (ID: 1) | IP: ::1
[2025-07-11 05:11:41] INFO: TEMPLATE_PROCESSOR: Plantilla procesada exitosamente | Usuario: hostpanish (ID: 1) | IP: ::1
[2025-07-11 05:11:48] INFO: TEMPLATE_PROCESSOR: Procesando preview de plantilla | Usuario: hostpanish (ID: 1) | IP: ::1
[2025-07-11 05:11:48] INFO: TEMPLATE_PROCESSOR: Procesando plantilla ID 4 para cotización 26 | Usuario: hostpanish (ID: 1) | IP: ::1
[2025-07-11 05:11:48] WARNING: TEMPLATE_PROCESSOR: Variable no encontrada: @first | Usuario: hostpanish (ID: 1) | IP: ::1
[2025-07-11 05:11:48] WARNING: TEMPLATE_PROCESSOR: Variable no encontrada: else | Usuario: hostpanish (ID: 1) | IP: ::1
[2025-07-11 05:11:48] WARNING: TEMPLATE_PROCESSOR: Variable no encontrada: #if @even | Usuario: hostpanish (ID: 1) | IP: ::1
[2025-07-11 05:11:48] WARNING: TEMPLATE_PROCESSOR: Variable no encontrada: else | Usuario: hostpanish (ID: 1) | IP: ::1
[2025-07-11 05:11:48] WARNING: TEMPLATE_PROCESSOR: Variable no encontrada: descripcion | Usuario: hostpanish (ID: 1) | IP: ::1
[2025-07-11 05:11:48] WARNING: TEMPLATE_PROCESSOR: Variable no encontrada: descripcion | Usuario: hostpanish (ID: 1) | IP: ::1
[2025-07-11 05:11:48] WARNING: TEMPLATE_PROCESSOR: Variable no encontrada: cotizacion.folio | Usuario: hostpanish (ID: 1) | IP: ::1
[2025-07-11 05:11:48] INFO: TEMPLATE_PROCESSOR: Plantilla procesada exitosamente | Usuario: hostpanish (ID: 1) | IP: ::1
[2025-07-11 05:15:15] INFO: TEMPLATE_PROCESSOR: Procesando preview de plantilla | Usuario: hostpanish (ID: 1) | IP: ::1
[2025-07-11 05:15:15] INFO: TEMPLATE_PROCESSOR: Procesando plantilla ID 4 para cotización 26 | Usuario: hostpanish (ID: 1) | IP: ::1
[2025-07-11 05:15:15] INFO: TEMPLATE_PROCESSOR: Usando tabla de detalles: wp_mv_cotizaciones_items | Usuario: hostpanish (ID: 1) | IP: ::1
[2025-07-11 05:15:15] WARNING: TEMPLATE_PROCESSOR: Variable no encontrada: @first | Usuario: hostpanish (ID: 1) | IP: ::1
[2025-07-11 05:15:15] WARNING: TEMPLATE_PROCESSOR: Variable no encontrada: else | Usuario: hostpanish (ID: 1) | IP: ::1
[2025-07-11 05:15:15] WARNING: TEMPLATE_PROCESSOR: Variable no encontrada: #if @even | Usuario: hostpanish (ID: 1) | IP: ::1
[2025-07-11 05:15:15] WARNING: TEMPLATE_PROCESSOR: Variable no encontrada: else | Usuario: hostpanish (ID: 1) | IP: ::1
[2025-07-11 05:15:15] WARNING: TEMPLATE_PROCESSOR: Variable no encontrada: descripcion | Usuario: hostpanish (ID: 1) | IP: ::1
[2025-07-11 05:15:15] WARNING: TEMPLATE_PROCESSOR: Variable no encontrada: descripcion | Usuario: hostpanish (ID: 1) | IP: ::1
[2025-07-11 05:15:15] WARNING: TEMPLATE_PROCESSOR: Variable no encontrada: @even | Usuario: hostpanish (ID: 1) | IP: ::1
[2025-07-11 05:15:15] WARNING: TEMPLATE_PROCESSOR: Variable no encontrada: else | Usuario: hostpanish (ID: 1) | IP: ::1
[2025-07-11 05:15:15] WARNING: TEMPLATE_PROCESSOR: Variable no encontrada: else | Usuario: hostpanish (ID: 1) | IP: ::1
[2025-07-11 05:15:15] WARNING: TEMPLATE_PROCESSOR: Variable no encontrada: else | Usuario: hostpanish (ID: 1) | IP: ::1
[2025-07-11 05:15:15] WARNING: TEMPLATE_PROCESSOR: Variable no encontrada: @even | Usuario: hostpanish (ID: 1) | IP: ::1
[2025-07-11 05:15:15] WARNING: TEMPLATE_PROCESSOR: Variable no encontrada: else | Usuario: hostpanish (ID: 1) | IP: ::1
[2025-07-11 05:15:15] WARNING: TEMPLATE_PROCESSOR: Variable no encontrada: else | Usuario: hostpanish (ID: 1) | IP: ::1
[2025-07-11 05:15:15] WARNING: TEMPLATE_PROCESSOR: Variable no encontrada: else | Usuario: hostpanish (ID: 1) | IP: ::1
[2025-07-11 05:15:15] WARNING: TEMPLATE_PROCESSOR: Variable no encontrada: cotizacion.folio | Usuario: hostpanish (ID: 1) | IP: ::1
[2025-07-11 05:15:15] WARNING: TEMPLATE_PROCESSOR: Variable no encontrada: else | Usuario: hostpanish (ID: 1) | IP: ::1
[2025-07-11 05:15:15] WARNING: TEMPLATE_PROCESSOR: Variable no encontrada: else | Usuario: hostpanish (ID: 1) | IP: ::1
[2025-07-11 05:15:15] WARNING: TEMPLATE_PROCESSOR: Variable no encontrada: else | Usuario: hostpanish (ID: 1) | IP: ::1
[2025-07-11 05:15:15] WARNING: TEMPLATE_PROCESSOR: Variable no encontrada: else | Usuario: hostpanish (ID: 1) | IP: ::1
[2025-07-11 05:15:15] INFO: TEMPLATE_PROCESSOR: Plantilla procesada exitosamente | Usuario: hostpanish (ID: 1) | IP: ::1
[2025-07-11 05:15:31] INFO: TEMPLATE_PROCESSOR: Procesando preview de plantilla | Usuario: hostpanish (ID: 1) | IP: ::1
[2025-07-11 05:15:31] INFO: TEMPLATE_PROCESSOR: Procesando plantilla ID 4 para cotización 26 | Usuario: hostpanish (ID: 1) | IP: ::1
[2025-07-11 05:15:31] INFO: TEMPLATE_PROCESSOR: Usando tabla de detalles: wp_mv_cotizaciones_items | Usuario: hostpanish (ID: 1) | IP: ::1
[2025-07-11 05:15:31] WARNING: TEMPLATE_PROCESSOR: Variable no encontrada: @first | Usuario: hostpanish (ID: 1) | IP: ::1
[2025-07-11 05:15:31] WARNING: TEMPLATE_PROCESSOR: Variable no encontrada: else | Usuario: hostpanish (ID: 1) | IP: ::1
[2025-07-11 05:15:31] WARNING: TEMPLATE_PROCESSOR: Variable no encontrada: #if @even | Usuario: hostpanish (ID: 1) | IP: ::1
[2025-07-11 05:15:31] WARNING: TEMPLATE_PROCESSOR: Variable no encontrada: else | Usuario: hostpanish (ID: 1) | IP: ::1
[2025-07-11 05:15:31] WARNING: TEMPLATE_PROCESSOR: Variable no encontrada: descripcion | Usuario: hostpanish (ID: 1) | IP: ::1
[2025-07-11 05:15:31] WARNING: TEMPLATE_PROCESSOR: Variable no encontrada: descripcion | Usuario: hostpanish (ID: 1) | IP: ::1
[2025-07-11 05:15:31] WARNING: TEMPLATE_PROCESSOR: Variable no encontrada: @even | Usuario: hostpanish (ID: 1) | IP: ::1
[2025-07-11 05:15:31] WARNING: TEMPLATE_PROCESSOR: Variable no encontrada: else | Usuario: hostpanish (ID: 1) | IP: ::1
[2025-07-11 05:15:31] WARNING: TEMPLATE_PROCESSOR: Variable no encontrada: else | Usuario: hostpanish (ID: 1) | IP: ::1
[2025-07-11 05:15:31] WARNING: TEMPLATE_PROCESSOR: Variable no encontrada: else | Usuario: hostpanish (ID: 1) | IP: ::1
[2025-07-11 05:15:31] WARNING: TEMPLATE_PROCESSOR: Variable no encontrada: @even | Usuario: hostpanish (ID: 1) | IP: ::1
[2025-07-11 05:15:31] WARNING: TEMPLATE_PROCESSOR: Variable no encontrada: else | Usuario: hostpanish (ID: 1) | IP: ::1
[2025-07-11 05:15:31] WARNING: TEMPLATE_PROCESSOR: Variable no encontrada: else | Usuario: hostpanish (ID: 1) | IP: ::1
[2025-07-11 05:15:31] WARNING: TEMPLATE_PROCESSOR: Variable no encontrada: else | Usuario: hostpanish (ID: 1) | IP: ::1
[2025-07-11 05:15:31] WARNING: TEMPLATE_PROCESSOR: Variable no encontrada: cotizacion.folio | Usuario: hostpanish (ID: 1) | IP: ::1
[2025-07-11 05:15:31] WARNING: TEMPLATE_PROCESSOR: Variable no encontrada: else | Usuario: hostpanish (ID: 1) | IP: ::1
[2025-07-11 05:15:31] WARNING: TEMPLATE_PROCESSOR: Variable no encontrada: else | Usuario: hostpanish (ID: 1) | IP: ::1
[2025-07-11 05:15:31] WARNING: TEMPLATE_PROCESSOR: Variable no encontrada: else | Usuario: hostpanish (ID: 1) | IP: ::1
[2025-07-11 05:15:31] WARNING: TEMPLATE_PROCESSOR: Variable no encontrada: else | Usuario: hostpanish (ID: 1) | IP: ::1
[2025-07-11 05:15:31] INFO: TEMPLATE_PROCESSOR: Plantilla procesada exitosamente | Usuario: hostpanish (ID: 1) | IP: ::1
[2025-07-11 05:22:39] INFO: TEMPLATE_PROCESSOR: Procesando preview de plantilla | Usuario: hostpanish (ID: 1) | IP: ::1
[2025-07-11 05:22:39] INFO: TEMPLATE_PROCESSOR: Procesando plantilla ID 4 para cotización 26 | Usuario: hostpanish (ID: 1) | IP: ::1
[2025-07-11 05:22:39] WARNING: TEMPLATE_PROCESSOR: Variable no encontrada: @first | Usuario: hostpanish (ID: 1) | IP: ::1
[2025-07-11 05:22:39] WARNING: TEMPLATE_PROCESSOR: Variable no encontrada: else | Usuario: hostpanish (ID: 1) | IP: ::1
[2025-07-11 05:22:39] WARNING: TEMPLATE_PROCESSOR: Variable no encontrada: #if @even | Usuario: hostpanish (ID: 1) | IP: ::1
[2025-07-11 05:22:39] WARNING: TEMPLATE_PROCESSOR: Variable no encontrada: else | Usuario: hostpanish (ID: 1) | IP: ::1
[2025-07-11 05:22:39] WARNING: TEMPLATE_PROCESSOR: Variable no encontrada: descripcion | Usuario: hostpanish (ID: 1) | IP: ::1
[2025-07-11 05:22:39] WARNING: TEMPLATE_PROCESSOR: Variable no encontrada: descripcion | Usuario: hostpanish (ID: 1) | IP: ::1
[2025-07-11 05:22:39] WARNING: TEMPLATE_PROCESSOR: Variable no encontrada: @even | Usuario: hostpanish (ID: 1) | IP: ::1
[2025-07-11 05:22:39] WARNING: TEMPLATE_PROCESSOR: Variable no encontrada: else | Usuario: hostpanish (ID: 1) | IP: ::1
[2025-07-11 05:22:39] WARNING: TEMPLATE_PROCESSOR: Variable no encontrada: else | Usuario: hostpanish (ID: 1) | IP: ::1
[2025-07-11 05:22:39] WARNING: TEMPLATE_PROCESSOR: Variable no encontrada: else | Usuario: hostpanish (ID: 1) | IP: ::1
[2025-07-11 05:22:39] WARNING: TEMPLATE_PROCESSOR: Variable no encontrada: @even | Usuario: hostpanish (ID: 1) | IP: ::1
[2025-07-11 05:22:39] WARNING: TEMPLATE_PROCESSOR: Variable no encontrada: else | Usuario: hostpanish (ID: 1) | IP: ::1
[2025-07-11 05:22:39] WARNING: TEMPLATE_PROCESSOR: Variable no encontrada: else | Usuario: hostpanish (ID: 1) | IP: ::1
[2025-07-11 05:22:39] WARNING: TEMPLATE_PROCESSOR: Variable no encontrada: else | Usuario: hostpanish (ID: 1) | IP: ::1
[2025-07-11 05:22:39] WARNING: TEMPLATE_PROCESSOR: Variable no encontrada: cotizacion.folio | Usuario: hostpanish (ID: 1) | IP: ::1
[2025-07-11 05:22:39] WARNING: TEMPLATE_PROCESSOR: Variable no encontrada: else | Usuario: hostpanish (ID: 1) | IP: ::1
[2025-07-11 05:22:39] WARNING: TEMPLATE_PROCESSOR: Variable no encontrada: else | Usuario: hostpanish (ID: 1) | IP: ::1
[2025-07-11 05:22:39] WARNING: TEMPLATE_PROCESSOR: Variable no encontrada: else | Usuario: hostpanish (ID: 1) | IP: ::1
[2025-07-11 05:22:39] WARNING: TEMPLATE_PROCESSOR: Variable no encontrada: else | Usuario: hostpanish (ID: 1) | IP: ::1
[2025-07-11 05:22:39] INFO: TEMPLATE_PROCESSOR: Plantilla procesada exitosamente | Usuario: hostpanish (ID: 1) | IP: ::1
[2025-07-11 05:22:46] INFO: TEMPLATE_PROCESSOR: Procesando preview de plantilla | Usuario: hostpanish (ID: 1) | IP: ::1
[2025-07-11 05:22:46] INFO: TEMPLATE_PROCESSOR: Procesando plantilla ID 4 para cotización 26 | Usuario: hostpanish (ID: 1) | IP: ::1
[2025-07-11 05:22:46] WARNING: TEMPLATE_PROCESSOR: Variable no encontrada: @first | Usuario: hostpanish (ID: 1) | IP: ::1
[2025-07-11 05:22:46] WARNING: TEMPLATE_PROCESSOR: Variable no encontrada: else | Usuario: hostpanish (ID: 1) | IP: ::1
[2025-07-11 05:22:46] WARNING: TEMPLATE_PROCESSOR: Variable no encontrada: #if @even | Usuario: hostpanish (ID: 1) | IP: ::1
[2025-07-11 05:22:46] WARNING: TEMPLATE_PROCESSOR: Variable no encontrada: else | Usuario: hostpanish (ID: 1) | IP: ::1
[2025-07-11 05:22:46] WARNING: TEMPLATE_PROCESSOR: Variable no encontrada: descripcion | Usuario: hostpanish (ID: 1) | IP: ::1
[2025-07-11 05:22:46] WARNING: TEMPLATE_PROCESSOR: Variable no encontrada: descripcion | Usuario: hostpanish (ID: 1) | IP: ::1
[2025-07-11 05:22:46] WARNING: TEMPLATE_PROCESSOR: Variable no encontrada: @even | Usuario: hostpanish (ID: 1) | IP: ::1
[2025-07-11 05:22:46] WARNING: TEMPLATE_PROCESSOR: Variable no encontrada: else | Usuario: hostpanish (ID: 1) | IP: ::1
[2025-07-11 05:22:46] WARNING: TEMPLATE_PROCESSOR: Variable no encontrada: else | Usuario: hostpanish (ID: 1) | IP: ::1
[2025-07-11 05:22:46] WARNING: TEMPLATE_PROCESSOR: Variable no encontrada: else | Usuario: hostpanish (ID: 1) | IP: ::1
[2025-07-11 05:22:46] WARNING: TEMPLATE_PROCESSOR: Variable no encontrada: @even | Usuario: hostpanish (ID: 1) | IP: ::1
[2025-07-11 05:22:46] WARNING: TEMPLATE_PROCESSOR: Variable no encontrada: else | Usuario: hostpanish (ID: 1) | IP: ::1
[2025-07-11 05:22:46] WARNING: TEMPLATE_PROCESSOR: Variable no encontrada: else | Usuario: hostpanish (ID: 1) | IP: ::1
[2025-07-11 05:22:46] WARNING: TEMPLATE_PROCESSOR: Variable no encontrada: else | Usuario: hostpanish (ID: 1) | IP: ::1
[2025-07-11 05:22:46] WARNING: TEMPLATE_PROCESSOR: Variable no encontrada: cotizacion.folio | Usuario: hostpanish (ID: 1) | IP: ::1
[2025-07-11 05:22:46] WARNING: TEMPLATE_PROCESSOR: Variable no encontrada: else | Usuario: hostpanish (ID: 1) | IP: ::1
[2025-07-11 05:22:46] WARNING: TEMPLATE_PROCESSOR: Variable no encontrada: else | Usuario: hostpanish (ID: 1) | IP: ::1
[2025-07-11 05:22:46] WARNING: TEMPLATE_PROCESSOR: Variable no encontrada: else | Usuario: hostpanish (ID: 1) | IP: ::1
[2025-07-11 05:22:46] WARNING: TEMPLATE_PROCESSOR: Variable no encontrada: else | Usuario: hostpanish (ID: 1) | IP: ::1
[2025-07-11 05:22:46] INFO: TEMPLATE_PROCESSOR: Plantilla procesada exitosamente | Usuario: hostpanish (ID: 1) | IP: ::1
[2025-07-11 05:28:33] INFO: Plantilla ID 4 actualizada exitosamente | Usuario: hostpanish (ID: 1) | IP: ::1
[2025-07-11 05:28:35] INFO: PDF_TEMPLATES: Generando preview de plantilla | Usuario: hostpanish (ID: 1) | IP: ::1
[2025-07-11 05:28:35] INFO: PDF_TEMPLATES: Processor disponible, procesando contenido... | Usuario: hostpanish (ID: 1) | IP: ::1
[2025-07-11 05:28:35] INFO: PDF_TEMPLATES: Usando datos de prueba | Usuario: hostpanish (ID: 1) | IP: ::1
[2025-07-11 05:28:35] INFO: TEMPLATE_PROCESSOR: Procesando preview de plantilla | Usuario: hostpanish (ID: 1) | IP: ::1
[2025-07-11 05:28:35] INFO: PDF_TEMPLATES: Contenido procesado, preparando directorio... | Usuario: hostpanish (ID: 1) | IP: ::1
[2025-07-11 05:28:35] INFO: PDF_TEMPLATES: Guardando archivo: C:\wamp64\www\gestion-almacenes-bolt/wp-content/uploads/modulo-ventas/previews/preview_66c578728698c82aba29e6e27182d83d.html | Usuario: hostpanish (ID: 1) | IP: ::1
[2025-07-11 05:28:35] INFO: PDF_TEMPLATES: Preview generado exitosamente: http://localhost/gestion-almacenes-bolt/wp-admin/admin-ajax.php?action=mv_servir_preview&file=preview_66c578728698c82aba29e6e27182d83d.html&nonce=b4cccfbcd6 | Usuario: hostpanish (ID: 1) | IP: ::1
[2025-07-11 05:29:43] INFO: TEMPLATE_PROCESSOR: Procesando plantilla ID 4 para cotización 25 | Usuario: hostpanish (ID: 1) | IP: ::1
[2025-07-11 05:29:43] INFO: TEMPLATE_PROCESSOR: Plantilla procesada exitosamente | Usuario: hostpanish (ID: 1) | IP: ::1
[2025-07-11 05:33:10] INFO: TEMPLATE_PROCESSOR: Procesando plantilla ID 4 para cotización 25 | Usuario: hostpanish (ID: 1) | IP: ::1
[2025-07-11 05:33:10] INFO: TEMPLATE_PROCESSOR: Plantilla procesada exitosamente | Usuario: hostpanish (ID: 1) | IP: ::1
[2025-07-11 05:38:45] INFO: TEMPLATE_PROCESSOR: Procesando preview de plantilla | Usuario: hostpanish (ID: 1) | IP: ::1
[2025-07-11 05:44:26] INFO: TEMPLATE_PROCESSOR: Procesando plantilla ID 4 para cotización 26 | Usuario: hostpanish (ID: 1) | IP: ::1
[2025-07-11 05:44:26] INFO: TEMPLATE_PROCESSOR: Plantilla procesada exitosamente | Usuario: hostpanish (ID: 1) | IP: ::1
[2025-07-11 05:44:26] INFO: TEMPLATE_PROCESSOR: Procesando plantilla ID 4 para cotización 26 | Usuario: hostpanish (ID: 1) | IP: ::1
[2025-07-11 05:44:26] INFO: TEMPLATE_PROCESSOR: Plantilla procesada exitosamente | Usuario: hostpanish (ID: 1) | IP: ::1
[2025-07-11 05:56:15] INFO: TEMPLATE_PROCESSOR: Procesando plantilla ID 4 para cotización 26 | Usuario: hostpanish (ID: 1) | IP: ::1
[2025-07-11 05:56:15] INFO: TEMPLATE_PROCESSOR: Plantilla procesada exitosamente | Usuario: hostpanish (ID: 1) | IP: ::1
[2025-07-11 05:56:16] EMERGENCY: Error Fatal: Uncaught TypeError: array_push(): Argument #1 ($array) must be of type array, null given in C:\wamp64\www\gestion-almacenes-bolt\wp-content\plugins\modulo-de-ventas\vendor\tecnickcom\tcpdf\tcpdf.php:18398
Stack trace:
#0 C:\wamp64\www\gestion-almacenes-bolt\wp-content\plugins\modulo-de-ventas\vendor\tecnickcom\tcpdf\tcpdf.php(18398): array_push(NULL, Array)
#1 C:\wamp64\www\gestion-almacenes-bolt\wp-content\plugins\modulo-de-ventas\includes\class-modulo-ventas-pdf.php(1052): TCPDF->writeHTML('<style>\r\n      ...', true, false, true, false, '')
#2 C:\wamp64\www\gestion-almacenes-bolt\wp-content\plugins\modulo-de-ventas\includes\class-modulo-ventas-pdf.php(987): Modulo_Ventas_PDF->convertir_html_a_pdf('<!DOCTYPE html>...', 26)
#3 C:\wamp64\www\gestion-almacenes-bolt\wp-content\plugins\modulo-de-ventas\modulo-ventas.php(1973): Modulo_Ventas_PDF->generar_pdf_desde_plantilla(26)
#4 C:\wamp64\www\gestion-almacenes-bolt\wp-includes\class-wp-hook.php(324): {closure}('')
#5 C:\wamp64\www\gestion-almacenes-bolt\wp-includes\class-wp-hook.php(348): WP_Hook->apply_filters('', Array)
#6 C:\wamp64\www\gestion-almacenes-bolt\wp-includes\plugin.php(517): WP_Hook->do_action(Array)
#7 C:\wamp64\www\gestion-almacenes-bolt\wp-admin\admin-ajax.php(192): do_action('wp_ajax_mv_test...')
#8 {main}
  thrown | Usuario: hostpanish (ID: 1) | IP: ::1 | Contexto: {"file":"C:\\wamp64\\www\\gestion-almacenes-bolt\\wp-content\\plugins\\modulo-de-ventas\\vendor\\tecnickcom\\tcpdf\\tcpdf.php","line":18398,"type":1}
[2025-07-11 05:57:12] INFO: TEMPLATE_PROCESSOR: Procesando plantilla ID 4 para cotización 25 | Usuario: hostpanish (ID: 1) | IP: ::1
[2025-07-11 05:57:12] INFO: TEMPLATE_PROCESSOR: Plantilla procesada exitosamente | Usuario: hostpanish (ID: 1) | IP: ::1
[2025-07-11 05:57:12] EMERGENCY: Error Fatal: Uncaught TypeError: array_push(): Argument #1 ($array) must be of type array, null given in C:\wamp64\www\gestion-almacenes-bolt\wp-content\plugins\modulo-de-ventas\vendor\tecnickcom\tcpdf\tcpdf.php:18398
Stack trace:
#0 C:\wamp64\www\gestion-almacenes-bolt\wp-content\plugins\modulo-de-ventas\vendor\tecnickcom\tcpdf\tcpdf.php(18398): array_push(NULL, Array)
#1 C:\wamp64\www\gestion-almacenes-bolt\wp-content\plugins\modulo-de-ventas\includes\class-modulo-ventas-pdf.php(1052): TCPDF->writeHTML('<style>\r\n      ...', true, false, true, false, '')
#2 C:\wamp64\www\gestion-almacenes-bolt\wp-content\plugins\modulo-de-ventas\includes\class-modulo-ventas-pdf.php(226): Modulo_Ventas_PDF->convertir_html_a_pdf('<!DOCTYPE html>...', 25, Object(stdClass))
#3 C:\wamp64\www\gestion-almacenes-bolt\wp-content\plugins\modulo-de-ventas\admin\class-modulo-ventas-ajax.php(850): Modulo_Ventas_PDF->generar_pdf_cotizacion(25)
#4 C:\wamp64\www\gestion-almacenes-bolt\wp-includes\class-wp-hook.php(324): Modulo_Ventas_Ajax->generar_pdf_cotizacion('')
#5 C:\wamp64\www\gestion-almacenes-bolt\wp-includes\class-wp-hook.php(348): WP_Hook->apply_filters('', Array)
#6 C:\wamp64\www\gestion-almacenes-bolt\wp-includes\plugin.php(517): WP_Hook->do_action(Array)
#7 C:\wamp64\www\gestion-almacenes-bolt\wp-admin\admin-ajax.php(192): do_action('wp_ajax_mv_gene...')
#8 {main}
  thrown | Usuario: hostpanish (ID: 1) | IP: ::1 | Contexto: {"file":"C:\\wamp64\\www\\gestion-almacenes-bolt\\wp-content\\plugins\\modulo-de-ventas\\vendor\\tecnickcom\\tcpdf\\tcpdf.php","line":18398,"type":1}
[2025-07-11 06:12:21] INFO: TEMPLATE_PROCESSOR: Procesando plantilla ID 4 para cotización 25 | Usuario: hostpanish (ID: 1) | IP: ::1
[2025-07-11 06:12:21] INFO: TEMPLATE_PROCESSOR: Plantilla procesada exitosamente | Usuario: hostpanish (ID: 1) | IP: ::1
[2025-07-11 06:25:29] INFO: TEMPLATE_PROCESSOR: Procesando plantilla ID 4 para cotización 25 | Usuario: hostpanish (ID: 1) | IP: ::1
[2025-07-11 06:25:29] INFO: TEMPLATE_PROCESSOR: Plantilla procesada exitosamente | Usuario: hostpanish (ID: 1) | IP: ::1
[2025-07-11 06:25:53] INFO: TEMPLATE_PROCESSOR: Procesando plantilla ID 4 para cotización 25 | Usuario: hostpanish (ID: 1) | IP: ::1
[2025-07-11 06:25:53] INFO: TEMPLATE_PROCESSOR: Plantilla procesada exitosamente | Usuario: hostpanish (ID: 1) | IP: ::1
[2025-07-11 06:26:21] INFO: TEMPLATE_PROCESSOR: Procesando plantilla ID 4 para cotización 25 | Usuario: hostpanish (ID: 1) | IP: ::1
[2025-07-11 06:26:21] INFO: TEMPLATE_PROCESSOR: Plantilla procesada exitosamente | Usuario: hostpanish (ID: 1) | IP: ::1
[2025-07-11 06:29:20] INFO: PDF_TEMPLATES: Iniciando generación con TCPDF para cotización 25 | Usuario: hostpanish (ID: 1) | IP: ::1
[2025-07-11 06:29:20] INFO: PDF_TEMPLATES: Usando método generar_pdf_desde_plantilla | Usuario: hostpanish (ID: 1) | IP: ::1
[2025-07-11 06:29:20] INFO: TEMPLATE_PROCESSOR: Procesando plantilla ID 4 para cotización 25 | Usuario: hostpanish (ID: 1) | IP: ::1
[2025-07-11 06:29:20] INFO: TEMPLATE_PROCESSOR: Plantilla procesada exitosamente | Usuario: hostpanish (ID: 1) | IP: ::1
[2025-07-11 06:29:20] INFO: PDF_TEMPLATES: PDF generado exitosamente: http://localhost/gestion-almacenes-bolt/wp-content/uploads/modulo-ventas/pdfs/cotizacion-25_2025-07-11_02-29-20.pdf | Usuario: hostpanish (ID: 1) | IP: ::1
[2025-07-11 06:29:20] INFO: TEMPLATE_PROCESSOR: Procesando plantilla ID 4 para cotización 25 | Usuario: hostpanish (ID: 1) | IP: ::1
[2025-07-11 06:29:20] INFO: TEMPLATE_PROCESSOR: Plantilla procesada exitosamente | Usuario: hostpanish (ID: 1) | IP: ::1
[2025-07-11 06:29:46] INFO: TEMPLATE_PROCESSOR: Procesando plantilla ID 4 para cotización 25 | Usuario: hostpanish (ID: 1) | IP: ::1
[2025-07-11 06:29:46] INFO: TEMPLATE_PROCESSOR: Plantilla procesada exitosamente | Usuario: hostpanish (ID: 1) | IP: ::1
[2025-07-11 06:38:24] INFO: TEMPLATE_PROCESSOR: Procesando plantilla ID 4 para cotización 25 | Usuario: hostpanish (ID: 1) | IP: ::1
[2025-07-11 06:38:24] INFO: TEMPLATE_PROCESSOR: Plantilla procesada exitosamente | Usuario: hostpanish (ID: 1) | IP: ::1
[2025-07-11 06:44:58] INFO: PDF_TEMPLATES: Iniciando generación con TCPDF para cotización 25 | Usuario: hostpanish (ID: 1) | IP: ::1
[2025-07-11 06:44:58] INFO: PDF_TEMPLATES: Usando método generar_pdf_desde_plantilla | Usuario: hostpanish (ID: 1) | IP: ::1
[2025-07-11 06:44:58] INFO: TEMPLATE_PROCESSOR: Procesando plantilla ID 4 para cotización 25 | Usuario: hostpanish (ID: 1) | IP: ::1
[2025-07-11 06:44:58] INFO: TEMPLATE_PROCESSOR: Plantilla procesada exitosamente | Usuario: hostpanish (ID: 1) | IP: ::1
[2025-07-11 06:44:59] INFO: PDF_TEMPLATES: PDF generado exitosamente: http://localhost/gestion-almacenes-bolt/wp-content/uploads/modulo-ventas/pdfs/cotizacion-25_2025-07-11_02-44-58.pdf | Usuario: hostpanish (ID: 1) | IP: ::1
[2025-07-11 06:45:14] INFO: PDF_TEMPLATES: Iniciando generación con TCPDF para cotización 25 | Usuario: hostpanish (ID: 1) | IP: ::1
[2025-07-11 06:45:14] INFO: PDF_TEMPLATES: Usando método generar_pdf_desde_plantilla | Usuario: hostpanish (ID: 1) | IP: ::1
[2025-07-11 06:45:14] INFO: TEMPLATE_PROCESSOR: Procesando plantilla ID 4 para cotización 25 | Usuario: hostpanish (ID: 1) | IP: ::1
[2025-07-11 06:45:14] INFO: TEMPLATE_PROCESSOR: Plantilla procesada exitosamente | Usuario: hostpanish (ID: 1) | IP: ::1
[2025-07-11 06:45:14] INFO: PDF_TEMPLATES: PDF generado exitosamente: http://localhost/gestion-almacenes-bolt/wp-content/uploads/modulo-ventas/pdfs/cotizacion-25_2025-07-11_02-45-14.pdf | Usuario: hostpanish (ID: 1) | IP: ::1
